{"meta": {"format": 3, "version": "7.10.7", "timestamp": "2025-10-18T23:08:35.127036", "branch_coverage": true, "show_contexts": false}, "files": {"installer/global/commands/lib/plan_modifier.py": {"executed_lines": [1, 17, 18, 19, 20, 21, 23, 24, 26, 28, 29, 32, 35, 36, 37, 40, 41, 42, 43, 44, 45, 47, 48, 50, 58, 59, 60, 69, 70, 71, 72, 73, 75, 77, 80, 81, 82, 91, 92, 93, 94, 95, 97, 98, 100, 102, 103, 105, 108, 109, 122, 132, 133, 135, 168, 170, 171, 172, 206, 207, 208, 209, 210, 211, 213, 270, 280, 281, 282, 283, 284, 285, 287, 309, 388, 396, 397, 399, 400, 401, 403, 404, 405, 408, 411, 418, 420, 422, 430, 431, 432, 434, 435, 436, 437, 438, 440, 442, 443, 445, 446, 447, 448, 451, 458, 460, 462, 466, 524, 531, 532, 533, 534, 535, 536, 538, 539, 542, 543, 544, 545, 546, 548, 553, 556, 563, 565, 567, 574, 578, 579, 580, 581, 582, 584, 586, 589, 590, 591, 592, 595, 602, 604, 610, 681, 688, 689, 690, 691, 692, 693, 695, 696, 697, 698, 699, 700, 702, 705, 709, 710, 713, 716, 723, 725, 727, 734, 738, 739, 740, 741, 742, 745, 746, 748, 750, 753, 754, 755, 756, 759, 760, 764, 771, 773, 779, 786, 790, 791, 792, 793, 794, 797, 798, 800, 802, 805, 806, 807, 808, 811, 815, 817, 818, 821, 822, 823, 824, 827, 828, 829, 830, 831, 834, 841, 843, 849, 871, 873, 874, 875, 876, 879, 880, 881, 883, 884, 885, 886, 887, 890, 892, 893, 894, 896, 897, 898, 899, 900, 901, 902, 904, 906, 907, 908, 909, 910, 911, 912, 917, 920, 926, 927, 928, 930, 937, 944, 946, 948, 954, 955, 956, 959, 962, 964, 966, 968, 969, 970, 971, 972, 974, 975, 976, 977, 979, 980, 981, 982, 983, 988, 1003, 1005, 1006, 1007, 1008, 1010, 1012, 1036, 1037, 1038, 1041, 1044, 1045, 1047, 1048, 1049, 1052, 1053, 1056, 1057, 1068, 1069, 1070, 1072, 1086, 1087, 1088, 1089, 1091, 1092, 1093, 1097], "summary": {"covered_lines": 307, "num_statements": 500, "percent_covered": 56.89149560117302, "percent_covered_display": "57", "missing_lines": 193, "excluded_lines": 0, "num_branches": 182, "num_partial_branches": 23, "covered_branches": 81, "missing_branches": 101}, "missing_lines": [25, 177, 185, 186, 188, 189, 190, 191, 192, 193, 194, 195, 196, 202, 204, 240, 241, 242, 243, 246, 247, 248, 249, 250, 251, 252, 254, 255, 258, 259, 260, 261, 262, 263, 264, 265, 266, 268, 296, 303, 304, 305, 307, 336, 338, 339, 340, 341, 342, 345, 346, 348, 349, 350, 351, 353, 354, 356, 357, 358, 359, 361, 362, 365, 366, 367, 368, 369, 370, 371, 373, 375, 376, 377, 378, 379, 380, 381, 382, 383, 384, 386, 463, 464, 488, 489, 491, 492, 493, 494, 495, 498, 499, 500, 501, 503, 504, 507, 508, 509, 510, 511, 513, 515, 516, 517, 518, 519, 520, 522, 549, 550, 575, 576, 587, 606, 607, 608, 634, 635, 637, 638, 639, 640, 641, 644, 645, 646, 647, 648, 649, 650, 651, 652, 653, 655, 657, 658, 661, 662, 663, 664, 665, 666, 668, 670, 671, 672, 673, 674, 675, 676, 677, 679, 735, 736, 744, 751, 762, 775, 776, 777, 787, 788, 796, 803, 812, 813, 845, 846, 847, 913, 914, 915, 984, 985, 986, 989, 990, 991, 992, 993, 994, 995, 996, 998, 999, 1000, 1001, 1058, 1063, 1064, 1066], "excluded_lines": [], "executed_branches": [[171, 172], [399, 400], [399, 403], [403, 404], [403, 408], [430, 431], [430, 434], [436, 437], [436, 438], [442, 443], [442, 445], [447, 448], [447, 462], [534, 535], [534, 538], [543, 544], [543, 545], [545, 546], [545, 548], [548, 553], [574, 578], [580, 581], [580, 582], [586, 589], [591, 592], [691, 692], [691, 695], [696, 697], [696, 698], [698, 699], [698, 702], [709, 710], [709, 713], [734, 738], [740, 741], [740, 746], [741, 742], [750, 753], [755, 756], [759, 760], [786, 790], [792, 793], [792, 798], [793, 794], [802, 805], [807, 808], [811, 815], [823, 824], [823, 827], [830, 831], [830, 834], [893, 894], [893, 896], [897, 898], [897, 904], [907, 908], [907, 917], [910, 911], [910, 920], [954, 955], [954, 959], [964, 966], [964, 979], [966, 968], [966, 972], [970, 971], [972, 974], [976, 977], [979, 980], [979, 988], [981, 982], [982, 983], [988, 1003], [1003, 1005], [1005, 1006], [1036, 1037], [1036, 1041], [1047, 1048], [1047, 1052], [1092, -1072], [1092, 1093]], "missing_branches": [[171, 177], [188, 189], [188, 190], [190, 191], [190, 193], [193, 194], [193, 195], [195, 196], [195, 204], [246, 247], [246, 254], [248, 249], [248, 250], [250, 251], [250, 252], [304, 305], [304, 307], [349, 350], [349, 353], [350, 351], [350, 354], [357, 358], [357, 361], [358, 359], [358, 362], [375, 376], [375, 377], [377, 378], [377, 379], [379, 380], [379, 381], [381, 382], [381, 383], [383, 384], [383, 386], [499, 500], [499, 503], [500, 501], [500, 504], [515, 516], [515, 517], [517, 518], [517, 519], [519, 520], [519, 522], [548, 549], [574, 575], [586, 587], [591, 606], [645, 646], [645, 657], [646, 647], [646, 658], [647, 648], [647, 655], [652, 646], [652, 653], [670, 671], [670, 672], [672, 673], [672, 674], [674, 675], [674, 676], [676, 677], [676, 679], [734, 735], [741, 744], [750, 751], [755, 775], [759, 762], [786, 787], [793, 796], [802, 803], [807, 845], [811, 812], [970, 1010], [972, 1010], [976, 1010], [981, 984], [982, 1010], [984, 985], [984, 1010], [985, 986], [985, 1010], [988, 989], [990, 991], [990, 993], [991, 992], [991, 1010], [993, 994], [993, 996], [994, 995], [994, 1010], [996, 998], [996, 1010], [998, 999], [998, 1010], [999, 998], [999, 1000], [1003, 1010], [1005, 1010]], "functions": {"ModificationCategory.display_name": {"executed_lines": [50], "summary": {"covered_lines": 1, "num_statements": 1, "percent_covered": 100.0, "percent_covered_display": "100", "missing_lines": 0, "excluded_lines": 0, "num_branches": 0, "num_partial_branches": 0, "covered_branches": 0, "missing_branches": 0}, "missing_lines": [], "excluded_lines": [], "executed_branches": [], "missing_branches": []}, "ModificationRecord.__str__": {"executed_lines": [77], "summary": {"covered_lines": 1, "num_statements": 1, "percent_covered": 100.0, "percent_covered_display": "100", "missing_lines": 0, "excluded_lines": 0, "num_branches": 0, "num_partial_branches": 0, "covered_branches": 0, "missing_branches": 0}, "missing_lines": [], "excluded_lines": [], "executed_branches": [], "missing_branches": []}, "ModificationSession.has_modifications": {"executed_lines": [100], "summary": {"covered_lines": 1, "num_statements": 1, "percent_covered": 100.0, "percent_covered_display": "100", "missing_lines": 0, "excluded_lines": 0, "num_branches": 0, "num_partial_branches": 0, "covered_branches": 0, "missing_branches": 0}, "missing_lines": [], "excluded_lines": [], "executed_branches": [], "missing_branches": []}, "ModificationSession.modification_count": {"executed_lines": [105], "summary": {"covered_lines": 1, "num_statements": 1, "percent_covered": 100.0, "percent_covered_display": "100", "missing_lines": 0, "excluded_lines": 0, "num_branches": 0, "num_partial_branches": 0, "covered_branches": 0, "missing_branches": 0}, "missing_lines": [], "excluded_lines": [], "executed_branches": [], "missing_branches": []}, "PlanModifier.__init__": {"executed_lines": [132, 133], "summary": {"covered_lines": 2, "num_statements": 2, "percent_covered": 100.0, "percent_covered_display": "100", "missing_lines": 0, "excluded_lines": 0, "num_branches": 0, "num_partial_branches": 0, "covered_branches": 0, "missing_branches": 0}, "missing_lines": [], "excluded_lines": [], "executed_branches": [], "missing_branches": []}, "PlanModifier.run_interactive_session": {"executed_lines": [168, 170, 171, 172, 206, 207, 208, 209, 210, 211], "summary": {"covered_lines": 10, "num_statements": 24, "percent_covered": 32.35294117647059, "percent_covered_display": "32", "missing_lines": 14, "excluded_lines": 0, "num_branches": 10, "num_partial_branches": 1, "covered_branches": 1, "missing_branches": 9}, "missing_lines": [177, 185, 186, 188, 189, 190, 191, 192, 193, 194, 195, 196, 202, 204], "excluded_lines": [], "executed_branches": [[171, 172]], "missing_branches": [[171, 177], [188, 189], [188, 190], [190, 191], [190, 193], [193, 194], [193, 195], [195, 196], [195, 204]]}, "PlanModifier._display_modification_menu": {"executed_lines": [], "summary": {"covered_lines": 0, "num_statements": 23, "percent_covered": 0.0, "percent_covered_display": "0", "missing_lines": 23, "excluded_lines": 0, "num_branches": 6, "num_partial_branches": 0, "covered_branches": 0, "missing_branches": 6}, "missing_lines": [240, 241, 242, 243, 246, 247, 248, 249, 250, 251, 252, 254, 255, 258, 259, 260, 261, 262, 263, 264, 265, 266, 268], "excluded_lines": [], "executed_branches": [], "missing_branches": [[246, 247], [246, 254], [248, 249], [248, 250], [250, 251], [250, 252]]}, "PlanModifier._get_user_choice": {"executed_lines": [280, 281, 282, 283, 284, 285], "summary": {"covered_lines": 6, "num_statements": 6, "percent_covered": 100.0, "percent_covered_display": "100", "missing_lines": 0, "excluded_lines": 0, "num_branches": 0, "num_partial_branches": 0, "covered_branches": 0, "missing_branches": 0}, "missing_lines": [], "excluded_lines": [], "executed_branches": [], "missing_branches": []}, "PlanModifier._handle_category_modification": {"executed_lines": [], "summary": {"covered_lines": 0, "num_statements": 5, "percent_covered": 0.0, "percent_covered_display": "0", "missing_lines": 5, "excluded_lines": 0, "num_branches": 2, "num_partial_branches": 0, "covered_branches": 0, "missing_branches": 2}, "missing_lines": [296, 303, 304, 305, 307], "excluded_lines": [], "executed_branches": [], "missing_branches": [[304, 305], [304, 307]]}, "PlanModifier._modify_files": {"executed_lines": [], "summary": {"covered_lines": 0, "num_statements": 39, "percent_covered": 0.0, "percent_covered_display": "0", "missing_lines": 39, "excluded_lines": 0, "num_branches": 18, "num_partial_branches": 0, "covered_branches": 0, "missing_branches": 18}, "missing_lines": [336, 338, 339, 340, 341, 342, 345, 346, 348, 349, 350, 351, 353, 354, 356, 357, 358, 359, 361, 362, 365, 366, 367, 368, 369, 370, 371, 373, 375, 376, 377, 378, 379, 380, 381, 382, 383, 384, 386], "excluded_lines": [], "executed_branches": [], "missing_branches": [[349, 350], [349, 353], [350, 351], [350, 354], [357, 358], [357, 361], [358, 359], [358, 362], [375, 376], [375, 377], [377, 378], [377, 379], [379, 380], [379, 381], [381, 382], [381, 383], [383, 384], [383, 386]]}, "PlanModifier._add_file": {"executed_lines": [396, 397, 399, 400, 401, 403, 404, 405, 408, 411, 418, 420], "summary": {"covered_lines": 12, "num_statements": 12, "percent_covered": 100.0, "percent_covered_display": "100", "missing_lines": 0, "excluded_lines": 0, "num_branches": 4, "num_partial_branches": 0, "covered_branches": 4, "missing_branches": 0}, "missing_lines": [], "excluded_lines": [], "executed_branches": [[399, 400], [399, 403], [403, 404], [403, 408]], "missing_branches": []}, "PlanModifier._remove_file": {"executed_lines": [430, 431, 432, 434, 435, 436, 437, 438, 440, 442, 443, 445, 446, 447, 448, 451, 458, 460, 462], "summary": {"covered_lines": 19, "num_statements": 21, "percent_covered": 93.10344827586206, "percent_covered_display": "93", "missing_lines": 2, "excluded_lines": 0, "num_branches": 8, "num_partial_branches": 0, "covered_branches": 8, "missing_branches": 0}, "missing_lines": [463, 464], "excluded_lines": [], "executed_branches": [[430, 431], [430, 434], [436, 437], [436, 438], [442, 443], [442, 445], [447, 448], [447, 462]], "missing_branches": []}, "PlanModifier._modify_dependencies": {"executed_lines": [], "summary": {"covered_lines": 0, "num_statements": 26, "percent_covered": 0.0, "percent_covered_display": "0", "missing_lines": 26, "excluded_lines": 0, "num_branches": 10, "num_partial_branches": 0, "covered_branches": 0, "missing_branches": 10}, "missing_lines": [488, 489, 491, 492, 493, 494, 495, 498, 499, 500, 501, 503, 504, 507, 508, 509, 510, 511, 513, 515, 516, 517, 518, 519, 520, 522], "excluded_lines": [], "executed_branches": [], "missing_branches": [[499, 500], [499, 503], [500, 501], [500, 504], [515, 516], [515, 517], [517, 518], [517, 519], [519, 520], [519, 522]]}, "PlanModifier._add_dependency": {"executed_lines": [531, 532, 533, 534, 535, 536, 538, 539, 542, 543, 544, 545, 546, 548, 553, 556, 563, 565], "summary": {"covered_lines": 18, "num_statements": 20, "percent_covered": 89.28571428571429, "percent_covered_display": "89", "missing_lines": 2, "excluded_lines": 0, "num_branches": 8, "num_partial_branches": 1, "covered_branches": 7, "missing_branches": 1}, "missing_lines": [549, 550], "excluded_lines": [], "executed_branches": [[534, 535], [534, 538], [543, 544], [543, 545], [545, 546], [545, 548], [548, 553]], "missing_branches": [[548, 549]]}, "PlanModifier._remove_dependency": {"executed_lines": [574, 578, 579, 580, 581, 582, 584, 586, 589, 590, 591, 592, 595, 602, 604], "summary": {"covered_lines": 15, "num_statements": 21, "percent_covered": 68.96551724137932, "percent_covered_display": "69", "missing_lines": 6, "excluded_lines": 0, "num_branches": 8, "num_partial_branches": 3, "covered_branches": 5, "missing_branches": 3}, "missing_lines": [575, 576, 587, 606, 607, 608], "excluded_lines": [], "executed_branches": [[574, 578], [580, 581], [580, 582], [586, 589], [591, 592]], "missing_branches": [[574, 575], [586, 587], [591, 606]]}, "PlanModifier._modify_risks": {"executed_lines": [], "summary": {"covered_lines": 0, "num_statements": 36, "percent_covered": 0.0, "percent_covered_display": "0", "missing_lines": 36, "excluded_lines": 0, "num_branches": 16, "num_partial_branches": 0, "covered_branches": 0, "missing_branches": 16}, "missing_lines": [634, 635, 637, 638, 639, 640, 641, 644, 645, 646, 647, 648, 649, 650, 651, 652, 653, 655, 657, 658, 661, 662, 663, 664, 665, 666, 668, 670, 671, 672, 673, 674, 675, 676, 677, 679], "excluded_lines": [], "executed_branches": [], "missing_branches": [[645, 646], [645, 657], [646, 647], [646, 658], [647, 648], [647, 655], [652, 646], [652, 653], [670, 671], [670, 672], [672, 673], [672, 674], [674, 675], [674, 676], [676, 677], [676, 679]]}, "PlanModifier._add_risk": {"executed_lines": [688, 689, 690, 691, 692, 693, 695, 696, 697, 698, 699, 700, 702, 705, 709, 710, 713, 716, 723, 725], "summary": {"covered_lines": 20, "num_statements": 20, "percent_covered": 100.0, "percent_covered_display": "100", "missing_lines": 0, "excluded_lines": 0, "num_branches": 8, "num_partial_branches": 0, "covered_branches": 8, "missing_branches": 0}, "missing_lines": [], "excluded_lines": [], "executed_branches": [[691, 692], [691, 695], [696, 697], [696, 698], [698, 699], [698, 702], [709, 710], [709, 713]], "missing_branches": []}, "PlanModifier._remove_risk": {"executed_lines": [734, 738, 739, 740, 741, 742, 745, 746, 748, 750, 753, 754, 755, 756, 759, 760, 764, 771, 773], "summary": {"covered_lines": 19, "num_statements": 27, "percent_covered": 66.66666666666667, "percent_covered_display": "67", "missing_lines": 8, "excluded_lines": 0, "num_branches": 12, "num_partial_branches": 5, "covered_branches": 7, "missing_branches": 5}, "missing_lines": [735, 736, 744, 751, 762, 775, 776, 777], "excluded_lines": [], "executed_branches": [[734, 738], [740, 741], [740, 746], [741, 742], [750, 753], [755, 756], [759, 760]], "missing_branches": [[734, 735], [741, 744], [750, 751], [755, 775], [759, 762]]}, "PlanModifier._modify_risk": {"executed_lines": [786, 790, 791, 792, 793, 794, 797, 798, 800, 802, 805, 806, 807, 808, 811, 815, 817, 818, 821, 822, 823, 824, 827, 828, 829, 830, 831, 834, 841, 843], "summary": {"covered_lines": 30, "num_statements": 39, "percent_covered": 74.54545454545455, "percent_covered_display": "75", "missing_lines": 9, "excluded_lines": 0, "num_branches": 16, "num_partial_branches": 5, "covered_branches": 11, "missing_branches": 5}, "missing_lines": [787, 788, 796, 803, 812, 813, 845, 846, 847], "excluded_lines": [], "executed_branches": [[786, 790], [792, 793], [792, 798], [793, 794], [802, 805], [807, 808], [811, 815], [823, 824], [823, 827], [830, 831], [830, 834]], "missing_branches": [[786, 787], [793, 796], [802, 803], [807, 845], [811, 812]]}, "PlanModifier._modify_effort": {"executed_lines": [871, 873, 874, 875, 876, 879, 880, 881, 883, 884, 885, 886, 887, 890, 892, 893, 894, 896, 897, 898, 899, 900, 901, 902, 904, 906, 907, 908, 909, 910, 911, 912, 917, 920, 926, 927, 928, 930, 937, 944, 946], "summary": {"covered_lines": 41, "num_statements": 44, "percent_covered": 94.23076923076923, "percent_covered_display": "94", "missing_lines": 3, "excluded_lines": 0, "num_branches": 8, "num_partial_branches": 0, "covered_branches": 8, "missing_branches": 0}, "missing_lines": [913, 914, 915], "excluded_lines": [], "executed_branches": [[893, 894], [893, 896], [897, 898], [897, 904], [907, 908], [907, 917], [910, 911], [910, 920]], "missing_branches": []}, "PlanModifier._handle_undo": {"executed_lines": [954, 955, 956, 959, 962, 964, 966, 968, 969, 970, 971, 972, 974, 975, 976, 977, 979, 980, 981, 982, 983, 988, 1003, 1005, 1006, 1007, 1008, 1010], "summary": {"covered_lines": 28, "num_statements": 43, "percent_covered": 51.76470588235294, "percent_covered_display": "52", "missing_lines": 15, "excluded_lines": 0, "num_branches": 42, "num_partial_branches": 8, "covered_branches": 16, "missing_branches": 26}, "missing_lines": [984, 985, 986, 989, 990, 991, 992, 993, 994, 995, 996, 998, 999, 1000, 1001], "excluded_lines": [], "executed_branches": [[954, 955], [954, 959], [964, 966], [964, 979], [966, 968], [966, 972], [970, 971], [972, 974], [976, 977], [979, 980], [979, 988], [981, 982], [982, 983], [988, 1003], [1003, 1005], [1005, 1006]], "missing_branches": [[970, 1010], [972, 1010], [976, 1010], [981, 984], [982, 1010], [984, 985], [984, 1010], [985, 986], [985, 1010], [988, 989], [990, 991], [990, 993], [991, 992], [991, 1010], [993, 994], [993, 996], [994, 995], [994, 1010], [996, 998], [996, 1010], [998, 999], [998, 1010], [999, 998], [999, 1000], [1003, 1010], [1005, 1010]]}, "PlanModifier._finalize_modifications": {"executed_lines": [1036, 1037, 1038, 1041, 1044, 1045, 1047, 1048, 1049, 1052, 1053, 1056, 1057, 1068, 1069, 1070], "summary": {"covered_lines": 16, "num_statements": 20, "percent_covered": 83.33333333333333, "percent_covered_display": "83", "missing_lines": 4, "excluded_lines": 0, "num_branches": 4, "num_partial_branches": 0, "covered_branches": 4, "missing_branches": 0}, "missing_lines": [1058, 1063, 1064, 1066], "excluded_lines": [], "executed_branches": [[1036, 1037], [1036, 1041], [1047, 1048], [1047, 1052]], "missing_branches": []}, "PlanModifier._display_modification_summary": {"executed_lines": [1086, 1087, 1088, 1089, 1091, 1092, 1093], "summary": {"covered_lines": 7, "num_statements": 7, "percent_covered": 100.0, "percent_covered_display": "100", "missing_lines": 0, "excluded_lines": 0, "num_branches": 2, "num_partial_branches": 0, "covered_branches": 2, "missing_branches": 0}, "missing_lines": [], "excluded_lines": [], "executed_branches": [[1092, -1072], [1092, 1093]], "missing_branches": []}, "": {"executed_lines": [1, 17, 18, 19, 20, 21, 23, 24, 26, 28, 29, 32, 35, 36, 37, 40, 41, 42, 43, 44, 45, 47, 48, 58, 59, 60, 69, 70, 71, 72, 73, 75, 80, 81, 82, 91, 92, 93, 94, 95, 97, 98, 102, 103, 108, 109, 122, 135, 213, 270, 287, 309, 388, 422, 466, 524, 567, 610, 681, 727, 779, 849, 948, 1012, 1072, 1097], "summary": {"covered_lines": 60, "num_statements": 61, "percent_covered": 98.36065573770492, "percent_covered_display": "98", "missing_lines": 1, "excluded_lines": 0, "num_branches": 0, "num_partial_branches": 0, "covered_branches": 0, "missing_branches": 0}, "missing_lines": [25], "excluded_lines": [], "executed_branches": [], "missing_branches": []}}, "classes": {"PlanModificationError": {"executed_lines": [], "summary": {"covered_lines": 0, "num_statements": 0, "percent_covered": 100.0, "percent_covered_display": "100", "missing_lines": 0, "excluded_lines": 0, "num_branches": 0, "num_partial_branches": 0, "covered_branches": 0, "missing_branches": 0}, "missing_lines": [], "excluded_lines": [], "executed_branches": [], "missing_branches": []}, "ModificationCategory": {"executed_lines": [50], "summary": {"covered_lines": 1, "num_statements": 1, "percent_covered": 100.0, "percent_covered_display": "100", "missing_lines": 0, "excluded_lines": 0, "num_branches": 0, "num_partial_branches": 0, "covered_branches": 0, "missing_branches": 0}, "missing_lines": [], "excluded_lines": [], "executed_branches": [], "missing_branches": []}, "ModificationRecord": {"executed_lines": [77], "summary": {"covered_lines": 1, "num_statements": 1, "percent_covered": 100.0, "percent_covered_display": "100", "missing_lines": 0, "excluded_lines": 0, "num_branches": 0, "num_partial_branches": 0, "covered_branches": 0, "missing_branches": 0}, "missing_lines": [], "excluded_lines": [], "executed_branches": [], "missing_branches": []}, "ModificationSession": {"executed_lines": [100, 105], "summary": {"covered_lines": 2, "num_statements": 2, "percent_covered": 100.0, "percent_covered_display": "100", "missing_lines": 0, "excluded_lines": 0, "num_branches": 0, "num_partial_branches": 0, "covered_branches": 0, "missing_branches": 0}, "missing_lines": [], "excluded_lines": [], "executed_branches": [], "missing_branches": []}, "PlanModifier": {"executed_lines": [132, 133, 168, 170, 171, 172, 206, 207, 208, 209, 210, 211, 280, 281, 282, 283, 284, 285, 396, 397, 399, 400, 401, 403, 404, 405, 408, 411, 418, 420, 430, 431, 432, 434, 435, 436, 437, 438, 440, 442, 443, 445, 446, 447, 448, 451, 458, 460, 462, 531, 532, 533, 534, 535, 536, 538, 539, 542, 543, 544, 545, 546, 548, 553, 556, 563, 565, 574, 578, 579, 580, 581, 582, 584, 586, 589, 590, 591, 592, 595, 602, 604, 688, 689, 690, 691, 692, 693, 695, 696, 697, 698, 699, 700, 702, 705, 709, 710, 713, 716, 723, 725, 734, 738, 739, 740, 741, 742, 745, 746, 748, 750, 753, 754, 755, 756, 759, 760, 764, 771, 773, 786, 790, 791, 792, 793, 794, 797, 798, 800, 802, 805, 806, 807, 808, 811, 815, 817, 818, 821, 822, 823, 824, 827, 828, 829, 830, 831, 834, 841, 843, 871, 873, 874, 875, 876, 879, 880, 881, 883, 884, 885, 886, 887, 890, 892, 893, 894, 896, 897, 898, 899, 900, 901, 902, 904, 906, 907, 908, 909, 910, 911, 912, 917, 920, 926, 927, 928, 930, 937, 944, 946, 954, 955, 956, 959, 962, 964, 966, 968, 969, 970, 971, 972, 974, 975, 976, 977, 979, 980, 981, 982, 983, 988, 1003, 1005, 1006, 1007, 1008, 1010, 1036, 1037, 1038, 1041, 1044, 1045, 1047, 1048, 1049, 1052, 1053, 1056, 1057, 1068, 1069, 1070, 1086, 1087, 1088, 1089, 1091, 1092, 1093], "summary": {"covered_lines": 243, "num_statements": 435, "percent_covered": 52.512155591572125, "percent_covered_display": "53", "missing_lines": 192, "excluded_lines": 0, "num_branches": 182, "num_partial_branches": 23, "covered_branches": 81, "missing_branches": 101}, "missing_lines": [177, 185, 186, 188, 189, 190, 191, 192, 193, 194, 195, 196, 202, 204, 240, 241, 242, 243, 246, 247, 248, 249, 250, 251, 252, 254, 255, 258, 259, 260, 261, 262, 263, 264, 265, 266, 268, 296, 303, 304, 305, 307, 336, 338, 339, 340, 341, 342, 345, 346, 348, 349, 350, 351, 353, 354, 356, 357, 358, 359, 361, 362, 365, 366, 367, 368, 369, 370, 371, 373, 375, 376, 377, 378, 379, 380, 381, 382, 383, 384, 386, 463, 464, 488, 489, 491, 492, 493, 494, 495, 498, 499, 500, 501, 503, 504, 507, 508, 509, 510, 511, 513, 515, 516, 517, 518, 519, 520, 522, 549, 550, 575, 576, 587, 606, 607, 608, 634, 635, 637, 638, 639, 640, 641, 644, 645, 646, 647, 648, 649, 650, 651, 652, 653, 655, 657, 658, 661, 662, 663, 664, 665, 666, 668, 670, 671, 672, 673, 674, 675, 676, 677, 679, 735, 736, 744, 751, 762, 775, 776, 777, 787, 788, 796, 803, 812, 813, 845, 846, 847, 913, 914, 915, 984, 985, 986, 989, 990, 991, 992, 993, 994, 995, 996, 998, 999, 1000, 1001, 1058, 1063, 1064, 1066], "excluded_lines": [], "executed_branches": [[171, 172], [399, 400], [399, 403], [403, 404], [403, 408], [430, 431], [430, 434], [436, 437], [436, 438], [442, 443], [442, 445], [447, 448], [447, 462], [534, 535], [534, 538], [543, 544], [543, 545], [545, 546], [545, 548], [548, 553], [574, 578], [580, 581], [580, 582], [586, 589], [591, 592], [691, 692], [691, 695], [696, 697], [696, 698], [698, 699], [698, 702], [709, 710], [709, 713], [734, 738], [740, 741], [740, 746], [741, 742], [750, 753], [755, 756], [759, 760], [786, 790], [792, 793], [792, 798], [793, 794], [802, 805], [807, 808], [811, 815], [823, 824], [823, 827], [830, 831], [830, 834], [893, 894], [893, 896], [897, 898], [897, 904], [907, 908], [907, 917], [910, 911], [910, 920], [954, 955], [954, 959], [964, 966], [964, 979], [966, 968], [966, 972], [970, 971], [972, 974], [976, 977], [979, 980], [979, 988], [981, 982], [982, 983], [988, 1003], [1003, 1005], [1005, 1006], [1036, 1037], [1036, 1041], [1047, 1048], [1047, 1052], [1092, -1072], [1092, 1093]], "missing_branches": [[171, 177], [188, 189], [188, 190], [190, 191], [190, 193], [193, 194], [193, 195], [195, 196], [195, 204], [246, 247], [246, 254], [248, 249], [248, 250], [250, 251], [250, 252], [304, 305], [304, 307], [349, 350], [349, 353], [350, 351], [350, 354], [357, 358], [357, 361], [358, 359], [358, 362], [375, 376], [375, 377], [377, 378], [377, 379], [379, 380], [379, 381], [381, 382], [381, 383], [383, 384], [383, 386], [499, 500], [499, 503], [500, 501], [500, 504], [515, 516], [515, 517], [517, 518], [517, 519], [519, 520], [519, 522], [548, 549], [574, 575], [586, 587], [591, 606], [645, 646], [645, 657], [646, 647], [646, 658], [647, 648], [647, 655], [652, 646], [652, 653], [670, 671], [670, 672], [672, 673], [672, 674], [674, 675], [674, 676], [676, 677], [676, 679], [734, 735], [741, 744], [750, 751], [755, 775], [759, 762], [786, 787], [793, 796], [802, 803], [807, 845], [811, 812], [970, 1010], [972, 1010], [976, 1010], [981, 984], [982, 1010], [984, 985], [984, 1010], [985, 986], [985, 1010], [988, 989], [990, 991], [990, 993], [991, 992], [991, 1010], [993, 994], [993, 996], [994, 995], [994, 1010], [996, 998], [996, 1010], [998, 999], [998, 1010], [999, 998], [999, 1000], [1003, 1010], [1005, 1010]]}, "": {"executed_lines": [1, 17, 18, 19, 20, 21, 23, 24, 26, 28, 29, 32, 35, 36, 37, 40, 41, 42, 43, 44, 45, 47, 48, 58, 59, 60, 69, 70, 71, 72, 73, 75, 80, 81, 82, 91, 92, 93, 94, 95, 97, 98, 102, 103, 108, 109, 122, 135, 213, 270, 287, 309, 388, 422, 466, 524, 567, 610, 681, 727, 779, 849, 948, 1012, 1072, 1097], "summary": {"covered_lines": 60, "num_statements": 61, "percent_covered": 98.36065573770492, "percent_covered_display": "98", "missing_lines": 1, "excluded_lines": 0, "num_branches": 0, "num_partial_branches": 0, "covered_branches": 0, "missing_branches": 0}, "missing_lines": [25], "excluded_lines": [], "executed_branches": [], "missing_branches": []}}}, "installer/global/lib/__init__.py": {"executed_lines": [], "summary": {"covered_lines": 0, "num_statements": 0, "percent_covered": 100.0, "percent_covered_display": "100", "missing_lines": 0, "excluded_lines": 0, "num_branches": 0, "num_partial_branches": 0, "covered_branches": 0, "missing_branches": 0}, "missing_lines": [], "excluded_lines": [], "executed_branches": [], "missing_branches": [], "functions": {"": {"executed_lines": [], "summary": {"covered_lines": 0, "num_statements": 0, "percent_covered": 100.0, "percent_covered_display": "100", "missing_lines": 0, "excluded_lines": 0, "num_branches": 0, "num_partial_branches": 0, "covered_branches": 0, "missing_branches": 0}, "missing_lines": [], "excluded_lines": [], "executed_branches": [], "missing_branches": []}}, "classes": {"": {"executed_lines": [], "summary": {"covered_lines": 0, "num_statements": 0, "percent_covered": 100.0, "percent_covered_display": "100", "missing_lines": 0, "excluded_lines": 0, "num_branches": 0, "num_partial_branches": 0, "covered_branches": 0, "missing_branches": 0}, "missing_lines": [], "excluded_lines": [], "executed_branches": [], "missing_branches": []}}}, "installer/global/lib/config/__init__.py": {"executed_lines": [], "summary": {"covered_lines": 0, "num_statements": 4, "percent_covered": 0.0, "percent_covered_display": "0", "missing_lines": 4, "excluded_lines": 0, "num_branches": 0, "num_partial_branches": 0, "covered_branches": 0, "missing_branches": 0}, "missing_lines": [2, 3, 4, 6], "excluded_lines": [], "executed_branches": [], "missing_branches": [], "functions": {"": {"executed_lines": [], "summary": {"covered_lines": 0, "num_statements": 4, "percent_covered": 0.0, "percent_covered_display": "0", "missing_lines": 4, "excluded_lines": 0, "num_branches": 0, "num_partial_branches": 0, "covered_branches": 0, "missing_branches": 0}, "missing_lines": [2, 3, 4, 6], "excluded_lines": [], "executed_branches": [], "missing_branches": []}}, "classes": {"": {"executed_lines": [], "summary": {"covered_lines": 0, "num_statements": 4, "percent_covered": 0.0, "percent_covered_display": "0", "missing_lines": 4, "excluded_lines": 0, "num_branches": 0, "num_partial_branches": 0, "covered_branches": 0, "missing_branches": 0}, "missing_lines": [2, 3, 4, 6], "excluded_lines": [], "executed_branches": [], "missing_branches": []}}}, "installer/global/lib/config/config_schema.py": {"executed_lines": [], "summary": {"covered_lines": 0, "num_statements": 58, "percent_covered": 0.0, "percent_covered_display": "0", "missing_lines": 58, "excluded_lines": 0, "num_branches": 8, "num_partial_branches": 0, "covered_branches": 0, "missing_branches": 8}, "missing_lines": [2, 3, 6, 9, 10, 11, 13, 14, 15, 19, 21, 23, 24, 31, 34, 35, 38, 41, 42, 45, 48, 49, 50, 51, 53, 54, 55, 58, 59, 60, 61, 63, 64, 65, 67, 70, 73, 74, 75, 78, 81, 82, 84, 94, 95, 96, 99, 102, 103, 104, 105, 106, 107, 108, 110, 113, 116, 117], "excluded_lines": [], "executed_branches": [], "missing_branches": [[23, -21], [23, 24], [64, 65], [64, 67], [94, 95], [94, 96], [116, -110], [116, 117]], "functions": {"ThresholdConfig.validate_threshold_ordering": {"executed_lines": [], "summary": {"covered_lines": 0, "num_statements": 1, "percent_covered": 0.0, "percent_covered_display": "0", "missing_lines": 1, "excluded_lines": 0, "num_branches": 0, "num_partial_branches": 0, "covered_branches": 0, "missing_branches": 0}, "missing_lines": [19], "excluded_lines": [], "executed_branches": [], "missing_branches": []}, "ThresholdConfig.validate_ordering": {"executed_lines": [], "summary": {"covered_lines": 0, "num_statements": 2, "percent_covered": 0.0, "percent_covered_display": "0", "missing_lines": 2, "excluded_lines": 0, "num_branches": 2, "num_partial_branches": 0, "covered_branches": 0, "missing_branches": 2}, "missing_lines": [23, 24], "excluded_lines": [], "executed_branches": [], "missing_branches": [[23, -21], [23, 24]]}, "Weights.validate_weights_sum": {"executed_lines": [], "summary": {"covered_lines": 0, "num_statements": 8, "percent_covered": 0.0, "percent_covered_display": "0", "missing_lines": 8, "excluded_lines": 0, "num_branches": 2, "num_partial_branches": 0, "covered_branches": 0, "missing_branches": 2}, "missing_lines": [58, 59, 60, 61, 63, 64, 65, 67], "excluded_lines": [], "executed_branches": [], "missing_branches": [[64, 65], [64, 67]]}, "ThresholdsConfig.get_for_stack": {"executed_lines": [], "summary": {"covered_lines": 0, "num_statements": 3, "percent_covered": 0.0, "percent_covered_display": "0", "missing_lines": 3, "excluded_lines": 0, "num_branches": 2, "num_partial_branches": 0, "covered_branches": 0, "missing_branches": 2}, "missing_lines": [94, 95, 96], "excluded_lines": [], "executed_branches": [], "missing_branches": [[94, 95], [94, 96]]}, "ConfigSchema.model_post_init": {"executed_lines": [], "summary": {"covered_lines": 0, "num_statements": 3, "percent_covered": 0.0, "percent_covered_display": "0", "missing_lines": 3, "excluded_lines": 0, "num_branches": 2, "num_partial_branches": 0, "covered_branches": 0, "missing_branches": 2}, "missing_lines": [113, 116, 117], "excluded_lines": [], "executed_branches": [], "missing_branches": [[116, -110], [116, 117]]}, "": {"executed_lines": [], "summary": {"covered_lines": 0, "num_statements": 41, "percent_covered": 0.0, "percent_covered_display": "0", "missing_lines": 41, "excluded_lines": 0, "num_branches": 0, "num_partial_branches": 0, "covered_branches": 0, "missing_branches": 0}, "missing_lines": [2, 3, 6, 9, 10, 11, 13, 14, 15, 21, 31, 34, 35, 38, 41, 42, 45, 48, 49, 50, 51, 53, 54, 55, 70, 73, 74, 75, 78, 81, 82, 84, 99, 102, 103, 104, 105, 106, 107, 108, 110], "excluded_lines": [], "executed_branches": [], "missing_branches": []}}, "classes": {"ThresholdConfig": {"executed_lines": [], "summary": {"covered_lines": 0, "num_statements": 3, "percent_covered": 0.0, "percent_covered_display": "0", "missing_lines": 3, "excluded_lines": 0, "num_branches": 2, "num_partial_branches": 0, "covered_branches": 0, "missing_branches": 2}, "missing_lines": [19, 23, 24], "excluded_lines": [], "executed_branches": [], "missing_branches": [[23, -21], [23, 24]]}, "ForceTriggers": {"executed_lines": [], "summary": {"covered_lines": 0, "num_statements": 0, "percent_covered": 100.0, "percent_covered_display": "100", "missing_lines": 0, "excluded_lines": 0, "num_branches": 0, "num_partial_branches": 0, "covered_branches": 0, "missing_branches": 0}, "missing_lines": [], "excluded_lines": [], "executed_branches": [], "missing_branches": []}, "Timeouts": {"executed_lines": [], "summary": {"covered_lines": 0, "num_statements": 0, "percent_covered": 100.0, "percent_covered_display": "100", "missing_lines": 0, "excluded_lines": 0, "num_branches": 0, "num_partial_branches": 0, "covered_branches": 0, "missing_branches": 0}, "missing_lines": [], "excluded_lines": [], "executed_branches": [], "missing_branches": []}, "Weights": {"executed_lines": [], "summary": {"covered_lines": 0, "num_statements": 8, "percent_covered": 0.0, "percent_covered_display": "0", "missing_lines": 8, "excluded_lines": 0, "num_branches": 2, "num_partial_branches": 0, "covered_branches": 0, "missing_branches": 2}, "missing_lines": [58, 59, 60, 61, 63, 64, 65, 67], "excluded_lines": [], "executed_branches": [], "missing_branches": [[64, 65], [64, 67]]}, "MetricsConfig": {"executed_lines": [], "summary": {"covered_lines": 0, "num_statements": 0, "percent_covered": 100.0, "percent_covered_display": "100", "missing_lines": 0, "excluded_lines": 0, "num_branches": 0, "num_partial_branches": 0, "covered_branches": 0, "missing_branches": 0}, "missing_lines": [], "excluded_lines": [], "executed_branches": [], "missing_branches": []}, "ThresholdsConfig": {"executed_lines": [], "summary": {"covered_lines": 0, "num_statements": 3, "percent_covered": 0.0, "percent_covered_display": "0", "missing_lines": 3, "excluded_lines": 0, "num_branches": 2, "num_partial_branches": 0, "covered_branches": 0, "missing_branches": 2}, "missing_lines": [94, 95, 96], "excluded_lines": [], "executed_branches": [], "missing_branches": [[94, 95], [94, 96]]}, "ConfigSchema": {"executed_lines": [], "summary": {"covered_lines": 0, "num_statements": 3, "percent_covered": 0.0, "percent_covered_display": "0", "missing_lines": 3, "excluded_lines": 0, "num_branches": 2, "num_partial_branches": 0, "covered_branches": 0, "missing_branches": 2}, "missing_lines": [113, 116, 117], "excluded_lines": [], "executed_branches": [], "missing_branches": [[116, -110], [116, 117]]}, "": {"executed_lines": [], "summary": {"covered_lines": 0, "num_statements": 41, "percent_covered": 0.0, "percent_covered_display": "0", "missing_lines": 41, "excluded_lines": 0, "num_branches": 0, "num_partial_branches": 0, "covered_branches": 0, "missing_branches": 0}, "missing_lines": [2, 3, 6, 9, 10, 11, 13, 14, 15, 21, 31, 34, 35, 38, 41, 42, 45, 48, 49, 50, 51, 53, 54, 55, 70, 73, 74, 75, 78, 81, 82, 84, 99, 102, 103, 104, 105, 106, 107, 108, 110], "excluded_lines": [], "executed_branches": [], "missing_branches": []}}}, "installer/global/lib/config/defaults.py": {"executed_lines": [], "summary": {"covered_lines": 0, "num_statements": 2, "percent_covered": 0.0, "percent_covered_display": "0", "missing_lines": 2, "excluded_lines": 0, "num_branches": 0, "num_partial_branches": 0, "covered_branches": 0, "missing_branches": 0}, "missing_lines": [2, 5], "excluded_lines": [], "executed_branches": [], "missing_branches": [], "functions": {"": {"executed_lines": [], "summary": {"covered_lines": 0, "num_statements": 2, "percent_covered": 0.0, "percent_covered_display": "0", "missing_lines": 2, "excluded_lines": 0, "num_branches": 0, "num_partial_branches": 0, "covered_branches": 0, "missing_branches": 0}, "missing_lines": [2, 5], "excluded_lines": [], "executed_branches": [], "missing_branches": []}}, "classes": {"": {"executed_lines": [], "summary": {"covered_lines": 0, "num_statements": 2, "percent_covered": 0.0, "percent_covered_display": "0", "missing_lines": 2, "excluded_lines": 0, "num_branches": 0, "num_partial_branches": 0, "covered_branches": 0, "missing_branches": 0}, "missing_lines": [2, 5], "excluded_lines": [], "executed_branches": [], "missing_branches": []}}}, "installer/global/lib/config/plan_review_config.py": {"executed_lines": [], "summary": {"covered_lines": 0, "num_statements": 120, "percent_covered": 0.0, "percent_covered_display": "0", "missing_lines": 120, "excluded_lines": 0, "num_branches": 50, "num_partial_branches": 0, "covered_branches": 0, "missing_branches": 50}, "missing_lines": [2, 3, 4, 6, 7, 8, 11, 22, 23, 24, 26, 28, 29, 30, 32, 34, 35, 37, 40, 43, 44, 45, 46, 47, 48, 51, 52, 53, 59, 60, 61, 62, 63, 65, 72, 75, 76, 77, 80, 81, 82, 83, 86, 87, 88, 89, 90, 91, 92, 93, 96, 97, 98, 99, 100, 102, 104, 115, 117, 118, 119, 121, 123, 125, 133, 135, 145, 147, 154, 155, 156, 157, 159, 166, 167, 168, 169, 171, 183, 184, 187, 189, 190, 192, 193, 194, 195, 197, 199, 211, 212, 215, 216, 217, 218, 219, 221, 223, 233, 234, 235, 236, 238, 240, 247, 254, 261, 262, 263, 264, 266, 273, 275, 282, 284, 286, 287, 288, 290, 297], "excluded_lines": [], "executed_branches": [], "missing_branches": [[28, 29], [28, 30], [34, -32], [34, 35], [44, 45], [44, 51], [47, 48], [47, 51], [52, 53], [52, 59], [75, 76], [75, 80], [80, 81], [80, 86], [82, 83], [82, 86], [86, 87], [86, 96], [89, 90], [89, 91], [96, 97], [96, 102], [98, 99], [98, 100], [117, 118], [117, 123], [118, 119], [118, 121], [155, 156], [155, 157], [167, 168], [167, 169], [192, 193], [192, 194], [194, 195], [194, 197], [211, 212], [211, 215], [215, 216], [215, 221], [217, 218], [217, 221], [218, 217], [218, 219], [233, 234], [233, 235], [235, 236], [235, 238], [262, 263], [262, 264]], "functions": {"PlanReviewConfig.__new__": {"executed_lines": [], "summary": {"covered_lines": 0, "num_statements": 3, "percent_covered": 0.0, "percent_covered_display": "0", "missing_lines": 3, "excluded_lines": 0, "num_branches": 2, "num_partial_branches": 0, "covered_branches": 0, "missing_branches": 2}, "missing_lines": [28, 29, 30], "excluded_lines": [], "executed_branches": [], "missing_branches": [[28, 29], [28, 30]]}, "PlanReviewConfig.__init__": {"executed_lines": [], "summary": {"covered_lines": 0, "num_statements": 2, "percent_covered": 0.0, "percent_covered_display": "0", "missing_lines": 2, "excluded_lines": 0, "num_branches": 2, "num_partial_branches": 0, "covered_branches": 0, "missing_branches": 2}, "missing_lines": [34, 35], "excluded_lines": [], "executed_branches": [], "missing_branches": [[34, -32], [34, 35]]}, "PlanReviewConfig._load_config": {"executed_lines": [], "summary": {"covered_lines": 0, "num_statements": 15, "percent_covered": 0.0, "percent_covered_display": "0", "missing_lines": 15, "excluded_lines": 0, "num_branches": 6, "num_partial_branches": 0, "covered_branches": 0, "missing_branches": 6}, "missing_lines": [40, 43, 44, 45, 46, 47, 48, 51, 52, 53, 59, 60, 61, 62, 63], "excluded_lines": [], "executed_branches": [], "missing_branches": [[44, 45], [44, 51], [47, 48], [47, 51], [52, 53], [52, 59]]}, "PlanReviewConfig._load_env_overrides": {"executed_lines": [], "summary": {"covered_lines": 0, "num_statements": 22, "percent_covered": 0.0, "percent_covered_display": "0", "missing_lines": 22, "excluded_lines": 0, "num_branches": 14, "num_partial_branches": 0, "covered_branches": 0, "missing_branches": 14}, "missing_lines": [72, 75, 76, 77, 80, 81, 82, 83, 86, 87, 88, 89, 90, 91, 92, 93, 96, 97, 98, 99, 100, 102], "excluded_lines": [], "executed_branches": [], "missing_branches": [[75, 76], [75, 80], [80, 81], [80, 86], [82, 83], [82, 86], [86, 87], [86, 96], [89, 90], [89, 91], [96, 97], [96, 102], [98, 99], [98, 100]]}, "PlanReviewConfig._merge_configs": {"executed_lines": [], "summary": {"covered_lines": 0, "num_statements": 6, "percent_covered": 0.0, "percent_covered_display": "0", "missing_lines": 6, "excluded_lines": 0, "num_branches": 4, "num_partial_branches": 0, "covered_branches": 0, "missing_branches": 4}, "missing_lines": [115, 117, 118, 119, 121, 123], "excluded_lines": [], "executed_branches": [], "missing_branches": [[117, 118], [117, 123], [118, 119], [118, 121]]}, "PlanReviewConfig.set_cli_override": {"executed_lines": [], "summary": {"covered_lines": 0, "num_statements": 1, "percent_covered": 0.0, "percent_covered_display": "0", "missing_lines": 1, "excluded_lines": 0, "num_branches": 0, "num_partial_branches": 0, "covered_branches": 0, "missing_branches": 0}, "missing_lines": [133], "excluded_lines": [], "executed_branches": [], "missing_branches": []}, "PlanReviewConfig._get_cli_override": {"executed_lines": [], "summary": {"covered_lines": 0, "num_statements": 1, "percent_covered": 0.0, "percent_covered_display": "0", "missing_lines": 1, "excluded_lines": 0, "num_branches": 0, "num_partial_branches": 0, "covered_branches": 0, "missing_branches": 0}, "missing_lines": [145], "excluded_lines": [], "executed_branches": [], "missing_branches": []}, "PlanReviewConfig.is_enabled": {"executed_lines": [], "summary": {"covered_lines": 0, "num_statements": 4, "percent_covered": 0.0, "percent_covered_display": "0", "missing_lines": 4, "excluded_lines": 0, "num_branches": 2, "num_partial_branches": 0, "covered_branches": 0, "missing_branches": 2}, "missing_lines": [154, 155, 156, 157], "excluded_lines": [], "executed_branches": [], "missing_branches": [[155, 156], [155, 157]]}, "PlanReviewConfig.get_mode": {"executed_lines": [], "summary": {"covered_lines": 0, "num_statements": 4, "percent_covered": 0.0, "percent_covered_display": "0", "missing_lines": 4, "excluded_lines": 0, "num_branches": 2, "num_partial_branches": 0, "covered_branches": 0, "missing_branches": 2}, "missing_lines": [166, 167, 168, 169], "excluded_lines": [], "executed_branches": [], "missing_branches": [[167, 168], [167, 169]]}, "PlanReviewConfig.get_threshold": {"executed_lines": [], "summary": {"covered_lines": 0, "num_statements": 10, "percent_covered": 0.0, "percent_covered_display": "0", "missing_lines": 10, "excluded_lines": 0, "num_branches": 4, "num_partial_branches": 0, "covered_branches": 0, "missing_branches": 4}, "missing_lines": [183, 184, 187, 189, 190, 192, 193, 194, 195, 197], "excluded_lines": [], "executed_branches": [], "missing_branches": [[192, 193], [192, 194], [194, 195], [194, 197]]}, "PlanReviewConfig.should_force_review": {"executed_lines": [], "summary": {"covered_lines": 0, "num_statements": 8, "percent_covered": 0.0, "percent_covered_display": "0", "missing_lines": 8, "excluded_lines": 0, "num_branches": 8, "num_partial_branches": 0, "covered_branches": 0, "missing_branches": 8}, "missing_lines": [211, 212, 215, 216, 217, 218, 219, 221], "excluded_lines": [], "executed_branches": [], "missing_branches": [[211, 212], [211, 215], [215, 216], [215, 221], [217, 218], [217, 221], [218, 217], [218, 219]]}, "PlanReviewConfig.get_timeout": {"executed_lines": [], "summary": {"covered_lines": 0, "num_statements": 5, "percent_covered": 0.0, "percent_covered_display": "0", "missing_lines": 5, "excluded_lines": 0, "num_branches": 4, "num_partial_branches": 0, "covered_branches": 0, "missing_branches": 4}, "missing_lines": [233, 234, 235, 236, 238], "excluded_lines": [], "executed_branches": [], "missing_branches": [[233, 234], [233, 235], [235, 236], [235, 238]]}, "PlanReviewConfig.get_weights": {"executed_lines": [], "summary": {"covered_lines": 0, "num_statements": 1, "percent_covered": 0.0, "percent_covered_display": "0", "missing_lines": 1, "excluded_lines": 0, "num_branches": 0, "num_partial_branches": 0, "covered_branches": 0, "missing_branches": 0}, "missing_lines": [247], "excluded_lines": [], "executed_branches": [], "missing_branches": []}, "PlanReviewConfig.is_metrics_enabled": {"executed_lines": [], "summary": {"covered_lines": 0, "num_statements": 4, "percent_covered": 0.0, "percent_covered_display": "0", "missing_lines": 4, "excluded_lines": 0, "num_branches": 2, "num_partial_branches": 0, "covered_branches": 0, "missing_branches": 2}, "missing_lines": [261, 262, 263, 264], "excluded_lines": [], "executed_branches": [], "missing_branches": [[262, 263], [262, 264]]}, "PlanReviewConfig.get_metrics_retention_days": {"executed_lines": [], "summary": {"covered_lines": 0, "num_statements": 1, "percent_covered": 0.0, "percent_covered_display": "0", "missing_lines": 1, "excluded_lines": 0, "num_branches": 0, "num_partial_branches": 0, "covered_branches": 0, "missing_branches": 0}, "missing_lines": [273], "excluded_lines": [], "executed_branches": [], "missing_branches": []}, "PlanReviewConfig.get_metrics_output_format": {"executed_lines": [], "summary": {"covered_lines": 0, "num_statements": 1, "percent_covered": 0.0, "percent_covered_display": "0", "missing_lines": 1, "excluded_lines": 0, "num_branches": 0, "num_partial_branches": 0, "covered_branches": 0, "missing_branches": 0}, "missing_lines": [282], "excluded_lines": [], "executed_branches": [], "missing_branches": []}, "PlanReviewConfig.reload": {"executed_lines": [], "summary": {"covered_lines": 0, "num_statements": 3, "percent_covered": 0.0, "percent_covered_display": "0", "missing_lines": 3, "excluded_lines": 0, "num_branches": 0, "num_partial_branches": 0, "covered_branches": 0, "missing_branches": 0}, "missing_lines": [286, 287, 288], "excluded_lines": [], "executed_branches": [], "missing_branches": []}, "PlanReviewConfig.get_raw_config": {"executed_lines": [], "summary": {"covered_lines": 0, "num_statements": 1, "percent_covered": 0.0, "percent_covered_display": "0", "missing_lines": 1, "excluded_lines": 0, "num_branches": 0, "num_partial_branches": 0, "covered_branches": 0, "missing_branches": 0}, "missing_lines": [297], "excluded_lines": [], "executed_branches": [], "missing_branches": []}, "": {"executed_lines": [], "summary": {"covered_lines": 0, "num_statements": 28, "percent_covered": 0.0, "percent_covered_display": "0", "missing_lines": 28, "excluded_lines": 0, "num_branches": 0, "num_partial_branches": 0, "covered_branches": 0, "missing_branches": 0}, "missing_lines": [2, 3, 4, 6, 7, 8, 11, 22, 23, 24, 26, 32, 37, 65, 104, 125, 135, 147, 159, 171, 199, 223, 240, 254, 266, 275, 284, 290], "excluded_lines": [], "executed_branches": [], "missing_branches": []}}, "classes": {"PlanReviewConfig": {"executed_lines": [], "summary": {"covered_lines": 0, "num_statements": 92, "percent_covered": 0.0, "percent_covered_display": "0", "missing_lines": 92, "excluded_lines": 0, "num_branches": 50, "num_partial_branches": 0, "covered_branches": 0, "missing_branches": 50}, "missing_lines": [28, 29, 30, 34, 35, 40, 43, 44, 45, 46, 47, 48, 51, 52, 53, 59, 60, 61, 62, 63, 72, 75, 76, 77, 80, 81, 82, 83, 86, 87, 88, 89, 90, 91, 92, 93, 96, 97, 98, 99, 100, 102, 115, 117, 118, 119, 121, 123, 133, 145, 154, 155, 156, 157, 166, 167, 168, 169, 183, 184, 187, 189, 190, 192, 193, 194, 195, 197, 211, 212, 215, 216, 217, 218, 219, 221, 233, 234, 235, 236, 238, 247, 261, 262, 263, 264, 273, 282, 286, 287, 288, 297], "excluded_lines": [], "executed_branches": [], "missing_branches": [[28, 29], [28, 30], [34, -32], [34, 35], [44, 45], [44, 51], [47, 48], [47, 51], [52, 53], [52, 59], [75, 76], [75, 80], [80, 81], [80, 86], [82, 83], [82, 86], [86, 87], [86, 96], [89, 90], [89, 91], [96, 97], [96, 102], [98, 99], [98, 100], [117, 118], [117, 123], [118, 119], [118, 121], [155, 156], [155, 157], [167, 168], [167, 169], [192, 193], [192, 194], [194, 195], [194, 197], [211, 212], [211, 215], [215, 216], [215, 221], [217, 218], [217, 221], [218, 217], [218, 219], [233, 234], [233, 235], [235, 236], [235, 238], [262, 263], [262, 264]]}, "": {"executed_lines": [], "summary": {"covered_lines": 0, "num_statements": 28, "percent_covered": 0.0, "percent_covered_display": "0", "missing_lines": 28, "excluded_lines": 0, "num_branches": 0, "num_partial_branches": 0, "covered_branches": 0, "missing_branches": 0}, "missing_lines": [2, 3, 4, 6, 7, 8, 11, 22, 23, 24, 26, 32, 37, 65, 104, 125, 135, 147, 159, 171, 199, 223, 240, 254, 266, 275, 284, 290], "excluded_lines": [], "executed_branches": [], "missing_branches": []}}}, "installer/global/lib/metrics/__init__.py": {"executed_lines": [], "summary": {"covered_lines": 0, "num_statements": 3, "percent_covered": 0.0, "percent_covered_display": "0", "missing_lines": 3, "excluded_lines": 0, "num_branches": 0, "num_partial_branches": 0, "covered_branches": 0, "missing_branches": 0}, "missing_lines": [2, 3, 5], "excluded_lines": [], "executed_branches": [], "missing_branches": [], "functions": {"": {"executed_lines": [], "summary": {"covered_lines": 0, "num_statements": 3, "percent_covered": 0.0, "percent_covered_display": "0", "missing_lines": 3, "excluded_lines": 0, "num_branches": 0, "num_partial_branches": 0, "covered_branches": 0, "missing_branches": 0}, "missing_lines": [2, 3, 5], "excluded_lines": [], "executed_branches": [], "missing_branches": []}}, "classes": {"": {"executed_lines": [], "summary": {"covered_lines": 0, "num_statements": 3, "percent_covered": 0.0, "percent_covered_display": "0", "missing_lines": 3, "excluded_lines": 0, "num_branches": 0, "num_partial_branches": 0, "covered_branches": 0, "missing_branches": 0}, "missing_lines": [2, 3, 5], "excluded_lines": [], "executed_branches": [], "missing_branches": []}}}, "installer/global/lib/metrics/metrics_storage.py": {"executed_lines": [], "summary": {"covered_lines": 0, "num_statements": 80, "percent_covered": 0.0, "percent_covered_display": "0", "missing_lines": 80, "excluded_lines": 0, "num_branches": 24, "num_partial_branches": 0, "covered_branches": 0, "missing_branches": 24}, "missing_lines": [2, 3, 4, 5, 7, 10, 13, 20, 21, 23, 25, 28, 31, 32, 33, 34, 36, 47, 48, 51, 52, 53, 54, 55, 56, 58, 65, 66, 68, 69, 71, 72, 74, 75, 76, 78, 79, 80, 81, 83, 84, 85, 87, 89, 99, 100, 102, 103, 104, 105, 107, 108, 110, 111, 112, 114, 116, 118, 125, 126, 128, 129, 130, 132, 134, 144, 145, 147, 149, 150, 153, 154, 155, 156, 157, 158, 159, 161, 162, 164], "excluded_lines": [], "executed_branches": [], "missing_branches": [[32, -23], [32, 33], [47, 48], [47, 51], [65, 66], [65, 68], [71, 72], [71, 74], [74, 75], [74, 87], [75, 76], [75, 78], [103, 104], [103, 116], [110, 103], [110, 111], [125, 126], [125, 128], [129, 130], [129, 132], [147, 149], [147, 153], [154, 155], [154, 161]], "functions": {"MetricsStorage.__init__": {"executed_lines": [], "summary": {"covered_lines": 0, "num_statements": 2, "percent_covered": 0.0, "percent_covered_display": "0", "missing_lines": 2, "excluded_lines": 0, "num_branches": 0, "num_partial_branches": 0, "covered_branches": 0, "missing_branches": 0}, "missing_lines": [20, 21], "excluded_lines": [], "executed_branches": [], "missing_branches": []}, "MetricsStorage._ensure_storage": {"executed_lines": [], "summary": {"covered_lines": 0, "num_statements": 6, "percent_covered": 0.0, "percent_covered_display": "0", "missing_lines": 6, "excluded_lines": 0, "num_branches": 2, "num_partial_branches": 0, "covered_branches": 0, "missing_branches": 2}, "missing_lines": [25, 28, 31, 32, 33, 34], "excluded_lines": [], "executed_branches": [], "missing_branches": [[32, -23], [32, 33]]}, "MetricsStorage.append_metric": {"executed_lines": [], "summary": {"covered_lines": 0, "num_statements": 8, "percent_covered": 0.0, "percent_covered_display": "0", "missing_lines": 8, "excluded_lines": 0, "num_branches": 2, "num_partial_branches": 0, "covered_branches": 0, "missing_branches": 2}, "missing_lines": [47, 48, 51, 52, 53, 54, 55, 56], "excluded_lines": [], "executed_branches": [], "missing_branches": [[47, 48], [47, 51]]}, "MetricsStorage.read_all_metrics": {"executed_lines": [], "summary": {"covered_lines": 0, "num_statements": 17, "percent_covered": 0.0, "percent_covered_display": "0", "missing_lines": 17, "excluded_lines": 0, "num_branches": 8, "num_partial_branches": 0, "covered_branches": 0, "missing_branches": 8}, "missing_lines": [65, 66, 68, 69, 71, 72, 74, 75, 76, 78, 79, 80, 81, 83, 84, 85, 87], "excluded_lines": [], "executed_branches": [], "missing_branches": [[65, 66], [65, 68], [71, 72], [71, 74], [74, 75], [74, 87], [75, 76], [75, 78]]}, "MetricsStorage.read_recent_metrics": {"executed_lines": [], "summary": {"covered_lines": 0, "num_statements": 13, "percent_covered": 0.0, "percent_covered_display": "0", "missing_lines": 13, "excluded_lines": 0, "num_branches": 4, "num_partial_branches": 0, "covered_branches": 0, "missing_branches": 4}, "missing_lines": [99, 100, 102, 103, 104, 105, 107, 108, 110, 111, 112, 114, 116], "excluded_lines": [], "executed_branches": [], "missing_branches": [[103, 104], [103, 116], [110, 103], [110, 111]]}, "MetricsStorage.count_metrics": {"executed_lines": [], "summary": {"covered_lines": 0, "num_statements": 6, "percent_covered": 0.0, "percent_covered_display": "0", "missing_lines": 6, "excluded_lines": 0, "num_branches": 4, "num_partial_branches": 0, "covered_branches": 0, "missing_branches": 4}, "missing_lines": [125, 126, 128, 129, 130, 132], "excluded_lines": [], "executed_branches": [], "missing_branches": [[125, 126], [125, 128], [129, 130], [129, 132]]}, "MetricsStorage.clear_old_metrics": {"executed_lines": [], "summary": {"covered_lines": 0, "num_statements": 15, "percent_covered": 0.0, "percent_covered_display": "0", "missing_lines": 15, "excluded_lines": 0, "num_branches": 4, "num_partial_branches": 0, "covered_branches": 0, "missing_branches": 4}, "missing_lines": [144, 145, 147, 149, 150, 153, 154, 155, 156, 157, 158, 159, 161, 162, 164], "excluded_lines": [], "executed_branches": [], "missing_branches": [[147, 149], [147, 153], [154, 155], [154, 161]]}, "": {"executed_lines": [], "summary": {"covered_lines": 0, "num_statements": 13, "percent_covered": 0.0, "percent_covered_display": "0", "missing_lines": 13, "excluded_lines": 0, "num_branches": 0, "num_partial_branches": 0, "covered_branches": 0, "missing_branches": 0}, "missing_lines": [2, 3, 4, 5, 7, 10, 13, 23, 36, 58, 89, 118, 134], "excluded_lines": [], "executed_branches": [], "missing_branches": []}}, "classes": {"MetricsStorage": {"executed_lines": [], "summary": {"covered_lines": 0, "num_statements": 67, "percent_covered": 0.0, "percent_covered_display": "0", "missing_lines": 67, "excluded_lines": 0, "num_branches": 24, "num_partial_branches": 0, "covered_branches": 0, "missing_branches": 24}, "missing_lines": [20, 21, 25, 28, 31, 32, 33, 34, 47, 48, 51, 52, 53, 54, 55, 56, 65, 66, 68, 69, 71, 72, 74, 75, 76, 78, 79, 80, 81, 83, 84, 85, 87, 99, 100, 102, 103, 104, 105, 107, 108, 110, 111, 112, 114, 116, 125, 126, 128, 129, 130, 132, 144, 145, 147, 149, 150, 153, 154, 155, 156, 157, 158, 159, 161, 162, 164], "excluded_lines": [], "executed_branches": [], "missing_branches": [[32, -23], [32, 33], [47, 48], [47, 51], [65, 66], [65, 68], [71, 72], [71, 74], [74, 75], [74, 87], [75, 76], [75, 78], [103, 104], [103, 116], [110, 103], [110, 111], [125, 126], [125, 128], [129, 130], [129, 132], [147, 149], [147, 153], [154, 155], [154, 161]]}, "": {"executed_lines": [], "summary": {"covered_lines": 0, "num_statements": 13, "percent_covered": 0.0, "percent_covered_display": "0", "missing_lines": 13, "excluded_lines": 0, "num_branches": 0, "num_partial_branches": 0, "covered_branches": 0, "missing_branches": 0}, "missing_lines": [2, 3, 4, 5, 7, 10, 13, 23, 36, 58, 89, 118, 134], "excluded_lines": [], "executed_branches": [], "missing_branches": []}}}, "installer/global/lib/metrics/plan_review_dashboard.py": {"executed_lines": [], "summary": {"covered_lines": 0, "num_statements": 133, "percent_covered": 0.0, "percent_covered_display": "0", "missing_lines": 133, "excluded_lines": 0, "num_branches": 52, "num_partial_branches": 0, "covered_branches": 0, "missing_branches": 52}, "missing_lines": [2, 3, 4, 6, 7, 10, 17, 25, 26, 28, 43, 44, 46, 47, 49, 51, 61, 74, 75, 76, 78, 79, 81, 82, 83, 84, 86, 87, 89, 90, 93, 94, 95, 96, 97, 98, 99, 100, 102, 103, 105, 106, 109, 110, 111, 113, 114, 115, 117, 118, 120, 121, 124, 125, 127, 128, 130, 131, 134, 135, 136, 138, 140, 151, 154, 155, 156, 157, 160, 161, 162, 163, 164, 165, 166, 167, 168, 171, 172, 173, 174, 175, 176, 177, 178, 180, 181, 184, 185, 186, 188, 189, 190, 191, 192, 193, 194, 196, 197, 200, 201, 202, 203, 205, 206, 207, 210, 211, 212, 213, 214, 216, 218, 219, 222, 223, 224, 225, 226, 227, 228, 229, 231, 233, 235, 247, 248, 250, 251, 254, 256, 263, 264], "excluded_lines": [], "executed_branches": [], "missing_branches": [[43, 44], [43, 46], [78, 79], [78, 124], [81, 82], [81, 113], [93, 94], [93, 95], [95, 96], [95, 97], [97, 98], [97, 99], [99, 100], [99, 102], [105, 106], [105, 109], [113, 78], [113, 114], [117, 118], [117, 120], [124, 125], [124, 127], [127, 128], [127, 130], [130, 131], [130, 134], [134, 135], [134, 138], [135, 134], [135, 136], [173, 174], [173, 180], [175, 176], [175, 181], [186, 188], [186, 196], [190, 191], [190, 197], [192, 190], [192, 193], [200, 201], [200, 222], [203, 205], [203, 219], [210, 211], [210, 216], [222, 223], [222, 231], [226, 227], [226, 229], [247, 248], [247, 250]], "functions": {"PlanReviewDashboard.__init__": {"executed_lines": [], "summary": {"covered_lines": 0, "num_statements": 2, "percent_covered": 0.0, "percent_covered_display": "0", "missing_lines": 2, "excluded_lines": 0, "num_branches": 0, "num_partial_branches": 0, "covered_branches": 0, "missing_branches": 0}, "missing_lines": [25, 26], "excluded_lines": [], "executed_branches": [], "missing_branches": []}, "PlanReviewDashboard.render": {"executed_lines": [], "summary": {"covered_lines": 0, "num_statements": 5, "percent_covered": 0.0, "percent_covered_display": "0", "missing_lines": 5, "excluded_lines": 0, "num_branches": 2, "num_partial_branches": 0, "covered_branches": 0, "missing_branches": 2}, "missing_lines": [43, 44, 46, 47, 49], "excluded_lines": [], "executed_branches": [], "missing_branches": [[43, 44], [43, 46]]}, "PlanReviewDashboard._aggregate_metrics": {"executed_lines": [], "summary": {"covered_lines": 0, "num_statements": 46, "percent_covered": 0.0, "percent_covered_display": "0", "missing_lines": 46, "excluded_lines": 0, "num_branches": 28, "num_partial_branches": 0, "covered_branches": 0, "missing_branches": 28}, "missing_lines": [61, 74, 75, 76, 78, 79, 81, 82, 83, 84, 86, 87, 89, 90, 93, 94, 95, 96, 97, 98, 99, 100, 102, 103, 105, 106, 109, 110, 111, 113, 114, 115, 117, 118, 120, 121, 124, 125, 127, 128, 130, 131, 134, 135, 136, 138], "excluded_lines": [], "executed_branches": [], "missing_branches": [[78, 79], [78, 124], [81, 82], [81, 113], [93, 94], [93, 95], [95, 96], [95, 97], [97, 98], [97, 99], [99, 100], [99, 102], [105, 106], [105, 109], [113, 78], [113, 114], [117, 118], [117, 120], [124, 125], [124, 127], [127, 128], [127, 130], [130, 131], [130, 134], [134, 135], [134, 138], [135, 134], [135, 136]]}, "PlanReviewDashboard._render_terminal": {"executed_lines": [], "summary": {"covered_lines": 0, "num_statements": 61, "percent_covered": 0.0, "percent_covered_display": "0", "missing_lines": 61, "excluded_lines": 0, "num_branches": 20, "num_partial_branches": 0, "covered_branches": 0, "missing_branches": 20}, "missing_lines": [151, 154, 155, 156, 157, 160, 161, 162, 163, 164, 165, 166, 167, 168, 171, 172, 173, 174, 175, 176, 177, 178, 180, 181, 184, 185, 186, 188, 189, 190, 191, 192, 193, 194, 196, 197, 200, 201, 202, 203, 205, 206, 207, 210, 211, 212, 213, 214, 216, 218, 219, 222, 223, 224, 225, 226, 227, 228, 229, 231, 233], "excluded_lines": [], "executed_branches": [], "missing_branches": [[173, 174], [173, 180], [175, 176], [175, 181], [186, 188], [186, 196], [190, 191], [190, 197], [192, 190], [192, 193], [200, 201], [200, 222], [203, 205], [203, 219], [210, 211], [210, 216], [222, 223], [222, 231], [226, 227], [226, 229]]}, "PlanReviewDashboard._render_bar": {"executed_lines": [], "summary": {"covered_lines": 0, "num_statements": 5, "percent_covered": 0.0, "percent_covered_display": "0", "missing_lines": 5, "excluded_lines": 0, "num_branches": 2, "num_partial_branches": 0, "covered_branches": 0, "missing_branches": 2}, "missing_lines": [247, 248, 250, 251, 254], "excluded_lines": [], "executed_branches": [], "missing_branches": [[247, 248], [247, 250]]}, "PlanReviewDashboard.print_dashboard": {"executed_lines": [], "summary": {"covered_lines": 0, "num_statements": 2, "percent_covered": 0.0, "percent_covered_display": "0", "missing_lines": 2, "excluded_lines": 0, "num_branches": 0, "num_partial_branches": 0, "covered_branches": 0, "missing_branches": 0}, "missing_lines": [263, 264], "excluded_lines": [], "executed_branches": [], "missing_branches": []}, "": {"executed_lines": [], "summary": {"covered_lines": 0, "num_statements": 12, "percent_covered": 0.0, "percent_covered_display": "0", "missing_lines": 12, "excluded_lines": 0, "num_branches": 0, "num_partial_branches": 0, "covered_branches": 0, "missing_branches": 0}, "missing_lines": [2, 3, 4, 6, 7, 10, 17, 28, 51, 140, 235, 256], "excluded_lines": [], "executed_branches": [], "missing_branches": []}}, "classes": {"PlanReviewDashboard": {"executed_lines": [], "summary": {"covered_lines": 0, "num_statements": 121, "percent_covered": 0.0, "percent_covered_display": "0", "missing_lines": 121, "excluded_lines": 0, "num_branches": 52, "num_partial_branches": 0, "covered_branches": 0, "missing_branches": 52}, "missing_lines": [25, 26, 43, 44, 46, 47, 49, 61, 74, 75, 76, 78, 79, 81, 82, 83, 84, 86, 87, 89, 90, 93, 94, 95, 96, 97, 98, 99, 100, 102, 103, 105, 106, 109, 110, 111, 113, 114, 115, 117, 118, 120, 121, 124, 125, 127, 128, 130, 131, 134, 135, 136, 138, 151, 154, 155, 156, 157, 160, 161, 162, 163, 164, 165, 166, 167, 168, 171, 172, 173, 174, 175, 176, 177, 178, 180, 181, 184, 185, 186, 188, 189, 190, 191, 192, 193, 194, 196, 197, 200, 201, 202, 203, 205, 206, 207, 210, 211, 212, 213, 214, 216, 218, 219, 222, 223, 224, 225, 226, 227, 228, 229, 231, 233, 247, 248, 250, 251, 254, 263, 264], "excluded_lines": [], "executed_branches": [], "missing_branches": [[43, 44], [43, 46], [78, 79], [78, 124], [81, 82], [81, 113], [93, 94], [93, 95], [95, 96], [95, 97], [97, 98], [97, 99], [99, 100], [99, 102], [105, 106], [105, 109], [113, 78], [113, 114], [117, 118], [117, 120], [124, 125], [124, 127], [127, 128], [127, 130], [130, 131], [130, 134], [134, 135], [134, 138], [135, 134], [135, 136], [173, 174], [173, 180], [175, 176], [175, 181], [186, 188], [186, 196], [190, 191], [190, 197], [192, 190], [192, 193], [200, 201], [200, 222], [203, 205], [203, 219], [210, 211], [210, 216], [222, 223], [222, 231], [226, 227], [226, 229], [247, 248], [247, 250]]}, "": {"executed_lines": [], "summary": {"covered_lines": 0, "num_statements": 12, "percent_covered": 0.0, "percent_covered_display": "0", "missing_lines": 12, "excluded_lines": 0, "num_branches": 0, "num_partial_branches": 0, "covered_branches": 0, "missing_branches": 0}, "missing_lines": [2, 3, 4, 6, 7, 10, 17, 28, 51, 140, 235, 256], "excluded_lines": [], "executed_branches": [], "missing_branches": []}}}, "installer/global/lib/metrics/plan_review_metrics.py": {"executed_lines": [], "summary": {"covered_lines": 0, "num_statements": 33, "percent_covered": 0.0, "percent_covered_display": "0", "missing_lines": 33, "excluded_lines": 0, "num_branches": 8, "num_partial_branches": 0, "covered_branches": 0, "missing_branches": 8}, "missing_lines": [2, 3, 5, 6, 9, 16, 24, 25, 27, 46, 47, 49, 58, 60, 85, 86, 88, 100, 102, 125, 126, 128, 139, 141, 162, 163, 165, 175, 177, 187, 189, 196, 197], "excluded_lines": [], "executed_branches": [], "missing_branches": [[46, 47], [46, 49], [85, 86], [85, 88], [125, 126], [125, 128], [162, 163], [162, 165]], "functions": {"PlanReviewMetrics.__init__": {"executed_lines": [], "summary": {"covered_lines": 0, "num_statements": 2, "percent_covered": 0.0, "percent_covered_display": "0", "missing_lines": 2, "excluded_lines": 0, "num_branches": 0, "num_partial_branches": 0, "covered_branches": 0, "missing_branches": 0}, "missing_lines": [24, 25], "excluded_lines": [], "executed_branches": [], "missing_branches": []}, "PlanReviewMetrics.track_complexity": {"executed_lines": [], "summary": {"covered_lines": 0, "num_statements": 4, "percent_covered": 0.0, "percent_covered_display": "0", "missing_lines": 4, "excluded_lines": 0, "num_branches": 2, "num_partial_branches": 0, "covered_branches": 0, "missing_branches": 2}, "missing_lines": [46, 47, 49, 58], "excluded_lines": [], "executed_branches": [], "missing_branches": [[46, 47], [46, 49]]}, "PlanReviewMetrics.track_decision": {"executed_lines": [], "summary": {"covered_lines": 0, "num_statements": 4, "percent_covered": 0.0, "percent_covered_display": "0", "missing_lines": 4, "excluded_lines": 0, "num_branches": 2, "num_partial_branches": 0, "covered_branches": 0, "missing_branches": 2}, "missing_lines": [85, 86, 88, 100], "excluded_lines": [], "executed_branches": [], "missing_branches": [[85, 86], [85, 88]]}, "PlanReviewMetrics.track_outcome": {"executed_lines": [], "summary": {"covered_lines": 0, "num_statements": 4, "percent_covered": 0.0, "percent_covered_display": "0", "missing_lines": 4, "excluded_lines": 0, "num_branches": 2, "num_partial_branches": 0, "covered_branches": 0, "missing_branches": 2}, "missing_lines": [125, 126, 128, 139], "excluded_lines": [], "executed_branches": [], "missing_branches": [[125, 126], [125, 128]]}, "PlanReviewMetrics.track_threshold_adjustment": {"executed_lines": [], "summary": {"covered_lines": 0, "num_statements": 4, "percent_covered": 0.0, "percent_covered_display": "0", "missing_lines": 4, "excluded_lines": 0, "num_branches": 2, "num_partial_branches": 0, "covered_branches": 0, "missing_branches": 2}, "missing_lines": [162, 163, 165, 175], "excluded_lines": [], "executed_branches": [], "missing_branches": [[162, 163], [162, 165]]}, "PlanReviewMetrics.get_recent_metrics": {"executed_lines": [], "summary": {"covered_lines": 0, "num_statements": 1, "percent_covered": 0.0, "percent_covered_display": "0", "missing_lines": 1, "excluded_lines": 0, "num_branches": 0, "num_partial_branches": 0, "covered_branches": 0, "missing_branches": 0}, "missing_lines": [187], "excluded_lines": [], "executed_branches": [], "missing_branches": []}, "PlanReviewMetrics.cleanup_old_metrics": {"executed_lines": [], "summary": {"covered_lines": 0, "num_statements": 2, "percent_covered": 0.0, "percent_covered_display": "0", "missing_lines": 2, "excluded_lines": 0, "num_branches": 0, "num_partial_branches": 0, "covered_branches": 0, "missing_branches": 0}, "missing_lines": [196, 197], "excluded_lines": [], "executed_branches": [], "missing_branches": []}, "": {"executed_lines": [], "summary": {"covered_lines": 0, "num_statements": 12, "percent_covered": 0.0, "percent_covered_display": "0", "missing_lines": 12, "excluded_lines": 0, "num_branches": 0, "num_partial_branches": 0, "covered_branches": 0, "missing_branches": 0}, "missing_lines": [2, 3, 5, 6, 9, 16, 27, 60, 102, 141, 177, 189], "excluded_lines": [], "executed_branches": [], "missing_branches": []}}, "classes": {"PlanReviewMetrics": {"executed_lines": [], "summary": {"covered_lines": 0, "num_statements": 21, "percent_covered": 0.0, "percent_covered_display": "0", "missing_lines": 21, "excluded_lines": 0, "num_branches": 8, "num_partial_branches": 0, "covered_branches": 0, "missing_branches": 8}, "missing_lines": [24, 25, 46, 47, 49, 58, 85, 86, 88, 100, 125, 126, 128, 139, 162, 163, 165, 175, 187, 196, 197], "excluded_lines": [], "executed_branches": [], "missing_branches": [[46, 47], [46, 49], [85, 86], [85, 88], [125, 126], [125, 128], [162, 163], [162, 165]]}, "": {"executed_lines": [], "summary": {"covered_lines": 0, "num_statements": 12, "percent_covered": 0.0, "percent_covered_display": "0", "missing_lines": 12, "excluded_lines": 0, "num_branches": 0, "num_partial_branches": 0, "covered_branches": 0, "missing_branches": 0}, "missing_lines": [2, 3, 5, 6, 9, 16, 27, 60, 102, 141, 177, 189], "excluded_lines": [], "executed_branches": [], "missing_branches": []}}}, "installer/global/lib/utils/__init__.py": {"executed_lines": [], "summary": {"covered_lines": 0, "num_statements": 4, "percent_covered": 0.0, "percent_covered_display": "0", "missing_lines": 4, "excluded_lines": 0, "num_branches": 0, "num_partial_branches": 0, "covered_branches": 0, "missing_branches": 0}, "missing_lines": [2, 3, 4, 6], "excluded_lines": [], "executed_branches": [], "missing_branches": [], "functions": {"": {"executed_lines": [], "summary": {"covered_lines": 0, "num_statements": 4, "percent_covered": 0.0, "percent_covered_display": "0", "missing_lines": 4, "excluded_lines": 0, "num_branches": 0, "num_partial_branches": 0, "covered_branches": 0, "missing_branches": 0}, "missing_lines": [2, 3, 4, 6], "excluded_lines": [], "executed_branches": [], "missing_branches": []}}, "classes": {"": {"executed_lines": [], "summary": {"covered_lines": 0, "num_statements": 4, "percent_covered": 0.0, "percent_covered_display": "0", "missing_lines": 4, "excluded_lines": 0, "num_branches": 0, "num_partial_branches": 0, "covered_branches": 0, "missing_branches": 0}, "missing_lines": [2, 3, 4, 6], "excluded_lines": [], "executed_branches": [], "missing_branches": []}}}, "installer/global/lib/utils/file_operations.py": {"executed_lines": [], "summary": {"covered_lines": 0, "num_statements": 51, "percent_covered": 0.0, "percent_covered_display": "0", "missing_lines": 51, "excluded_lines": 0, "num_branches": 2, "num_partial_branches": 0, "covered_branches": 0, "missing_branches": 2}, "missing_lines": [2, 3, 4, 5, 8, 11, 12, 27, 29, 32, 38, 40, 41, 44, 45, 46, 48, 49, 50, 51, 52, 53, 54, 55, 57, 58, 69, 70, 71, 72, 73, 74, 75, 77, 78, 88, 89, 90, 91, 92, 93, 95, 96, 108, 110, 112, 113, 114, 115, 116, 117], "excluded_lines": [], "executed_branches": [], "missing_branches": [[70, 71], [70, 72]], "functions": {"FileOperations.atomic_write": {"executed_lines": [], "summary": {"covered_lines": 0, "num_statements": 17, "percent_covered": 0.0, "percent_covered_display": "0", "missing_lines": 17, "excluded_lines": 0, "num_branches": 0, "num_partial_branches": 0, "covered_branches": 0, "missing_branches": 0}, "missing_lines": [27, 29, 32, 38, 40, 41, 44, 45, 46, 48, 49, 50, 51, 52, 53, 54, 55], "excluded_lines": [], "executed_branches": [], "missing_branches": []}, "FileOperations.safe_read": {"executed_lines": [], "summary": {"covered_lines": 0, "num_statements": 7, "percent_covered": 0.0, "percent_covered_display": "0", "missing_lines": 7, "excluded_lines": 0, "num_branches": 2, "num_partial_branches": 0, "covered_branches": 0, "missing_branches": 2}, "missing_lines": [69, 70, 71, 72, 73, 74, 75], "excluded_lines": [], "executed_branches": [], "missing_branches": [[70, 71], [70, 72]]}, "FileOperations.ensure_directory": {"executed_lines": [], "summary": {"covered_lines": 0, "num_statements": 6, "percent_covered": 0.0, "percent_covered_display": "0", "missing_lines": 6, "excluded_lines": 0, "num_branches": 0, "num_partial_branches": 0, "covered_branches": 0, "missing_branches": 0}, "missing_lines": [88, 89, 90, 91, 92, 93], "excluded_lines": [], "executed_branches": [], "missing_branches": []}, "FileOperations.safe_append": {"executed_lines": [], "summary": {"covered_lines": 0, "num_statements": 8, "percent_covered": 0.0, "percent_covered_display": "0", "missing_lines": 8, "excluded_lines": 0, "num_branches": 0, "num_partial_branches": 0, "covered_branches": 0, "missing_branches": 0}, "missing_lines": [108, 110, 112, 113, 114, 115, 116, 117], "excluded_lines": [], "executed_branches": [], "missing_branches": []}, "": {"executed_lines": [], "summary": {"covered_lines": 0, "num_statements": 13, "percent_covered": 0.0, "percent_covered_display": "0", "missing_lines": 13, "excluded_lines": 0, "num_branches": 0, "num_partial_branches": 0, "covered_branches": 0, "missing_branches": 0}, "missing_lines": [2, 3, 4, 5, 8, 11, 12, 57, 58, 77, 78, 95, 96], "excluded_lines": [], "executed_branches": [], "missing_branches": []}}, "classes": {"FileOperations": {"executed_lines": [], "summary": {"covered_lines": 0, "num_statements": 38, "percent_covered": 0.0, "percent_covered_display": "0", "missing_lines": 38, "excluded_lines": 0, "num_branches": 2, "num_partial_branches": 0, "covered_branches": 0, "missing_branches": 2}, "missing_lines": [27, 29, 32, 38, 40, 41, 44, 45, 46, 48, 49, 50, 51, 52, 53, 54, 55, 69, 70, 71, 72, 73, 74, 75, 88, 89, 90, 91, 92, 93, 108, 110, 112, 113, 114, 115, 116, 117], "excluded_lines": [], "executed_branches": [], "missing_branches": [[70, 71], [70, 72]]}, "": {"executed_lines": [], "summary": {"covered_lines": 0, "num_statements": 13, "percent_covered": 0.0, "percent_covered_display": "0", "missing_lines": 13, "excluded_lines": 0, "num_branches": 0, "num_partial_branches": 0, "covered_branches": 0, "missing_branches": 0}, "missing_lines": [2, 3, 4, 5, 8, 11, 12, 57, 58, 77, 78, 95, 96], "excluded_lines": [], "executed_branches": [], "missing_branches": []}}}, "installer/global/lib/utils/json_serializer.py": {"executed_lines": [], "summary": {"covered_lines": 0, "num_statements": 36, "percent_covered": 0.0, "percent_covered_display": "0", "missing_lines": 36, "excluded_lines": 0, "num_branches": 2, "num_partial_branches": 0, "covered_branches": 0, "missing_branches": 2}, "missing_lines": [2, 3, 4, 7, 10, 11, 25, 26, 27, 28, 30, 31, 44, 45, 46, 47, 49, 50, 63, 64, 65, 67, 68, 69, 71, 72, 74, 75, 88, 90, 92, 93, 94, 95, 96, 97], "excluded_lines": [], "executed_branches": [], "missing_branches": [[64, 65], [64, 67]], "functions": {"JsonSerializer.serialize": {"executed_lines": [], "summary": {"covered_lines": 0, "num_statements": 4, "percent_covered": 0.0, "percent_covered_display": "0", "missing_lines": 4, "excluded_lines": 0, "num_branches": 0, "num_partial_branches": 0, "covered_branches": 0, "missing_branches": 0}, "missing_lines": [25, 26, 27, 28], "excluded_lines": [], "executed_branches": [], "missing_branches": []}, "JsonSerializer.deserialize": {"executed_lines": [], "summary": {"covered_lines": 0, "num_statements": 4, "percent_covered": 0.0, "percent_covered_display": "0", "missing_lines": 4, "excluded_lines": 0, "num_branches": 0, "num_partial_branches": 0, "covered_branches": 0, "missing_branches": 0}, "missing_lines": [44, 45, 46, 47], "excluded_lines": [], "executed_branches": [], "missing_branches": []}, "JsonSerializer.safe_load_file": {"executed_lines": [], "summary": {"covered_lines": 0, "num_statements": 8, "percent_covered": 0.0, "percent_covered_display": "0", "missing_lines": 8, "excluded_lines": 0, "num_branches": 2, "num_partial_branches": 0, "covered_branches": 0, "missing_branches": 2}, "missing_lines": [63, 64, 65, 67, 68, 69, 71, 72], "excluded_lines": [], "executed_branches": [], "missing_branches": [[64, 65], [64, 67]]}, "JsonSerializer.safe_save_file": {"executed_lines": [], "summary": {"covered_lines": 0, "num_statements": 8, "percent_covered": 0.0, "percent_covered_display": "0", "missing_lines": 8, "excluded_lines": 0, "num_branches": 0, "num_partial_branches": 0, "covered_branches": 0, "missing_branches": 0}, "missing_lines": [88, 90, 92, 93, 94, 95, 96, 97], "excluded_lines": [], "executed_branches": [], "missing_branches": []}, "": {"executed_lines": [], "summary": {"covered_lines": 0, "num_statements": 12, "percent_covered": 0.0, "percent_covered_display": "0", "missing_lines": 12, "excluded_lines": 0, "num_branches": 0, "num_partial_branches": 0, "covered_branches": 0, "missing_branches": 0}, "missing_lines": [2, 3, 4, 7, 10, 11, 30, 31, 49, 50, 74, 75], "excluded_lines": [], "executed_branches": [], "missing_branches": []}}, "classes": {"JsonSerializer": {"executed_lines": [], "summary": {"covered_lines": 0, "num_statements": 24, "percent_covered": 0.0, "percent_covered_display": "0", "missing_lines": 24, "excluded_lines": 0, "num_branches": 2, "num_partial_branches": 0, "covered_branches": 0, "missing_branches": 2}, "missing_lines": [25, 26, 27, 28, 44, 45, 46, 47, 63, 64, 65, 67, 68, 69, 71, 72, 88, 90, 92, 93, 94, 95, 96, 97], "excluded_lines": [], "executed_branches": [], "missing_branches": [[64, 65], [64, 67]]}, "": {"executed_lines": [], "summary": {"covered_lines": 0, "num_statements": 12, "percent_covered": 0.0, "percent_covered_display": "0", "missing_lines": 12, "excluded_lines": 0, "num_branches": 0, "num_partial_branches": 0, "covered_branches": 0, "missing_branches": 0}, "missing_lines": [2, 3, 4, 7, 10, 11, 30, 31, 49, 50, 74, 75], "excluded_lines": [], "executed_branches": [], "missing_branches": []}}}, "installer/global/lib/utils/path_resolver.py": {"executed_lines": [], "summary": {"covered_lines": 0, "num_statements": 28, "percent_covered": 0.0, "percent_covered_display": "0", "missing_lines": 28, "excluded_lines": 0, "num_branches": 6, "num_partial_branches": 0, "covered_branches": 0, "missing_branches": 6}, "missing_lines": [2, 3, 4, 7, 10, 11, 21, 24, 25, 26, 29, 31, 32, 39, 40, 42, 43, 50, 51, 53, 54, 64, 66, 67, 78, 79, 80, 81], "excluded_lines": [], "executed_branches": [], "missing_branches": [[24, 25], [24, 29], [25, 24], [25, 26], [79, 80], [79, 81]], "functions": {"PathResolver.resolve_project_root": {"executed_lines": [], "summary": {"covered_lines": 0, "num_statements": 5, "percent_covered": 0.0, "percent_covered_display": "0", "missing_lines": 5, "excluded_lines": 0, "num_branches": 4, "num_partial_branches": 0, "covered_branches": 0, "missing_branches": 4}, "missing_lines": [21, 24, 25, 26, 29], "excluded_lines": [], "executed_branches": [], "missing_branches": [[24, 25], [24, 29], [25, 24], [25, 26]]}, "PathResolver.get_settings_path": {"executed_lines": [], "summary": {"covered_lines": 0, "num_statements": 2, "percent_covered": 0.0, "percent_covered_display": "0", "missing_lines": 2, "excluded_lines": 0, "num_branches": 0, "num_partial_branches": 0, "covered_branches": 0, "missing_branches": 0}, "missing_lines": [39, 40], "excluded_lines": [], "executed_branches": [], "missing_branches": []}, "PathResolver.get_metrics_dir": {"executed_lines": [], "summary": {"covered_lines": 0, "num_statements": 2, "percent_covered": 0.0, "percent_covered_display": "0", "missing_lines": 2, "excluded_lines": 0, "num_branches": 0, "num_partial_branches": 0, "covered_branches": 0, "missing_branches": 0}, "missing_lines": [50, 51], "excluded_lines": [], "executed_branches": [], "missing_branches": []}, "PathResolver.get_metrics_file": {"executed_lines": [], "summary": {"covered_lines": 0, "num_statements": 1, "percent_covered": 0.0, "percent_covered_display": "0", "missing_lines": 1, "excluded_lines": 0, "num_branches": 0, "num_partial_branches": 0, "covered_branches": 0, "missing_branches": 0}, "missing_lines": [64], "excluded_lines": [], "executed_branches": [], "missing_branches": []}, "PathResolver.from_env_or_default": {"executed_lines": [], "summary": {"covered_lines": 0, "num_statements": 4, "percent_covered": 0.0, "percent_covered_display": "0", "missing_lines": 4, "excluded_lines": 0, "num_branches": 2, "num_partial_branches": 0, "covered_branches": 0, "missing_branches": 2}, "missing_lines": [78, 79, 80, 81], "excluded_lines": [], "executed_branches": [], "missing_branches": [[79, 80], [79, 81]]}, "": {"executed_lines": [], "summary": {"covered_lines": 0, "num_statements": 14, "percent_covered": 0.0, "percent_covered_display": "0", "missing_lines": 14, "excluded_lines": 0, "num_branches": 0, "num_partial_branches": 0, "covered_branches": 0, "missing_branches": 0}, "missing_lines": [2, 3, 4, 7, 10, 11, 31, 32, 42, 43, 53, 54, 66, 67], "excluded_lines": [], "executed_branches": [], "missing_branches": []}}, "classes": {"PathResolver": {"executed_lines": [], "summary": {"covered_lines": 0, "num_statements": 14, "percent_covered": 0.0, "percent_covered_display": "0", "missing_lines": 14, "excluded_lines": 0, "num_branches": 6, "num_partial_branches": 0, "covered_branches": 0, "missing_branches": 6}, "missing_lines": [21, 24, 25, 26, 29, 39, 40, 50, 51, 64, 78, 79, 80, 81], "excluded_lines": [], "executed_branches": [], "missing_branches": [[24, 25], [24, 29], [25, 24], [25, 26], [79, 80], [79, 81]]}, "": {"executed_lines": [], "summary": {"covered_lines": 0, "num_statements": 14, "percent_covered": 0.0, "percent_covered_display": "0", "missing_lines": 14, "excluded_lines": 0, "num_branches": 0, "num_partial_branches": 0, "covered_branches": 0, "missing_branches": 0}, "missing_lines": [2, 3, 4, 7, 10, 11, 31, 32, 42, 43, 53, 54, 66, 67], "excluded_lines": [], "executed_branches": [], "missing_branches": []}}}}, "totals": {"covered_lines": 307, "num_statements": 1052, "percent_covered": 27.994227994227995, "percent_covered_display": "28", "missing_lines": 745, "excluded_lines": 0, "num_branches": 334, "num_partial_branches": 23, "covered_branches": 81, "missing_branches": 253}}