{"meta": {"format": 3, "version": "7.13.0", "timestamp": "2026-02-19T19:59:26.372461", "branch_coverage": false, "show_contexts": false}, "files": {"tests/integration/conftest.py": {"executed_lines": [1, 8, 10, 11, 12, 13, 15, 16, 23, 24, 25, 32, 44, 45, 47, 50, 51, 53, 56, 57, 59, 62, 63, 65, 68, 69, 71, 74, 75, 77, 80, 81, 83, 86, 87, 89, 97, 98, 100, 101, 103, 104, 106, 114, 130, 131, 132, 136, 139, 149, 150, 151, 153, 156, 184, 209, 220, 221, 222, 223, 226, 251, 264, 266, 267, 275, 289, 290, 292, 293, 295, 298, 311, 312, 313, 314, 315, 316, 319, 336, 337, 338, 346, 347], "summary": {"covered_lines": 83, "num_statements": 96, "percent_covered": 86.45833333333333, "percent_covered_display": "86", "missing_lines": 13, "excluded_lines": 0, "percent_statements_covered": 86.45833333333333, "percent_statements_covered_display": "86"}, "missing_lines": [46, 102, 105, 133, 152, 169, 173, 174, 175, 176, 265, 291, 294], "excluded_lines": [], "functions": {"_load_command": {"executed_lines": [44, 45, 47], "summary": {"covered_lines": 3, "num_statements": 4, "percent_covered": 75.0, "percent_covered_display": "75", "missing_lines": 1, "excluded_lines": 0, "percent_statements_covered": 75.0, "percent_statements_covered_display": "75"}, "missing_lines": [46], "excluded_lines": []}, "epic_refine_spec": {"executed_lines": [53], "summary": {"covered_lines": 1, "num_statements": 1, "percent_covered": 100.0, "percent_covered_display": "100", "missing_lines": 0, "excluded_lines": 0, "percent_statements_covered": 100.0, "percent_statements_covered_display": "100"}, "missing_lines": [], "excluded_lines": []}, "feature_refine_spec": {"executed_lines": [59], "summary": {"covered_lines": 1, "num_statements": 1, "percent_covered": 100.0, "percent_covered_display": "100", "missing_lines": 0, "excluded_lines": 0, "percent_statements_covered": 100.0, "percent_statements_covered_display": "100"}, "missing_lines": [], "excluded_lines": []}, "epic_create_spec": {"executed_lines": [65], "summary": {"covered_lines": 1, "num_statements": 1, "percent_covered": 100.0, "percent_covered_display": "100", "missing_lines": 0, "excluded_lines": 0, "percent_statements_covered": 100.0, "percent_statements_covered_display": "100"}, "missing_lines": [], "excluded_lines": []}, "feature_create_spec": {"executed_lines": [71], "summary": {"covered_lines": 1, "num_statements": 1, "percent_covered": 100.0, "percent_covered_display": "100", "missing_lines": 0, "excluded_lines": 0, "percent_statements_covered": 100.0, "percent_statements_covered_display": "100"}, "missing_lines": [], "excluded_lines": []}, "hierarchy_view_spec": {"executed_lines": [77], "summary": {"covered_lines": 1, "num_statements": 1, "percent_covered": 100.0, "percent_covered_display": "100", "missing_lines": 0, "excluded_lines": 0, "percent_statements_covered": 100.0, "percent_statements_covered_display": "100"}, "missing_lines": [], "excluded_lines": []}, "requirekit_sync_spec": {"executed_lines": [83], "summary": {"covered_lines": 1, "num_statements": 1, "percent_covered": 100.0, "percent_covered_display": "100", "missing_lines": 0, "excluded_lines": 0, "percent_statements_covered": 100.0, "percent_statements_covered_display": "100"}, "missing_lines": [], "excluded_lines": []}, "epic_status_spec": {"executed_lines": [89], "summary": {"covered_lines": 1, "num_statements": 1, "percent_covered": 100.0, "percent_covered_display": "100", "missing_lines": 0, "excluded_lines": 0, "percent_statements_covered": 100.0, "percent_statements_covered_display": "100"}, "missing_lines": [], "excluded_lines": []}, "graphiti_config": {"executed_lines": [100, 101, 103, 104, 106], "summary": {"covered_lines": 5, "num_statements": 7, "percent_covered": 71.42857142857143, "percent_covered_display": "71", "missing_lines": 2, "excluded_lines": 0, "percent_statements_covered": 71.42857142857143, "percent_statements_covered_display": "71"}, "missing_lines": [102, 105], "excluded_lines": []}, "extract_frontmatter_block": {"executed_lines": [130, 131, 132, 136], "summary": {"covered_lines": 4, "num_statements": 5, "percent_covered": 80.0, "percent_covered_display": "80", "missing_lines": 1, "excluded_lines": 0, "percent_statements_covered": 80.0, "percent_statements_covered_display": "80"}, "missing_lines": [133], "excluded_lines": []}, "parse_frontmatter": {"executed_lines": [149, 150, 151, 153], "summary": {"covered_lines": 4, "num_statements": 5, "percent_covered": 80.0, "percent_covered_display": "80", "missing_lines": 1, "excluded_lines": 0, "percent_statements_covered": 80.0, "percent_statements_covered_display": "80"}, "missing_lines": [152], "excluded_lines": []}, "extract_section": {"executed_lines": [], "summary": {"covered_lines": 0, "num_statements": 5, "percent_covered": 0.0, "percent_covered_display": "0", "missing_lines": 5, "excluded_lines": 0, "percent_statements_covered": 0.0, "percent_statements_covered_display": "0"}, "missing_lines": [169, 173, 174, 175, 176], "excluded_lines": []}, "build_epic_markdown": {"executed_lines": [209, 220, 221, 222, 223], "summary": {"covered_lines": 5, "num_statements": 5, "percent_covered": 100.0, "percent_covered_display": "100", "missing_lines": 0, "excluded_lines": 0, "percent_statements_covered": 100.0, "percent_statements_covered_display": "100"}, "missing_lines": [], "excluded_lines": []}, "build_feature_markdown": {"executed_lines": [251, 264, 266, 267], "summary": {"covered_lines": 4, "num_statements": 5, "percent_covered": 80.0, "percent_covered_display": "80", "missing_lines": 1, "excluded_lines": 0, "percent_statements_covered": 80.0, "percent_statements_covered_display": "80"}, "missing_lines": [265], "excluded_lines": []}, "parse_markdown_frontmatter": {"executed_lines": [289, 290, 292, 293, 295], "summary": {"covered_lines": 5, "num_statements": 7, "percent_covered": 71.42857142857143, "percent_covered_display": "71", "missing_lines": 2, "excluded_lines": 0, "percent_statements_covered": 71.42857142857143, "percent_statements_covered_display": "71"}, "missing_lines": [291, 294], "excluded_lines": []}, "update_frontmatter_field": {"executed_lines": [311, 312, 313, 314, 315, 316], "summary": {"covered_lines": 6, "num_statements": 6, "percent_covered": 100.0, "percent_covered_display": "100", "missing_lines": 0, "excluded_lines": 0, "percent_statements_covered": 100.0, "percent_statements_covered_display": "100"}, "missing_lines": [], "excluded_lines": []}, "append_refinement_history": {"executed_lines": [336, 337, 338, 346, 347], "summary": {"covered_lines": 5, "num_statements": 5, "percent_covered": 100.0, "percent_covered_display": "100", "missing_lines": 0, "excluded_lines": 0, "percent_statements_covered": 100.0, "percent_statements_covered_display": "100"}, "missing_lines": [], "excluded_lines": []}, "": {"executed_lines": [1, 8, 10, 11, 12, 13, 15, 16, 23, 24, 25, 32, 50, 51, 56, 57, 62, 63, 68, 69, 74, 75, 80, 81, 86, 87, 97, 98, 114, 139, 156, 184, 226, 275, 298, 319], "summary": {"covered_lines": 35, "num_statements": 35, "percent_covered": 100.0, "percent_covered_display": "100", "missing_lines": 0, "excluded_lines": 0, "percent_statements_covered": 100.0, "percent_statements_covered_display": "100"}, "missing_lines": [], "excluded_lines": []}}, "classes": {"": {"executed_lines": [1, 8, 10, 11, 12, 13, 15, 16, 23, 24, 25, 32, 44, 45, 47, 50, 51, 53, 56, 57, 59, 62, 63, 65, 68, 69, 71, 74, 75, 77, 80, 81, 83, 86, 87, 89, 97, 98, 100, 101, 103, 104, 106, 114, 130, 131, 132, 136, 139, 149, 150, 151, 153, 156, 184, 209, 220, 221, 222, 223, 226, 251, 264, 266, 267, 275, 289, 290, 292, 293, 295, 298, 311, 312, 313, 314, 315, 316, 319, 336, 337, 338, 346, 347], "summary": {"covered_lines": 83, "num_statements": 96, "percent_covered": 86.45833333333333, "percent_covered_display": "86", "missing_lines": 13, "excluded_lines": 0, "percent_statements_covered": 86.45833333333333, "percent_statements_covered_display": "86"}, "missing_lines": [46, 102, 105, 133, 152, 169, 173, 174, 175, 176, 265, 291, 294], "excluded_lines": []}}}, "tests/integration/test_integration_seams.py": {"executed_lines": [1, 17, 19, 20, 21, 23, 24, 26, 42, 43, 49, 53, 54, 57, 60, 63, 67, 71, 75, 79, 80, 85, 86, 92, 94, 95, 99, 101, 107, 109, 110, 111, 114, 117, 121, 123, 124, 125, 126, 127, 130, 131, 137, 139, 140, 141, 142, 143, 144, 146, 148, 149, 150, 151, 152, 153, 154, 155, 157, 159, 160, 163, 168, 169, 175, 179, 183, 187, 192, 193, 198, 202, 203, 206, 210, 212, 213, 214, 215, 218, 219, 224, 228, 229, 230, 235, 239, 240, 241, 246, 248, 252, 253, 257, 261, 265, 266, 271, 272, 277, 279, 285, 286, 287, 288, 289, 291, 293, 301, 302, 303, 304, 306, 308, 309, 310, 311, 319, 320, 325, 329, 333, 337, 338, 342, 346, 347, 351, 355, 356, 361, 362, 367, 371, 372, 376, 380, 381, 385, 389, 394, 395, 401, 405, 406, 411, 415, 416, 420, 424, 429, 430, 435, 437, 441, 443, 447, 451, 455, 459, 464, 465, 470, 474, 478, 483, 484, 488, 492, 497, 498, 503, 505, 506, 510, 512, 513, 517, 521, 522, 527, 528, 533, 535, 536, 540, 542, 543, 548, 549, 554, 558, 561, 564, 568, 572, 577, 584, 587, 597, 598, 603, 607, 608, 612, 616, 617, 622, 623, 628, 630, 634, 638, 643, 644, 649, 653, 654, 657, 661, 665, 670, 671, 676, 678, 680, 685, 686, 691, 695, 700, 704, 708, 712, 716, 720, 724, 728, 729, 730, 731, 734, 735, 740, 744, 748, 752, 753, 758, 759, 764, 768, 770, 774, 775, 779, 786, 791, 792, 795, 798, 803, 804, 809, 812, 820, 822, 823, 827, 829, 830, 833, 843, 844, 849, 851, 852, 853, 857, 861, 866, 867, 872, 876, 877, 881, 885, 886, 891, 892, 897, 899, 900, 905, 906, 910, 913, 918, 919, 924, 930, 931, 935, 936, 941, 942, 947, 949, 950, 951, 956, 957, 962, 966, 967, 972, 973, 978, 985, 986, 990, 991, 995, 997, 998, 1007, 1008, 1013, 1014, 1019, 1021, 1022, 1023, 1024, 1025, 1029, 1033, 1037, 1043, 1044, 1049, 1051, 1052, 1053, 1054, 1058, 1060, 1061, 1062, 1063, 1064, 1065, 1069, 1072, 1073, 1074, 1075, 1076, 1080, 1084, 1092, 1093, 1095, 1101, 1102, 1105, 1109, 1115, 1116, 1118, 1124, 1125, 1127, 1131, 1135, 1136, 1140, 1143, 1153, 1154, 1156, 1157, 1160, 1161, 1162, 1163, 1164, 1165, 1166, 1167, 1168, 1169, 1170, 1171], "summary": {"covered_lines": 360, "num_statements": 360, "percent_covered": 100.0, "percent_covered_display": "100", "missing_lines": 0, "excluded_lines": 0, "percent_statements_covered": 100.0, "percent_statements_covered_display": "100"}, "missing_lines": [], "excluded_lines": [], "functions": {"TestEpicRefineLoadAndDisplay.test_epic_refine_documents_load_parse_score_display": {"executed_lines": [53, 54, 57, 60, 63], "summary": {"covered_lines": 5, "num_statements": 5, "percent_covered": 100.0, "percent_covered_display": "100", "missing_lines": 0, "excluded_lines": 0, "percent_statements_covered": 100.0, "percent_statements_covered_display": "100"}, "missing_lines": [], "excluded_lines": []}, "TestEpicRefineLoadAndDisplay.test_epic_refine_phase1_load_epic_by_id": {"executed_lines": [71], "summary": {"covered_lines": 1, "num_statements": 1, "percent_covered": 100.0, "percent_covered_display": "100", "missing_lines": 0, "excluded_lines": 0, "percent_statements_covered": 100.0, "percent_statements_covered_display": "100"}, "missing_lines": [], "excluded_lines": []}, "TestEpicRefineLoadAndDisplay.test_epic_refine_phase1_parses_yaml_frontmatter": {"executed_lines": [79, 80], "summary": {"covered_lines": 2, "num_statements": 2, "percent_covered": 100.0, "percent_covered_display": "100", "missing_lines": 0, "excluded_lines": 0, "percent_statements_covered": 100.0, "percent_statements_covered_display": "100"}, "missing_lines": [], "excluded_lines": []}, "TestEpicRefineUpdateInPlace.test_update_in_place_documented": {"executed_lines": [94, 95], "summary": {"covered_lines": 2, "num_statements": 2, "percent_covered": 100.0, "percent_covered_display": "100", "missing_lines": 0, "excluded_lines": 0, "percent_statements_covered": 100.0, "percent_statements_covered_display": "100"}, "missing_lines": [], "excluded_lines": []}, "TestEpicRefineUpdateInPlace.test_frontmatter_fields_preserved_after_update": {"executed_lines": [101, 107, 109, 110, 111, 114, 117], "summary": {"covered_lines": 7, "num_statements": 7, "percent_covered": 100.0, "percent_covered_display": "100", "missing_lines": 0, "excluded_lines": 0, "percent_statements_covered": 100.0, "percent_statements_covered_display": "100"}, "missing_lines": [], "excluded_lines": []}, "TestEpicRefineUpdateInPlace.test_title_and_id_preserved_after_update": {"executed_lines": [123, 124, 125, 126, 127], "summary": {"covered_lines": 5, "num_statements": 5, "percent_covered": 100.0, "percent_covered_display": "100", "missing_lines": 0, "excluded_lines": 0, "percent_statements_covered": 100.0, "percent_statements_covered_display": "100"}, "missing_lines": [], "excluded_lines": []}, "TestEpicRefineRefinementHistoryAppend.test_first_refinement_creates_history": {"executed_lines": [139, 140, 141, 142, 143, 144], "summary": {"covered_lines": 6, "num_statements": 6, "percent_covered": 100.0, "percent_covered_display": "100", "missing_lines": 0, "excluded_lines": 0, "percent_statements_covered": 100.0, "percent_statements_covered_display": "100"}, "missing_lines": [], "excluded_lines": []}, "TestEpicRefineRefinementHistoryAppend.test_second_refinement_appends_to_history": {"executed_lines": [148, 149, 150, 151, 152, 153, 154, 155], "summary": {"covered_lines": 8, "num_statements": 8, "percent_covered": 100.0, "percent_covered_display": "100", "missing_lines": 0, "excluded_lines": 0, "percent_statements_covered": 100.0, "percent_statements_covered_display": "100"}, "missing_lines": [], "excluded_lines": []}, "TestEpicRefineRefinementHistoryAppend.test_refinement_history_schema_in_spec": {"executed_lines": [159, 160, 163], "summary": {"covered_lines": 3, "num_statements": 3, "percent_covered": 100.0, "percent_covered_display": "100", "missing_lines": 0, "excluded_lines": 0, "percent_statements_covered": 100.0, "percent_statements_covered_display": "100"}, "missing_lines": [], "excluded_lines": []}, "TestFeatureRefineCrossCommandSuggestions.test_suggests_generate_bdd_when_coverage_missing": {"executed_lines": [179], "summary": {"covered_lines": 1, "num_statements": 1, "percent_covered": 100.0, "percent_covered_display": "100", "missing_lines": 0, "excluded_lines": 0, "percent_statements_covered": 100.0, "percent_statements_covered_display": "100"}, "missing_lines": [], "excluded_lines": []}, "TestFeatureRefineCrossCommandSuggestions.test_suggests_formalize_ears_when_traceability_low": {"executed_lines": [187], "summary": {"covered_lines": 1, "num_statements": 1, "percent_covered": 100.0, "percent_covered_display": "100", "missing_lines": 0, "excluded_lines": 0, "percent_statements_covered": 100.0, "percent_statements_covered_display": "100"}, "missing_lines": [], "excluded_lines": []}, "TestFeatureRefineCompletenesBeforeAfter.test_before_after_score_in_feature_refine": {"executed_lines": [202, 203, 206], "summary": {"covered_lines": 3, "num_statements": 3, "percent_covered": 100.0, "percent_covered_display": "100", "missing_lines": 0, "excluded_lines": 0, "percent_statements_covered": 100.0, "percent_statements_covered_display": "100"}, "missing_lines": [], "excluded_lines": []}, "TestFeatureRefineCompletenesBeforeAfter.test_score_change_reflected_in_frontmatter_update": {"executed_lines": [212, 213, 214, 215], "summary": {"covered_lines": 4, "num_statements": 4, "percent_covered": 100.0, "percent_covered_display": "100", "missing_lines": 0, "excluded_lines": 0, "percent_statements_covered": 100.0, "percent_statements_covered_display": "100"}, "missing_lines": [], "excluded_lines": []}, "TestRefineWithFocusFlag.test_focus_flag_restricts_to_single_category_epic": {"executed_lines": [228, 229, 230], "summary": {"covered_lines": 3, "num_statements": 3, "percent_covered": 100.0, "percent_covered_display": "100", "missing_lines": 0, "excluded_lines": 0, "percent_statements_covered": 100.0, "percent_statements_covered_display": "100"}, "missing_lines": [], "excluded_lines": []}, "TestRefineWithFocusFlag.test_focus_flag_restricts_to_single_category_feature": {"executed_lines": [239, 240, 241], "summary": {"covered_lines": 3, "num_statements": 3, "percent_covered": 100.0, "percent_covered_display": "100", "missing_lines": 0, "excluded_lines": 0, "percent_statements_covered": 100.0, "percent_statements_covered_display": "100"}, "missing_lines": [], "excluded_lines": []}, "TestRefineWithFocusFlag.test_epic_focus_categories_documented": {"executed_lines": [248, 252, 253], "summary": {"covered_lines": 3, "num_statements": 3, "percent_covered": 100.0, "percent_covered_display": "100", "missing_lines": 0, "excluded_lines": 0, "percent_statements_covered": 100.0, "percent_statements_covered_display": "100"}, "missing_lines": [], "excluded_lines": []}, "TestRefineWithFocusFlag.test_feature_focus_categories_documented": {"executed_lines": [261, 265, 266], "summary": {"covered_lines": 3, "num_statements": 3, "percent_covered": 100.0, "percent_covered_display": "100", "missing_lines": 0, "excluded_lines": 0, "percent_statements_covered": 100.0, "percent_statements_covered_display": "100"}, "missing_lines": [], "excluded_lines": []}, "TestRefinePreservesFrontmatter.test_external_ids_preserved_on_epic": {"executed_lines": [279, 285, 286, 287, 288, 289], "summary": {"covered_lines": 6, "num_statements": 6, "percent_covered": 100.0, "percent_covered_display": "100", "missing_lines": 0, "excluded_lines": 0, "percent_statements_covered": 100.0, "percent_statements_covered_display": "100"}, "missing_lines": [], "excluded_lines": []}, "TestRefinePreservesFrontmatter.test_export_config_preserved_on_epic": {"executed_lines": [293, 301, 302, 303, 304], "summary": {"covered_lines": 5, "num_statements": 5, "percent_covered": 100.0, "percent_covered_display": "100", "missing_lines": 0, "excluded_lines": 0, "percent_statements_covered": 100.0, "percent_statements_covered_display": "100"}, "missing_lines": [], "excluded_lines": []}, "TestRefinePreservesFrontmatter.test_organisation_pattern_preserved_on_epic": {"executed_lines": [308, 309, 310, 311], "summary": {"covered_lines": 4, "num_statements": 4, "percent_covered": 100.0, "percent_covered_display": "100", "missing_lines": 0, "excluded_lines": 0, "percent_statements_covered": 100.0, "percent_statements_covered_display": "100"}, "missing_lines": [], "excluded_lines": []}, "TestSyncStandaloneMode.test_graphiti_config_defaults_to_disabled": {"executed_lines": [329], "summary": {"covered_lines": 1, "num_statements": 1, "percent_covered": 100.0, "percent_covered_display": "100", "missing_lines": 0, "excluded_lines": 0, "percent_statements_covered": 100.0, "percent_statements_covered_display": "100"}, "missing_lines": [], "excluded_lines": []}, "TestSyncStandaloneMode.test_standalone_mode_documented_in_sync_spec": {"executed_lines": [337, 338], "summary": {"covered_lines": 2, "num_statements": 2, "percent_covered": 100.0, "percent_covered_display": "100", "missing_lines": 0, "excluded_lines": 0, "percent_statements_covered": 100.0, "percent_statements_covered_display": "100"}, "missing_lines": [], "excluded_lines": []}, "TestSyncStandaloneMode.test_epic_refine_works_without_graphiti": {"executed_lines": [346, 347], "summary": {"covered_lines": 2, "num_statements": 2, "percent_covered": 100.0, "percent_covered_display": "100", "missing_lines": 0, "excluded_lines": 0, "percent_statements_covered": 100.0, "percent_statements_covered_display": "100"}, "missing_lines": [], "excluded_lines": []}, "TestSyncStandaloneMode.test_feature_refine_works_without_graphiti": {"executed_lines": [355, 356], "summary": {"covered_lines": 2, "num_statements": 2, "percent_covered": 100.0, "percent_covered_display": "100", "missing_lines": 0, "excluded_lines": 0, "percent_statements_covered": 100.0, "percent_statements_covered_display": "100"}, "missing_lines": [], "excluded_lines": []}, "TestSyncAfterRefinement.test_epic_refine_pushes_to_graphiti_when_enabled": {"executed_lines": [371, 372], "summary": {"covered_lines": 2, "num_statements": 2, "percent_covered": 100.0, "percent_covered_display": "100", "missing_lines": 0, "excluded_lines": 0, "percent_statements_covered": 100.0, "percent_statements_covered_display": "100"}, "missing_lines": [], "excluded_lines": []}, "TestSyncAfterRefinement.test_feature_refine_pushes_to_graphiti_when_enabled": {"executed_lines": [380, 381], "summary": {"covered_lines": 2, "num_statements": 2, "percent_covered": 100.0, "percent_covered_display": "100", "missing_lines": 0, "excluded_lines": 0, "percent_statements_covered": 100.0, "percent_statements_covered_display": "100"}, "missing_lines": [], "excluded_lines": []}, "TestSyncAfterRefinement.test_sync_on_refine_config_field_exists": {"executed_lines": [389], "summary": {"covered_lines": 1, "num_statements": 1, "percent_covered": 100.0, "percent_covered_display": "100", "missing_lines": 0, "excluded_lines": 0, "percent_statements_covered": 100.0, "percent_statements_covered_display": "100"}, "missing_lines": [], "excluded_lines": []}, "TestSyncGracefulDegradation.test_epic_refine_saves_markdown_even_if_graphiti_fails": {"executed_lines": [405, 406], "summary": {"covered_lines": 2, "num_statements": 2, "percent_covered": 100.0, "percent_covered_display": "100", "missing_lines": 0, "excluded_lines": 0, "percent_statements_covered": 100.0, "percent_statements_covered_display": "100"}, "missing_lines": [], "excluded_lines": []}, "TestSyncGracefulDegradation.test_feature_refine_never_fails_due_to_graphiti": {"executed_lines": [415, 416], "summary": {"covered_lines": 2, "num_statements": 2, "percent_covered": 100.0, "percent_covered_display": "100", "missing_lines": 0, "excluded_lines": 0, "percent_statements_covered": 100.0, "percent_statements_covered_display": "100"}, "missing_lines": [], "excluded_lines": []}, "TestSyncGracefulDegradation.test_warning_shown_when_graphiti_unavailable": {"executed_lines": [424], "summary": {"covered_lines": 1, "num_statements": 1, "percent_covered": 100.0, "percent_covered_display": "100", "missing_lines": 0, "excluded_lines": 0, "percent_statements_covered": 100.0, "percent_statements_covered_display": "100"}, "missing_lines": [], "excluded_lines": []}, "TestSyncEpisodeSchemaEpic.test_epic_episode_has_group_id": {"executed_lines": [437], "summary": {"covered_lines": 1, "num_statements": 1, "percent_covered": 100.0, "percent_covered_display": "100", "missing_lines": 0, "excluded_lines": 0, "percent_statements_covered": 100.0, "percent_statements_covered_display": "100"}, "missing_lines": [], "excluded_lines": []}, "TestSyncEpisodeSchemaEpic.test_epic_episode_has_entity_type": {"executed_lines": [443], "summary": {"covered_lines": 1, "num_statements": 1, "percent_covered": 100.0, "percent_covered_display": "100", "missing_lines": 0, "excluded_lines": 0, "percent_statements_covered": 100.0, "percent_statements_covered_display": "100"}, "missing_lines": [], "excluded_lines": []}, "TestSyncEpisodeSchemaEpic.test_epic_episode_has_epic_id_in_metadata": {"executed_lines": [451], "summary": {"covered_lines": 1, "num_statements": 1, "percent_covered": 100.0, "percent_covered_display": "100", "missing_lines": 0, "excluded_lines": 0, "percent_statements_covered": 100.0, "percent_statements_covered_display": "100"}, "missing_lines": [], "excluded_lines": []}, "TestSyncEpisodeSchemaEpic.test_epic_episode_has_organisation_pattern": {"executed_lines": [459], "summary": {"covered_lines": 1, "num_statements": 1, "percent_covered": 100.0, "percent_covered_display": "100", "missing_lines": 0, "excluded_lines": 0, "percent_statements_covered": 100.0, "percent_statements_covered_display": "100"}, "missing_lines": [], "excluded_lines": []}, "TestSyncEpisodeSchemaFeature.test_feature_episode_has_feature_id": {"executed_lines": [474], "summary": {"covered_lines": 1, "num_statements": 1, "percent_covered": 100.0, "percent_covered_display": "100", "missing_lines": 0, "excluded_lines": 0, "percent_statements_covered": 100.0, "percent_statements_covered_display": "100"}, "missing_lines": [], "excluded_lines": []}, "TestSyncEpisodeSchemaFeature.test_feature_episode_has_parent_epic_id": {"executed_lines": [483, 484], "summary": {"covered_lines": 2, "num_statements": 2, "percent_covered": 100.0, "percent_covered_display": "100", "missing_lines": 0, "excluded_lines": 0, "percent_statements_covered": 100.0, "percent_statements_covered_display": "100"}, "missing_lines": [], "excluded_lines": []}, "TestSyncEpisodeSchemaFeature.test_feature_episode_schema_documented_in_feature_refine": {"executed_lines": [492], "summary": {"covered_lines": 1, "num_statements": 1, "percent_covered": 100.0, "percent_covered_display": "100", "missing_lines": 0, "excluded_lines": 0, "percent_statements_covered": 100.0, "percent_statements_covered_display": "100"}, "missing_lines": [], "excluded_lines": []}, "TestRequirekitSyncRecovery.test_sync_command_is_one_way": {"executed_lines": [505, 506], "summary": {"covered_lines": 2, "num_statements": 2, "percent_covered": 100.0, "percent_covered_display": "100", "missing_lines": 0, "excluded_lines": 0, "percent_statements_covered": 100.0, "percent_statements_covered_display": "100"}, "missing_lines": [], "excluded_lines": []}, "TestRequirekitSyncRecovery.test_sync_upserts_to_graphiti": {"executed_lines": [512, 513], "summary": {"covered_lines": 2, "num_statements": 2, "percent_covered": 100.0, "percent_covered_display": "100", "missing_lines": 0, "excluded_lines": 0, "percent_statements_covered": 100.0, "percent_statements_covered_display": "100"}, "missing_lines": [], "excluded_lines": []}, "TestRequirekitSyncRecovery.test_sync_supports_recovery_use_case": {"executed_lines": [521, 522], "summary": {"covered_lines": 2, "num_statements": 2, "percent_covered": 100.0, "percent_covered_display": "100", "missing_lines": 0, "excluded_lines": 0, "percent_statements_covered": 100.0, "percent_statements_covered_display": "100"}, "missing_lines": [], "excluded_lines": []}, "TestSyncUpsertDedup.test_dedup_key_documented": {"executed_lines": [535, 536], "summary": {"covered_lines": 2, "num_statements": 2, "percent_covered": 100.0, "percent_covered_display": "100", "missing_lines": 0, "excluded_lines": 0, "percent_statements_covered": 100.0, "percent_statements_covered_display": "100"}, "missing_lines": [], "excluded_lines": []}, "TestSyncUpsertDedup.test_upsert_overwrites_existing": {"executed_lines": [542, 543], "summary": {"covered_lines": 2, "num_statements": 2, "percent_covered": 100.0, "percent_covered_display": "100", "missing_lines": 0, "excluded_lines": 0, "percent_statements_covered": 100.0, "percent_statements_covered_display": "100"}, "missing_lines": [], "excluded_lines": []}, "TestSyncGroupId.test_group_id_pattern_in_config": {"executed_lines": [558, 561, 564], "summary": {"covered_lines": 3, "num_statements": 3, "percent_covered": 100.0, "percent_covered_display": "100", "missing_lines": 0, "excluded_lines": 0, "percent_statements_covered": 100.0, "percent_statements_covered_display": "100"}, "missing_lines": [], "excluded_lines": []}, "TestSyncGroupId.test_group_id_pattern_in_sync_spec": {"executed_lines": [572], "summary": {"covered_lines": 1, "num_statements": 1, "percent_covered": 100.0, "percent_covered_display": "100", "missing_lines": 0, "excluded_lines": 0, "percent_statements_covered": 100.0, "percent_statements_covered_display": "100"}, "missing_lines": [], "excluded_lines": []}, "TestSyncGroupId.test_group_id_consistent_across_specs": {"executed_lines": [584, 587], "summary": {"covered_lines": 2, "num_statements": 2, "percent_covered": 100.0, "percent_covered_display": "100", "missing_lines": 0, "excluded_lines": 0, "percent_statements_covered": 100.0, "percent_statements_covered_display": "100"}, "missing_lines": [], "excluded_lines": []}, "TestEpicCreateDefaultPattern.test_default_pattern_is_features_in_frontmatter": {"executed_lines": [607, 608], "summary": {"covered_lines": 2, "num_statements": 2, "percent_covered": 100.0, "percent_covered_display": "100", "missing_lines": 0, "excluded_lines": 0, "percent_statements_covered": 100.0, "percent_statements_covered_display": "100"}, "missing_lines": [], "excluded_lines": []}, "TestEpicCreateDefaultPattern.test_default_pattern_documented_as_backward_compatible": {"executed_lines": [616, 617], "summary": {"covered_lines": 2, "num_statements": 2, "percent_covered": 100.0, "percent_covered_display": "100", "missing_lines": 0, "excluded_lines": 0, "percent_statements_covered": 100.0, "percent_statements_covered_display": "100"}, "missing_lines": [], "excluded_lines": []}, "TestEpicCreateDirectPattern.test_direct_pattern_flag_documented": {"executed_lines": [630], "summary": {"covered_lines": 1, "num_statements": 1, "percent_covered": 100.0, "percent_covered_display": "100", "missing_lines": 0, "excluded_lines": 0, "percent_statements_covered": 100.0, "percent_statements_covered_display": "100"}, "missing_lines": [], "excluded_lines": []}, "TestEpicCreateDirectPattern.test_direct_pattern_epic_to_task_hierarchy": {"executed_lines": [638], "summary": {"covered_lines": 1, "num_statements": 1, "percent_covered": 100.0, "percent_covered_display": "100", "missing_lines": 0, "excluded_lines": 0, "percent_statements_covered": 100.0, "percent_statements_covered_display": "100"}, "missing_lines": [], "excluded_lines": []}, "TestEpicStatusDirectDisplay.test_direct_pattern_shows_tasks_in_status": {"executed_lines": [653, 654, 657], "summary": {"covered_lines": 3, "num_statements": 3, "percent_covered": 100.0, "percent_covered_display": "100", "missing_lines": 0, "excluded_lines": 0, "percent_statements_covered": 100.0, "percent_statements_covered_display": "100"}, "missing_lines": [], "excluded_lines": []}, "TestEpicStatusDirectDisplay.test_pattern_column_in_portfolio_view": {"executed_lines": [665], "summary": {"covered_lines": 1, "num_statements": 1, "percent_covered": 100.0, "percent_covered_display": "100", "missing_lines": 0, "excluded_lines": 0, "percent_statements_covered": 100.0, "percent_statements_covered_display": "100"}, "missing_lines": [], "excluded_lines": []}, "TestEpicStatusMixedWarning.test_mixed_pattern_warning_in_create": {"executed_lines": [678, 680], "summary": {"covered_lines": 2, "num_statements": 2, "percent_covered": 100.0, "percent_covered_display": "100", "missing_lines": 0, "excluded_lines": 0, "percent_statements_covered": 100.0, "percent_statements_covered_display": "100"}, "missing_lines": [], "excluded_lines": []}, "TestHierarchyViewAllPatterns.test_hierarchy_shows_features_pattern": {"executed_lines": [695], "summary": {"covered_lines": 1, "num_statements": 1, "percent_covered": 100.0, "percent_covered_display": "100", "missing_lines": 0, "excluded_lines": 0, "percent_statements_covered": 100.0, "percent_statements_covered_display": "100"}, "missing_lines": [], "excluded_lines": []}, "TestHierarchyViewAllPatterns.test_hierarchy_shows_direct_pattern": {"executed_lines": [704], "summary": {"covered_lines": 1, "num_statements": 1, "percent_covered": 100.0, "percent_covered_display": "100", "missing_lines": 0, "excluded_lines": 0, "percent_statements_covered": 100.0, "percent_statements_covered_display": "100"}, "missing_lines": [], "excluded_lines": []}, "TestHierarchyViewAllPatterns.test_hierarchy_shows_mixed_pattern": {"executed_lines": [712], "summary": {"covered_lines": 1, "num_statements": 1, "percent_covered": 100.0, "percent_covered_display": "100", "missing_lines": 0, "excluded_lines": 0, "percent_statements_covered": 100.0, "percent_statements_covered_display": "100"}, "missing_lines": [], "excluded_lines": []}, "TestHierarchyViewAllPatterns.test_hierarchy_uses_direct_tasks_grouping": {"executed_lines": [720], "summary": {"covered_lines": 1, "num_statements": 1, "percent_covered": 100.0, "percent_covered_display": "100", "missing_lines": 0, "excluded_lines": 0, "percent_statements_covered": 100.0, "percent_statements_covered_display": "100"}, "missing_lines": [], "excluded_lines": []}, "TestHierarchyViewAllPatterns.test_all_three_patterns_in_single_tree": {"executed_lines": [728, 729, 730, 731], "summary": {"covered_lines": 4, "num_statements": 4, "percent_covered": 100.0, "percent_covered_display": "100", "missing_lines": 0, "excluded_lines": 0, "percent_statements_covered": 100.0, "percent_statements_covered_display": "100"}, "missing_lines": [], "excluded_lines": []}, "TestValidationTaskEpicXorFeature.test_feature_requires_epic_parameter": {"executed_lines": [744], "summary": {"covered_lines": 1, "num_statements": 1, "percent_covered": 100.0, "percent_covered_display": "100", "missing_lines": 0, "excluded_lines": 0, "percent_statements_covered": 100.0, "percent_statements_covered_display": "100"}, "missing_lines": [], "excluded_lines": []}, "TestValidationTaskEpicXorFeature.test_epic_id_mandatory_for_features": {"executed_lines": [752, 753], "summary": {"covered_lines": 2, "num_statements": 2, "percent_covered": 100.0, "percent_covered_display": "100", "missing_lines": 0, "excluded_lines": 0, "percent_statements_covered": 100.0, "percent_statements_covered_display": "100"}, "missing_lines": [], "excluded_lines": []}, "TestPatternTerminologyConsistency.test_organisation_pattern_term_in_create": {"executed_lines": [768], "summary": {"covered_lines": 1, "num_statements": 1, "percent_covered": 100.0, "percent_covered_display": "100", "missing_lines": 0, "excluded_lines": 0, "percent_statements_covered": 100.0, "percent_statements_covered_display": "100"}, "missing_lines": [], "excluded_lines": []}, "TestPatternTerminologyConsistency.test_organisation_pattern_term_in_hierarchy": {"executed_lines": [774, 775], "summary": {"covered_lines": 2, "num_statements": 2, "percent_covered": 100.0, "percent_covered_display": "100", "missing_lines": 0, "excluded_lines": 0, "percent_statements_covered": 100.0, "percent_statements_covered_display": "100"}, "missing_lines": [], "excluded_lines": []}, "TestPatternTerminologyConsistency.test_three_pattern_names_consistent": {"executed_lines": [786, 791, 792, 795, 798], "summary": {"covered_lines": 5, "num_statements": 5, "percent_covered": 100.0, "percent_covered_display": "100", "missing_lines": 0, "excluded_lines": 0, "percent_statements_covered": 100.0, "percent_statements_covered_display": "100"}, "missing_lines": [], "excluded_lines": []}, "TestBackwardCompatibility.test_epic_without_pattern_defaults_to_features": {"executed_lines": [812, 820, 822, 823], "summary": {"covered_lines": 4, "num_statements": 4, "percent_covered": 100.0, "percent_covered_display": "100", "missing_lines": 0, "excluded_lines": 0, "percent_statements_covered": 100.0, "percent_statements_covered_display": "100"}, "missing_lines": [], "excluded_lines": []}, "TestBackwardCompatibility.test_default_documented_in_spec": {"executed_lines": [829, 830, 833], "summary": {"covered_lines": 3, "num_statements": 3, "percent_covered": 100.0, "percent_covered_display": "100", "missing_lines": 0, "excluded_lines": 0, "percent_statements_covered": 100.0, "percent_statements_covered_display": "100"}, "missing_lines": [], "excluded_lines": []}, "TestEpicCompletenessEmptyEpic.test_new_epic_starts_with_zero_score": {"executed_lines": [851, 852, 853], "summary": {"covered_lines": 3, "num_statements": 3, "percent_covered": 100.0, "percent_covered_display": "100", "missing_lines": 0, "excluded_lines": 0, "percent_statements_covered": 100.0, "percent_statements_covered_display": "100"}, "missing_lines": [], "excluded_lines": []}, "TestEpicCompletenessEmptyEpic.test_empty_epic_missing_fields_documented": {"executed_lines": [861], "summary": {"covered_lines": 1, "num_statements": 1, "percent_covered": 100.0, "percent_covered_display": "100", "missing_lines": 0, "excluded_lines": 0, "percent_statements_covered": 100.0, "percent_statements_covered_display": "100"}, "missing_lines": [], "excluded_lines": []}, "TestEpicCompletenessFullEpic.test_well_specified_epic_score_range": {"executed_lines": [876, 877], "summary": {"covered_lines": 2, "num_statements": 2, "percent_covered": 100.0, "percent_covered_display": "100", "missing_lines": 0, "excluded_lines": 0, "percent_statements_covered": 100.0, "percent_statements_covered_display": "100"}, "missing_lines": [], "excluded_lines": []}, "TestEpicCompletenessFullEpic.test_score_interpretation_documented": {"executed_lines": [885, 886], "summary": {"covered_lines": 2, "num_statements": 2, "percent_covered": 100.0, "percent_covered_display": "100", "missing_lines": 0, "excluded_lines": 0, "percent_statements_covered": 100.0, "percent_statements_covered_display": "100"}, "missing_lines": [], "excluded_lines": []}, "TestEpicCompletenessPartial.test_nine_dimensions_with_weights": {"executed_lines": [899, 900, 905, 906], "summary": {"covered_lines": 4, "num_statements": 4, "percent_covered": 100.0, "percent_covered_display": "100", "missing_lines": 0, "excluded_lines": 0, "percent_statements_covered": 100.0, "percent_statements_covered_display": "100"}, "missing_lines": [], "excluded_lines": []}, "TestEpicCompletenessPartial.test_dimension_weights_documented": {"executed_lines": [913], "summary": {"covered_lines": 1, "num_statements": 1, "percent_covered": 100.0, "percent_covered_display": "100", "missing_lines": 0, "excluded_lines": 0, "percent_statements_covered": 100.0, "percent_statements_covered_display": "100"}, "missing_lines": [], "excluded_lines": []}, "TestEpicWeightsSumTo100.test_epic_weights_sum_to_100_percent": {"executed_lines": [930, 931, 935, 936], "summary": {"covered_lines": 4, "num_statements": 4, "percent_covered": 100.0, "percent_covered_display": "100", "missing_lines": 0, "excluded_lines": 0, "percent_statements_covered": 100.0, "percent_statements_covered_display": "100"}, "missing_lines": [], "excluded_lines": []}, "TestFeatureCompletenessEmpty.test_new_feature_starts_with_zero_score": {"executed_lines": [949, 950, 951], "summary": {"covered_lines": 3, "num_statements": 3, "percent_covered": 100.0, "percent_covered_display": "100", "missing_lines": 0, "excluded_lines": 0, "percent_statements_covered": 100.0, "percent_statements_covered_display": "100"}, "missing_lines": [], "excluded_lines": []}, "TestFeatureCompletenessFull.test_well_specified_feature_score_range": {"executed_lines": [966, 967], "summary": {"covered_lines": 2, "num_statements": 2, "percent_covered": 100.0, "percent_covered_display": "100", "missing_lines": 0, "excluded_lines": 0, "percent_statements_covered": 100.0, "percent_statements_covered_display": "100"}, "missing_lines": [], "excluded_lines": []}, "TestFeatureWeightsSumTo100.test_feature_weights_sum_to_100_percent": {"executed_lines": [985, 986, 990, 991], "summary": {"covered_lines": 4, "num_statements": 4, "percent_covered": 100.0, "percent_covered_display": "100", "missing_lines": 0, "excluded_lines": 0, "percent_statements_covered": 100.0, "percent_statements_covered_display": "100"}, "missing_lines": [], "excluded_lines": []}, "TestFeatureWeightsSumTo100.test_seven_dimensions_documented": {"executed_lines": [997, 998, 1007, 1008], "summary": {"covered_lines": 4, "num_statements": 4, "percent_covered": 100.0, "percent_covered_display": "100", "missing_lines": 0, "excluded_lines": 0, "percent_statements_covered": 100.0, "percent_statements_covered_display": "100"}, "missing_lines": [], "excluded_lines": []}, "TestScoreAfterRefinement.test_score_update_reflected_in_frontmatter": {"executed_lines": [1021, 1022, 1023, 1024, 1025], "summary": {"covered_lines": 5, "num_statements": 5, "percent_covered": 100.0, "percent_covered_display": "100", "missing_lines": 0, "excluded_lines": 0, "percent_statements_covered": 100.0, "percent_statements_covered_display": "100"}, "missing_lines": [], "excluded_lines": []}, "TestScoreAfterRefinement.test_before_after_documented_in_change_summary": {"executed_lines": [1033, 1037], "summary": {"covered_lines": 2, "num_statements": 2, "percent_covered": 100.0, "percent_covered_display": "100", "missing_lines": 0, "excluded_lines": 0, "percent_statements_covered": 100.0, "percent_statements_covered_display": "100"}, "missing_lines": [], "excluded_lines": []}, "TestScoreCalculationDeterministic.test_same_markdown_produces_same_frontmatter": {"executed_lines": [1051, 1052, 1053, 1054], "summary": {"covered_lines": 4, "num_statements": 4, "percent_covered": 100.0, "percent_covered_display": "100", "missing_lines": 0, "excluded_lines": 0, "percent_statements_covered": 100.0, "percent_statements_covered_display": "100"}, "missing_lines": [], "excluded_lines": []}, "TestScoreCalculationDeterministic.test_update_is_idempotent": {"executed_lines": [1060, 1061, 1062, 1063, 1064, 1065], "summary": {"covered_lines": 6, "num_statements": 6, "percent_covered": 100.0, "percent_covered_display": "100", "missing_lines": 0, "excluded_lines": 0, "percent_statements_covered": 100.0, "percent_statements_covered_display": "100"}, "missing_lines": [], "excluded_lines": []}, "TestScoreCalculationDeterministic.test_weight_calculation_is_deterministic": {"executed_lines": [1072, 1073, 1074, 1075, 1076, 1080, 1084], "summary": {"covered_lines": 7, "num_statements": 7, "percent_covered": 100.0, "percent_covered_display": "100", "missing_lines": 0, "excluded_lines": 0, "percent_statements_covered": 100.0, "percent_statements_covered_display": "100"}, "missing_lines": [], "excluded_lines": []}, "TestCrossSeamConsistency.test_graphiti_fields_consistent_across_epic_and_feature": {"executed_lines": [1101, 1102, 1105], "summary": {"covered_lines": 3, "num_statements": 3, "percent_covered": 100.0, "percent_covered_display": "100", "missing_lines": 0, "excluded_lines": 0, "percent_statements_covered": 100.0, "percent_statements_covered_display": "100"}, "missing_lines": [], "excluded_lines": []}, "TestCrossSeamConsistency.test_completeness_score_field_in_both_create_specs": {"executed_lines": [1115, 1116], "summary": {"covered_lines": 2, "num_statements": 2, "percent_covered": 100.0, "percent_covered_display": "100", "missing_lines": 0, "excluded_lines": 0, "percent_statements_covered": 100.0, "percent_statements_covered_display": "100"}, "missing_lines": [], "excluded_lines": []}, "TestCrossSeamConsistency.test_refinement_history_schema_consistent": {"executed_lines": [1124, 1125], "summary": {"covered_lines": 2, "num_statements": 2, "percent_covered": 100.0, "percent_covered_display": "100", "missing_lines": 0, "excluded_lines": 0, "percent_statements_covered": 100.0, "percent_statements_covered_display": "100"}, "missing_lines": [], "excluded_lines": []}, "TestCrossSeamConsistency.test_graphiti_sync_config_fields_complete": {"executed_lines": [1131, 1135, 1136], "summary": {"covered_lines": 3, "num_statements": 3, "percent_covered": 100.0, "percent_covered_display": "100", "missing_lines": 0, "excluded_lines": 0, "percent_statements_covered": 100.0, "percent_statements_covered_display": "100"}, "missing_lines": [], "excluded_lines": []}, "TestCrossSeamConsistency.test_full_refinement_roundtrip": {"executed_lines": [1143, 1153, 1154, 1156, 1157, 1160, 1161, 1162, 1163, 1164, 1165, 1166, 1167, 1168, 1169, 1170, 1171], "summary": {"covered_lines": 17, "num_statements": 17, "percent_covered": 100.0, "percent_covered_display": "100", "missing_lines": 0, "excluded_lines": 0, "percent_statements_covered": 100.0, "percent_statements_covered_display": "100"}, "missing_lines": [], "excluded_lines": []}, "": {"executed_lines": [1, 17, 19, 20, 21, 23, 24, 26, 42, 43, 49, 67, 75, 85, 86, 92, 99, 121, 130, 131, 137, 146, 157, 168, 169, 175, 183, 192, 193, 198, 210, 218, 219, 224, 235, 246, 257, 271, 272, 277, 291, 306, 319, 320, 325, 333, 342, 351, 361, 362, 367, 376, 385, 394, 395, 401, 411, 420, 429, 430, 435, 441, 447, 455, 464, 465, 470, 478, 488, 497, 498, 503, 510, 517, 527, 528, 533, 540, 548, 549, 554, 568, 577, 597, 598, 603, 612, 622, 623, 628, 634, 643, 644, 649, 661, 670, 671, 676, 685, 686, 691, 700, 708, 716, 724, 734, 735, 740, 748, 758, 759, 764, 770, 779, 803, 804, 809, 827, 843, 844, 849, 857, 866, 867, 872, 881, 891, 892, 897, 910, 918, 919, 924, 941, 942, 947, 956, 957, 962, 972, 973, 978, 995, 1013, 1014, 1019, 1029, 1043, 1044, 1049, 1058, 1069, 1092, 1093, 1095, 1109, 1118, 1127, 1140], "summary": {"covered_lines": 125, "num_statements": 125, "percent_covered": 100.0, "percent_covered_display": "100", "missing_lines": 0, "excluded_lines": 0, "percent_statements_covered": 100.0, "percent_statements_covered_display": "100"}, "missing_lines": [], "excluded_lines": []}}, "classes": {"TestEpicRefineLoadAndDisplay": {"executed_lines": [53, 54, 57, 60, 63, 71, 79, 80], "summary": {"covered_lines": 8, "num_statements": 8, "percent_covered": 100.0, "percent_covered_display": "100", "missing_lines": 0, "excluded_lines": 0, "percent_statements_covered": 100.0, "percent_statements_covered_display": "100"}, "missing_lines": [], "excluded_lines": []}, "TestEpicRefineUpdateInPlace": {"executed_lines": [94, 95, 101, 107, 109, 110, 111, 114, 117, 123, 124, 125, 126, 127], "summary": {"covered_lines": 14, "num_statements": 14, "percent_covered": 100.0, "percent_covered_display": "100", "missing_lines": 0, "excluded_lines": 0, "percent_statements_covered": 100.0, "percent_statements_covered_display": "100"}, "missing_lines": [], "excluded_lines": []}, "TestEpicRefineRefinementHistoryAppend": {"executed_lines": [139, 140, 141, 142, 143, 144, 148, 149, 150, 151, 152, 153, 154, 155, 159, 160, 163], "summary": {"covered_lines": 17, "num_statements": 17, "percent_covered": 100.0, "percent_covered_display": "100", "missing_lines": 0, "excluded_lines": 0, "percent_statements_covered": 100.0, "percent_statements_covered_display": "100"}, "missing_lines": [], "excluded_lines": []}, "TestFeatureRefineCrossCommandSuggestions": {"executed_lines": [179, 187], "summary": {"covered_lines": 2, "num_statements": 2, "percent_covered": 100.0, "percent_covered_display": "100", "missing_lines": 0, "excluded_lines": 0, "percent_statements_covered": 100.0, "percent_statements_covered_display": "100"}, "missing_lines": [], "excluded_lines": []}, "TestFeatureRefineCompletenesBeforeAfter": {"executed_lines": [202, 203, 206, 212, 213, 214, 215], "summary": {"covered_lines": 7, "num_statements": 7, "percent_covered": 100.0, "percent_covered_display": "100", "missing_lines": 0, "excluded_lines": 0, "percent_statements_covered": 100.0, "percent_statements_covered_display": "100"}, "missing_lines": [], "excluded_lines": []}, "TestRefineWithFocusFlag": {"executed_lines": [228, 229, 230, 239, 240, 241, 248, 252, 253, 261, 265, 266], "summary": {"covered_lines": 12, "num_statements": 12, "percent_covered": 100.0, "percent_covered_display": "100", "missing_lines": 0, "excluded_lines": 0, "percent_statements_covered": 100.0, "percent_statements_covered_display": "100"}, "missing_lines": [], "excluded_lines": []}, "TestRefinePreservesFrontmatter": {"executed_lines": [279, 285, 286, 287, 288, 289, 293, 301, 302, 303, 304, 308, 309, 310, 311], "summary": {"covered_lines": 15, "num_statements": 15, "percent_covered": 100.0, "percent_covered_display": "100", "missing_lines": 0, "excluded_lines": 0, "percent_statements_covered": 100.0, "percent_statements_covered_display": "100"}, "missing_lines": [], "excluded_lines": []}, "TestSyncStandaloneMode": {"executed_lines": [329, 337, 338, 346, 347, 355, 356], "summary": {"covered_lines": 7, "num_statements": 7, "percent_covered": 100.0, "percent_covered_display": "100", "missing_lines": 0, "excluded_lines": 0, "percent_statements_covered": 100.0, "percent_statements_covered_display": "100"}, "missing_lines": [], "excluded_lines": []}, "TestSyncAfterRefinement": {"executed_lines": [371, 372, 380, 381, 389], "summary": {"covered_lines": 5, "num_statements": 5, "percent_covered": 100.0, "percent_covered_display": "100", "missing_lines": 0, "excluded_lines": 0, "percent_statements_covered": 100.0, "percent_statements_covered_display": "100"}, "missing_lines": [], "excluded_lines": []}, "TestSyncGracefulDegradation": {"executed_lines": [405, 406, 415, 416, 424], "summary": {"covered_lines": 5, "num_statements": 5, "percent_covered": 100.0, "percent_covered_display": "100", "missing_lines": 0, "excluded_lines": 0, "percent_statements_covered": 100.0, "percent_statements_covered_display": "100"}, "missing_lines": [], "excluded_lines": []}, "TestSyncEpisodeSchemaEpic": {"executed_lines": [437, 443, 451, 459], "summary": {"covered_lines": 4, "num_statements": 4, "percent_covered": 100.0, "percent_covered_display": "100", "missing_lines": 0, "excluded_lines": 0, "percent_statements_covered": 100.0, "percent_statements_covered_display": "100"}, "missing_lines": [], "excluded_lines": []}, "TestSyncEpisodeSchemaFeature": {"executed_lines": [474, 483, 484, 492], "summary": {"covered_lines": 4, "num_statements": 4, "percent_covered": 100.0, "percent_covered_display": "100", "missing_lines": 0, "excluded_lines": 0, "percent_statements_covered": 100.0, "percent_statements_covered_display": "100"}, "missing_lines": [], "excluded_lines": []}, "TestRequirekitSyncRecovery": {"executed_lines": [505, 506, 512, 513, 521, 522], "summary": {"covered_lines": 6, "num_statements": 6, "percent_covered": 100.0, "percent_covered_display": "100", "missing_lines": 0, "excluded_lines": 0, "percent_statements_covered": 100.0, "percent_statements_covered_display": "100"}, "missing_lines": [], "excluded_lines": []}, "TestSyncUpsertDedup": {"executed_lines": [535, 536, 542, 543], "summary": {"covered_lines": 4, "num_statements": 4, "percent_covered": 100.0, "percent_covered_display": "100", "missing_lines": 0, "excluded_lines": 0, "percent_statements_covered": 100.0, "percent_statements_covered_display": "100"}, "missing_lines": [], "excluded_lines": []}, "TestSyncGroupId": {"executed_lines": [558, 561, 564, 572, 584, 587], "summary": {"covered_lines": 6, "num_statements": 6, "percent_covered": 100.0, "percent_covered_display": "100", "missing_lines": 0, "excluded_lines": 0, "percent_statements_covered": 100.0, "percent_statements_covered_display": "100"}, "missing_lines": [], "excluded_lines": []}, "TestEpicCreateDefaultPattern": {"executed_lines": [607, 608, 616, 617], "summary": {"covered_lines": 4, "num_statements": 4, "percent_covered": 100.0, "percent_covered_display": "100", "missing_lines": 0, "excluded_lines": 0, "percent_statements_covered": 100.0, "percent_statements_covered_display": "100"}, "missing_lines": [], "excluded_lines": []}, "TestEpicCreateDirectPattern": {"executed_lines": [630, 638], "summary": {"covered_lines": 2, "num_statements": 2, "percent_covered": 100.0, "percent_covered_display": "100", "missing_lines": 0, "excluded_lines": 0, "percent_statements_covered": 100.0, "percent_statements_covered_display": "100"}, "missing_lines": [], "excluded_lines": []}, "TestEpicStatusDirectDisplay": {"executed_lines": [653, 654, 657, 665], "summary": {"covered_lines": 4, "num_statements": 4, "percent_covered": 100.0, "percent_covered_display": "100", "missing_lines": 0, "excluded_lines": 0, "percent_statements_covered": 100.0, "percent_statements_covered_display": "100"}, "missing_lines": [], "excluded_lines": []}, "TestEpicStatusMixedWarning": {"executed_lines": [678, 680], "summary": {"covered_lines": 2, "num_statements": 2, "percent_covered": 100.0, "percent_covered_display": "100", "missing_lines": 0, "excluded_lines": 0, "percent_statements_covered": 100.0, "percent_statements_covered_display": "100"}, "missing_lines": [], "excluded_lines": []}, "TestHierarchyViewAllPatterns": {"executed_lines": [695, 704, 712, 720, 728, 729, 730, 731], "summary": {"covered_lines": 8, "num_statements": 8, "percent_covered": 100.0, "percent_covered_display": "100", "missing_lines": 0, "excluded_lines": 0, "percent_statements_covered": 100.0, "percent_statements_covered_display": "100"}, "missing_lines": [], "excluded_lines": []}, "TestValidationTaskEpicXorFeature": {"executed_lines": [744, 752, 753], "summary": {"covered_lines": 3, "num_statements": 3, "percent_covered": 100.0, "percent_covered_display": "100", "missing_lines": 0, "excluded_lines": 0, "percent_statements_covered": 100.0, "percent_statements_covered_display": "100"}, "missing_lines": [], "excluded_lines": []}, "TestPatternTerminologyConsistency": {"executed_lines": [768, 774, 775, 786, 791, 792, 795, 798], "summary": {"covered_lines": 8, "num_statements": 8, "percent_covered": 100.0, "percent_covered_display": "100", "missing_lines": 0, "excluded_lines": 0, "percent_statements_covered": 100.0, "percent_statements_covered_display": "100"}, "missing_lines": [], "excluded_lines": []}, "TestBackwardCompatibility": {"executed_lines": [812, 820, 822, 823, 829, 830, 833], "summary": {"covered_lines": 7, "num_statements": 7, "percent_covered": 100.0, "percent_covered_display": "100", "missing_lines": 0, "excluded_lines": 0, "percent_statements_covered": 100.0, "percent_statements_covered_display": "100"}, "missing_lines": [], "excluded_lines": []}, "TestEpicCompletenessEmptyEpic": {"executed_lines": [851, 852, 853, 861], "summary": {"covered_lines": 4, "num_statements": 4, "percent_covered": 100.0, "percent_covered_display": "100", "missing_lines": 0, "excluded_lines": 0, "percent_statements_covered": 100.0, "percent_statements_covered_display": "100"}, "missing_lines": [], "excluded_lines": []}, "TestEpicCompletenessFullEpic": {"executed_lines": [876, 877, 885, 886], "summary": {"covered_lines": 4, "num_statements": 4, "percent_covered": 100.0, "percent_covered_display": "100", "missing_lines": 0, "excluded_lines": 0, "percent_statements_covered": 100.0, "percent_statements_covered_display": "100"}, "missing_lines": [], "excluded_lines": []}, "TestEpicCompletenessPartial": {"executed_lines": [899, 900, 905, 906, 913], "summary": {"covered_lines": 5, "num_statements": 5, "percent_covered": 100.0, "percent_covered_display": "100", "missing_lines": 0, "excluded_lines": 0, "percent_statements_covered": 100.0, "percent_statements_covered_display": "100"}, "missing_lines": [], "excluded_lines": []}, "TestEpicWeightsSumTo100": {"executed_lines": [930, 931, 935, 936], "summary": {"covered_lines": 4, "num_statements": 4, "percent_covered": 100.0, "percent_covered_display": "100", "missing_lines": 0, "excluded_lines": 0, "percent_statements_covered": 100.0, "percent_statements_covered_display": "100"}, "missing_lines": [], "excluded_lines": []}, "TestFeatureCompletenessEmpty": {"executed_lines": [949, 950, 951], "summary": {"covered_lines": 3, "num_statements": 3, "percent_covered": 100.0, "percent_covered_display": "100", "missing_lines": 0, "excluded_lines": 0, "percent_statements_covered": 100.0, "percent_statements_covered_display": "100"}, "missing_lines": [], "excluded_lines": []}, "TestFeatureCompletenessFull": {"executed_lines": [966, 967], "summary": {"covered_lines": 2, "num_statements": 2, "percent_covered": 100.0, "percent_covered_display": "100", "missing_lines": 0, "excluded_lines": 0, "percent_statements_covered": 100.0, "percent_statements_covered_display": "100"}, "missing_lines": [], "excluded_lines": []}, "TestFeatureWeightsSumTo100": {"executed_lines": [985, 986, 990, 991, 997, 998, 1007, 1008], "summary": {"covered_lines": 8, "num_statements": 8, "percent_covered": 100.0, "percent_covered_display": "100", "missing_lines": 0, "excluded_lines": 0, "percent_statements_covered": 100.0, "percent_statements_covered_display": "100"}, "missing_lines": [], "excluded_lines": []}, "TestScoreAfterRefinement": {"executed_lines": [1021, 1022, 1023, 1024, 1025, 1033, 1037], "summary": {"covered_lines": 7, "num_statements": 7, "percent_covered": 100.0, "percent_covered_display": "100", "missing_lines": 0, "excluded_lines": 0, "percent_statements_covered": 100.0, "percent_statements_covered_display": "100"}, "missing_lines": [], "excluded_lines": []}, "TestScoreCalculationDeterministic": {"executed_lines": [1051, 1052, 1053, 1054, 1060, 1061, 1062, 1063, 1064, 1065, 1072, 1073, 1074, 1075, 1076, 1080, 1084], "summary": {"covered_lines": 17, "num_statements": 17, "percent_covered": 100.0, "percent_covered_display": "100", "missing_lines": 0, "excluded_lines": 0, "percent_statements_covered": 100.0, "percent_statements_covered_display": "100"}, "missing_lines": [], "excluded_lines": []}, "TestCrossSeamConsistency": {"executed_lines": [1101, 1102, 1105, 1115, 1116, 1124, 1125, 1131, 1135, 1136, 1143, 1153, 1154, 1156, 1157, 1160, 1161, 1162, 1163, 1164, 1165, 1166, 1167, 1168, 1169, 1170, 1171], "summary": {"covered_lines": 27, "num_statements": 27, "percent_covered": 100.0, "percent_covered_display": "100", "missing_lines": 0, "excluded_lines": 0, "percent_statements_covered": 100.0, "percent_statements_covered_display": "100"}, "missing_lines": [], "excluded_lines": []}, "": {"executed_lines": [1, 17, 19, 20, 21, 23, 24, 26, 42, 43, 49, 67, 75, 85, 86, 92, 99, 121, 130, 131, 137, 146, 157, 168, 169, 175, 183, 192, 193, 198, 210, 218, 219, 224, 235, 246, 257, 271, 272, 277, 291, 306, 319, 320, 325, 333, 342, 351, 361, 362, 367, 376, 385, 394, 395, 401, 411, 420, 429, 430, 435, 441, 447, 455, 464, 465, 470, 478, 488, 497, 498, 503, 510, 517, 527, 528, 533, 540, 548, 549, 554, 568, 577, 597, 598, 603, 612, 622, 623, 628, 634, 643, 644, 649, 661, 670, 671, 676, 685, 686, 691, 700, 708, 716, 724, 734, 735, 740, 748, 758, 759, 764, 770, 779, 803, 804, 809, 827, 843, 844, 849, 857, 866, 867, 872, 881, 891, 892, 897, 910, 918, 919, 924, 941, 942, 947, 956, 957, 962, 972, 973, 978, 995, 1013, 1014, 1019, 1029, 1043, 1044, 1049, 1058, 1069, 1092, 1093, 1095, 1109, 1118, 1127, 1140], "summary": {"covered_lines": 125, "num_statements": 125, "percent_covered": 100.0, "percent_covered_display": "100", "missing_lines": 0, "excluded_lines": 0, "percent_statements_covered": 100.0, "percent_statements_covered_display": "100"}, "missing_lines": [], "excluded_lines": []}}}}, "totals": {"covered_lines": 443, "num_statements": 456, "percent_covered": 97.14912280701755, "percent_covered_display": "97", "missing_lines": 13, "excluded_lines": 0, "percent_statements_covered": 97.14912280701755, "percent_statements_covered_display": "97"}}