============================= test session starts ==============================
platform darwin -- Python 3.12.4, pytest-8.4.2, pluggy-1.6.0 -- /Users/richardwoollcott/Projects/appmilla_github/ai-engineer/.venv/bin/python3.12
cachedir: .pytest_cache
rootdir: /Users/richardwoollcott/Projects/appmilla_github/ai-engineer
configfile: pytest.ini
plugins: mock-3.15.1, cov-7.0.0
collecting ... collected 328 items

tests/unit/test_change_tracker.py::TestChangeType::test_all_change_types_defined PASSED [  0%]
tests/unit/test_change_tracker.py::TestChangeType::test_change_type_values PASSED [  0%]
tests/unit/test_change_tracker.py::TestChange::test_create_file_added_change PASSED [  0%]
tests/unit/test_change_tracker.py::TestChange::test_create_file_removed_change PASSED [  1%]
tests/unit/test_change_tracker.py::TestChange::test_to_dict_serialization PASSED [  1%]
tests/unit/test_change_tracker.py::TestChange::test_from_dict_deserialization PASSED [  1%]
tests/unit/test_change_tracker.py::TestChange::test_round_trip_serialization PASSED [  2%]
tests/unit/test_change_tracker.py::TestChange::test_describe_file_added PASSED [  2%]
tests/unit/test_change_tracker.py::TestChange::test_describe_file_removed PASSED [  2%]
tests/unit/test_change_tracker.py::TestChange::test_describe_dependency_added PASSED [  3%]
tests/unit/test_change_tracker.py::TestChange::test_describe_metadata_updated PASSED [  3%]
tests/unit/test_change_tracker.py::TestChange::test_change_immutability PASSED [  3%]
tests/unit/test_change_tracker.py::TestChangeTracker::test_initialization PASSED [  3%]
tests/unit/test_change_tracker.py::TestChangeTracker::test_record_file_added PASSED [  4%]
tests/unit/test_change_tracker.py::TestChangeTracker::test_record_file_added_without_optional_params PASSED [  4%]
tests/unit/test_change_tracker.py::TestChangeTracker::test_record_file_removed PASSED [  4%]
tests/unit/test_change_tracker.py::TestChangeTracker::test_record_file_modified PASSED [  5%]
tests/unit/test_change_tracker.py::TestChangeTracker::test_record_dependency_added PASSED [  5%]
tests/unit/test_change_tracker.py::TestChangeTracker::test_record_dependency_removed PASSED [  5%]
tests/unit/test_change_tracker.py::TestChangeTracker::test_record_phase_added PASSED [  6%]
tests/unit/test_change_tracker.py::TestChangeTracker::test_record_phase_removed PASSED [  6%]
tests/unit/test_change_tracker.py::TestChangeTracker::test_record_metadata_updated PASSED [  6%]
tests/unit/test_change_tracker.py::TestChangeTracker::test_multiple_changes_chronological_order PASSED [  7%]
tests/unit/test_change_tracker.py::TestChangeTracker::test_get_changes_by_type PASSED [  7%]
tests/unit/test_change_tracker.py::TestChangeTracker::test_get_changes_by_type_empty PASSED [  7%]
tests/unit/test_change_tracker.py::TestChangeTracker::test_get_summary_empty_tracker PASSED [  7%]
tests/unit/test_change_tracker.py::TestChangeTracker::test_get_summary_with_changes PASSED [  8%]
tests/unit/test_change_tracker.py::TestChangeTracker::test_to_dict_serialization PASSED [  8%]
tests/unit/test_change_tracker.py::TestChangeTracker::test_from_dict_deserialization PASSED [  8%]
tests/unit/test_change_tracker.py::TestChangeTracker::test_round_trip_serialization PASSED [  9%]
tests/unit/test_change_tracker.py::TestChangeTracker::test_changes_property_returns_copy PASSED [  9%]
tests/unit/test_change_tracker.py::TestEdgeCases::test_empty_file_path PASSED [  9%]
tests/unit/test_change_tracker.py::TestEdgeCases::test_file_path_with_spaces PASSED [ 10%]
tests/unit/test_change_tracker.py::TestEdgeCases::test_invalid_file_extension PASSED [ 10%]
tests/unit/test_change_tracker.py::TestEdgeCases::test_negative_estimated_loc PASSED [ 10%]
tests/unit/test_change_tracker.py::TestEdgeCases::test_very_long_file_path PASSED [ 10%]
tests/unit/test_change_tracker.py::TestEdgeCases::test_unicode_in_file_paths PASSED [ 11%]
tests/unit/test_change_tracker.py::TestEdgeCases::test_special_characters_in_purpose PASSED [ 11%]
tests/unit/test_change_tracker.py::TestEdgeCases::test_none_values_in_metadata PASSED [ 11%]
tests/unit/test_file_operations.py::TestFileOperations::test_atomic_write_creates_file PASSED [ 12%]
tests/unit/test_file_operations.py::TestFileOperations::test_atomic_write_overwrites_existing PASSED [ 12%]
tests/unit/test_file_operations.py::TestFileOperations::test_atomic_write_creates_parent_dirs PASSED [ 12%]
tests/unit/test_file_operations.py::TestFileOperations::test_atomic_write_uses_temp_file PASSED [ 13%]
tests/unit/test_file_operations.py::TestFileOperations::test_atomic_write_with_custom_encoding PASSED [ 13%]
tests/unit/test_file_operations.py::TestFileOperations::test_atomic_write_failure PASSED [ 13%]
tests/unit/test_file_operations.py::TestFileOperations::test_safe_read_existing_file PASSED [ 14%]
tests/unit/test_file_operations.py::TestFileOperations::test_safe_read_missing_file PASSED [ 14%]
tests/unit/test_file_operations.py::TestFileOperations::test_safe_read_with_encoding PASSED [ 14%]
tests/unit/test_file_operations.py::TestFileOperations::test_safe_read_error_handling PASSED [ 14%]
tests/unit/test_file_operations.py::TestFileOperations::test_ensure_directory_creates_dir PASSED [ 15%]
tests/unit/test_file_operations.py::TestFileOperations::test_ensure_directory_creates_nested PASSED [ 15%]
tests/unit/test_file_operations.py::TestFileOperations::test_ensure_directory_existing_dir PASSED [ 15%]
tests/unit/test_file_operations.py::TestFileOperations::test_ensure_directory_failure PASSED [ 16%]
tests/unit/test_file_operations.py::TestFileOperations::test_safe_append_new_file PASSED [ 16%]
tests/unit/test_file_operations.py::TestFileOperations::test_safe_append_existing_file PASSED [ 16%]
tests/unit/test_file_operations.py::TestFileOperations::test_safe_append_creates_parent_dirs PASSED [ 17%]
tests/unit/test_file_operations.py::TestFileOperations::test_safe_append_with_encoding PASSED [ 17%]
tests/unit/test_file_operations.py::TestFileOperations::test_safe_append_failure PASSED [ 17%]
tests/unit/test_full_review.py::TestFullReviewDisplay::test_render_full_checkpoint PASSED [ 17%]
tests/unit/test_full_review.py::TestFullReviewDisplay::test_display_header_with_escalation PASSED [ 18%]
tests/unit/test_full_review.py::TestFullReviewDisplay::test_display_complexity_breakdown_with_triggers PASSED [ 18%]
tests/unit/test_full_review.py::TestFullReviewDisplay::test_display_risk_assessment_with_details PASSED [ 18%]
tests/unit/test_full_review.py::TestFullReviewDisplay::test_display_implementation_order_with_phases PASSED [ 19%]
tests/unit/test_full_review.py::TestFullReviewHandler::test_handle_approval PASSED [ 19%]
tests/unit/test_full_review.py::TestFullReviewHandler::test_handle_approval_escalated PASSED [ 19%]
tests/unit/test_full_review.py::TestFullReviewHandler::test_handle_cancellation_confirmed PASSED [ 20%]
tests/unit/test_full_review.py::TestFullReviewHandler::test_handle_cancellation_aborted PASSED [ 20%]
tests/unit/test_full_review.py::TestFullReviewHandler::test_handle_cancellation_forced PASSED [ 20%]
tests/unit/test_full_review.py::TestFullReviewHandler::test_execute_approve_flow PASSED [ 21%]
tests/unit/test_full_review.py::TestFullReviewHandler::test_execute_modify_stub FAILED [ 21%]
tests/unit/test_full_review.py::TestFullReviewHandler::test_execute_view_stub FAILED [ 21%]
tests/unit/test_full_review.py::TestFullReviewHandler::test_execute_question_stub FAILED [ 21%]
tests/unit/test_full_review.py::TestFullReviewHandler::test_execute_invalid_input_retry PASSED [ 22%]
tests/unit/test_full_review.py::TestFullReviewHandler::test_execute_empty_input PASSED [ 22%]
tests/unit/test_full_review.py::TestFullReviewResult::test_to_dict PASSED [ 22%]
tests/unit/test_full_review.py::TestFileOperations::test_move_task_to_backlog FAILED [ 23%]
tests/unit/test_json_serializer.py::TestJsonSerializer::test_serialize_valid_data PASSED [ 23%]
tests/unit/test_json_serializer.py::TestJsonSerializer::test_serialize_with_indent PASSED [ 23%]
tests/unit/test_json_serializer.py::TestJsonSerializer::test_serialize_compact PASSED [ 24%]
tests/unit/test_json_serializer.py::TestJsonSerializer::test_serialize_invalid_data PASSED [ 24%]
tests/unit/test_json_serializer.py::TestJsonSerializer::test_deserialize_valid_json PASSED [ 24%]
tests/unit/test_json_serializer.py::TestJsonSerializer::test_deserialize_invalid_json PASSED [ 25%]
tests/unit/test_json_serializer.py::TestJsonSerializer::test_safe_load_file_exists PASSED [ 25%]
tests/unit/test_json_serializer.py::TestJsonSerializer::test_safe_load_file_missing PASSED [ 25%]
tests/unit/test_json_serializer.py::TestJsonSerializer::test_safe_load_file_corrupted PASSED [ 25%]
tests/unit/test_json_serializer.py::TestJsonSerializer::test_safe_save_file_success PASSED [ 26%]
tests/unit/test_json_serializer.py::TestJsonSerializer::test_safe_save_file_failure PASSED [ 26%]
tests/unit/test_json_serializer.py::TestJsonSerializer::test_safe_save_file_creates_parent_dir FAILED [ 26%]
tests/unit/test_metrics_storage.py::TestMetricsStorage::test_init_creates_directory PASSED [ 27%]
tests/unit/test_metrics_storage.py::TestMetricsStorage::test_init_creates_gitignore PASSED [ 27%]
tests/unit/test_metrics_storage.py::TestMetricsStorage::test_append_metric_creates_file PASSED [ 27%]
tests/unit/test_metrics_storage.py::TestMetricsStorage::test_append_metric_adds_timestamp PASSED [ 28%]
tests/unit/test_metrics_storage.py::TestMetricsStorage::test_append_metric_preserves_existing_timestamp PASSED [ 28%]
tests/unit/test_metrics_storage.py::TestMetricsStorage::test_append_multiple_metrics PASSED [ 28%]
tests/unit/test_metrics_storage.py::TestMetricsStorage::test_append_metric_atomic_write PASSED [ 28%]
tests/unit/test_metrics_storage.py::TestMetricsStorage::test_read_all_metrics_empty_file PASSED [ 29%]
tests/unit/test_metrics_storage.py::TestMetricsStorage::test_read_all_metrics_single PASSED [ 29%]
tests/unit/test_metrics_storage.py::TestMetricsStorage::test_read_all_metrics_multiple PASSED [ 29%]
tests/unit/test_metrics_storage.py::TestMetricsStorage::test_read_all_metrics_skips_empty_lines PASSED [ 30%]
tests/unit/test_metrics_storage.py::TestMetricsStorage::test_read_all_metrics_handles_corrupted_lines PASSED [ 30%]
tests/unit/test_metrics_storage.py::TestMetricsStorage::test_read_recent_metrics_filters_by_date PASSED [ 30%]
tests/unit/test_metrics_storage.py::TestMetricsStorage::test_read_recent_metrics_handles_no_timestamp PASSED [ 31%]
tests/unit/test_metrics_storage.py::TestMetricsStorage::test_read_recent_metrics_handles_invalid_timestamp PASSED [ 31%]
tests/unit/test_metrics_storage.py::TestMetricsStorage::test_count_metrics_empty PASSED [ 31%]
tests/unit/test_metrics_storage.py::TestMetricsStorage::test_count_metrics_multiple PASSED [ 32%]
tests/unit/test_metrics_storage.py::TestMetricsStorage::test_count_metrics_ignores_empty_lines PASSED [ 32%]
tests/unit/test_metrics_storage.py::TestMetricsStorage::test_clear_old_metrics_removes_old PASSED [ 32%]
tests/unit/test_metrics_storage.py::TestMetricsStorage::test_clear_old_metrics_clears_all_if_none_recent PASSED [ 32%]
tests/unit/test_metrics_storage.py::TestMetricsStorage::test_clear_old_metrics_returns_count PASSED [ 33%]
tests/unit/test_metrics_storage.py::TestMetricsStorage::test_append_metric_failure_handling FAILED [ 33%]
tests/unit/test_modification_modules.py::TestSessionState::test_all_states_defined PASSED [ 33%]
tests/unit/test_modification_modules.py::TestSessionState::test_state_values PASSED [ 34%]
tests/unit/test_modification_modules.py::TestSessionMetadata::test_create_metadata PASSED [ 34%]
tests/unit/test_modification_modules.py::TestSessionMetadata::test_to_dict_serialization PASSED [ 34%]
tests/unit/test_modification_modules.py::TestModificationSession::test_initialization PASSED [ 35%]
tests/unit/test_modification_modules.py::TestModificationSession::test_start_session PASSED [ 35%]
tests/unit/test_modification_modules.py::TestModificationSession::test_start_session_twice_raises_error PASSED [ 35%]
tests/unit/test_modification_modules.py::TestModificationSession::test_end_session PASSED [ 35%]
tests/unit/test_modification_modules.py::TestModificationSession::test_end_session_without_save PASSED [ 36%]
tests/unit/test_modification_modules.py::TestModificationSession::test_end_session_when_not_active_raises_error PASSED [ 36%]
tests/unit/test_modification_modules.py::TestModificationSession::test_cancel_session PASSED [ 36%]
tests/unit/test_modification_modules.py::TestModificationSession::test_error_session PASSED [ 37%]
tests/unit/test_modification_modules.py::TestModificationSession::test_has_unsaved_changes PASSED [ 37%]
tests/unit/test_modification_modules.py::TestModificationSession::test_get_duration_seconds PASSED [ 37%]
tests/unit/test_modification_modules.py::TestModificationSession::test_session_metadata_property PASSED [ 38%]
tests/unit/test_modification_modules.py::TestModificationApplier::test_initialization PASSED [ 38%]
tests/unit/test_modification_modules.py::TestModificationApplier::test_apply_no_changes PASSED [ 38%]
tests/unit/test_modification_modules.py::TestModificationApplier::test_apply_file_added PASSED [ 39%]
tests/unit/test_modification_modules.py::TestModificationApplier::test_apply_file_removed PASSED [ 39%]
tests/unit/test_modification_modules.py::TestModificationApplier::test_apply_dependency_added PASSED [ 39%]
tests/unit/test_modification_modules.py::TestModificationApplier::test_apply_dependency_removed PASSED [ 39%]
tests/unit/test_modification_modules.py::TestModificationApplier::test_apply_phase_added PASSED [ 40%]
tests/unit/test_modification_modules.py::TestModificationApplier::test_apply_phase_removed PASSED [ 40%]
tests/unit/test_modification_modules.py::TestModificationApplier::test_apply_metadata_updated PASSED [ 40%]
tests/unit/test_modification_modules.py::TestModificationApplier::test_apply_multiple_changes_in_order PASSED [ 41%]
tests/unit/test_modification_modules.py::TestModificationApplier::test_validate_changes_no_errors PASSED [ 41%]
tests/unit/test_modification_modules.py::TestModificationApplier::test_validate_changes_conflicting_file_operations PASSED [ 41%]
tests/unit/test_modification_modules.py::TestModificationApplier::test_validate_changes_remove_nonexistent_file PASSED [ 42%]
tests/unit/test_modification_modules.py::TestModificationApplier::test_get_change_summary PASSED [ 42%]
tests/unit/test_modification_modules.py::TestModificationPersistence::test_initialization PASSED [ 42%]
tests/unit/test_modification_modules.py::TestModificationPersistence::test_save_session PASSED [ 42%]
tests/unit/test_modification_modules.py::TestModificationPersistence::test_load_session PASSED [ 43%]
tests/unit/test_modification_modules.py::TestModificationPersistence::test_load_nonexistent_session PASSED [ 43%]
tests/unit/test_modification_modules.py::TestModificationPersistence::test_list_sessions PASSED [ 43%]
tests/unit/test_modification_modules.py::TestModificationPersistence::test_get_session_metadata PASSED [ 44%]
tests/unit/test_modification_modules.py::TestModificationPersistence::test_delete_session PASSED [ 44%]
tests/unit/test_modification_modules.py::TestModificationPersistence::test_delete_nonexistent_session PASSED [ 44%]
tests/unit/test_modification_modules.py::TestModificationPersistence::test_get_latest_session_id PASSED [ 45%]
tests/unit/test_modification_modules.py::TestPlanVersion::test_create_version PASSED [ 45%]
tests/unit/test_modification_modules.py::TestPlanVersion::test_to_dict_serialization PASSED [ 45%]
tests/unit/test_modification_modules.py::TestPlanVersion::test_from_dict_deserialization PASSED [ 46%]
tests/unit/test_modification_modules.py::TestPlanVersion::test_get_summary PASSED [ 46%]
tests/unit/test_modification_modules.py::TestVersionManager::test_initialization PASSED [ 46%]
tests/unit/test_modification_modules.py::TestVersionManager::test_create_version PASSED [ 46%]
tests/unit/test_modification_modules.py::TestVersionManager::test_create_multiple_versions PASSED [ 47%]
tests/unit/test_modification_modules.py::TestVersionManager::test_get_version PASSED [ 47%]
tests/unit/test_modification_modules.py::TestVersionManager::test_get_nonexistent_version PASSED [ 47%]
tests/unit/test_modification_modules.py::TestVersionManager::test_get_latest_version PASSED [ 48%]
tests/unit/test_modification_modules.py::TestVersionManager::test_get_version_history PASSED [ 48%]
tests/unit/test_modification_modules.py::TestVersionManager::test_get_version_count PASSED [ 48%]
tests/unit/test_modification_modules.py::TestVersionManager::test_compare_versions PASSED [ 49%]
tests/unit/test_modification_modules.py::TestVersionManager::test_delete_version PASSED [ 49%]
tests/unit/test_modification_modules.py::TestVersionManager::test_cannot_delete_v1_with_other_versions PASSED [ 49%]
tests/unit/test_modification_modules.py::TestVersionManager::test_persistence_across_instances PASSED [ 50%]
tests/unit/test_pager_display.py::TestUnixPagerStrategy::test_select_pager_prefers_env_variable PASSED [ 50%]
tests/unit/test_pager_display.py::TestUnixPagerStrategy::test_select_pager_falls_back_to_less PASSED [ 50%]
tests/unit/test_pager_display.py::TestUnixPagerStrategy::test_select_pager_falls_back_to_more PASSED [ 50%]
tests/unit/test_pager_display.py::TestUnixPagerStrategy::test_select_pager_no_pager_available PASSED [ 51%]
tests/unit/test_pager_display.py::TestUnixPagerStrategy::test_command_exists_returns_true_for_existing_command PASSED [ 51%]
tests/unit/test_pager_display.py::TestUnixPagerStrategy::test_command_exists_returns_false_for_nonexistent_command PASSED [ 51%]
tests/unit/test_pager_display.py::TestUnixPagerStrategy::test_command_exists_handles_exceptions PASSED [ 52%]
tests/unit/test_pager_display.py::TestUnixPagerStrategy::test_display_success_with_less PASSED [ 52%]
tests/unit/test_pager_display.py::TestUnixPagerStrategy::test_display_fails_when_no_pager_available PASSED [ 52%]
tests/unit/test_pager_display.py::TestUnixPagerStrategy::test_display_handles_subprocess_error PASSED [ 53%]
tests/unit/test_pager_display.py::TestUnixPagerStrategy::test_build_command_for_less PASSED [ 53%]
tests/unit/test_pager_display.py::TestUnixPagerStrategy::test_build_command_for_more PASSED [ 53%]
tests/unit/test_pager_display.py::TestUnixPagerStrategy::test_is_available_returns_true_when_pager_exists PASSED [ 53%]
tests/unit/test_pager_display.py::TestUnixPagerStrategy::test_is_available_returns_false_when_no_pager PASSED [ 54%]
tests/unit/test_pager_display.py::TestWindowsPagerStrategy::test_display_success PASSED [ 54%]
tests/unit/test_pager_display.py::TestWindowsPagerStrategy::test_display_handles_error PASSED [ 54%]
tests/unit/test_pager_display.py::TestWindowsPagerStrategy::test_is_available_on_windows PASSED [ 55%]
tests/unit/test_pager_display.py::TestWindowsPagerStrategy::test_is_available_on_non_windows PASSED [ 55%]
tests/unit/test_pager_display.py::TestFallbackPagerStrategy::test_display_prints_content PASSED [ 55%]
tests/unit/test_pager_display.py::TestFallbackPagerStrategy::test_display_without_title PASSED [ 56%]
tests/unit/test_pager_display.py::TestFallbackPagerStrategy::test_is_available_always_true PASSED [ 56%]
tests/unit/test_pager_display.py::TestPagerDisplay::test_select_strategy_unix_linux PASSED [ 56%]
tests/unit/test_pager_display.py::TestPagerDisplay::test_select_strategy_unix_darwin PASSED [ 57%]
tests/unit/test_pager_display.py::TestPagerDisplay::test_select_strategy_windows PASSED [ 57%]
tests/unit/test_pager_display.py::TestPagerDisplay::test_select_strategy_fallback_unknown_platform PASSED [ 57%]
tests/unit/test_pager_display.py::TestPagerDisplay::test_select_strategy_fallback_pager_unavailable PASSED [ 57%]
tests/unit/test_pager_display.py::TestPagerDisplay::test_show_plan_formats_and_displays PASSED [ 58%]
tests/unit/test_pager_display.py::TestPagerDisplay::test_show_content_passes_to_strategy PASSED [ 58%]
tests/unit/test_pager_display.py::TestPagerDisplay::test_format_plan_includes_all_sections PASSED [ 58%]
tests/unit/test_pager_display.py::TestPagerDisplay::test_format_plan_handles_missing_optional_fields PASSED [ 59%]
tests/unit/test_pager_display.py::TestEdgeCases::test_empty_content_display PASSED [ 59%]
tests/unit/test_pager_display.py::TestEdgeCases::test_very_long_content PASSED [ 59%]
tests/unit/test_pager_display.py::TestEdgeCases::test_content_with_special_characters PASSED [ 60%]
tests/unit/test_pager_display.py::TestEdgeCases::test_plan_with_unicode_characters PASSED [ 60%]
tests/unit/test_pager_display.py::TestEdgeCases::test_pager_timeout_handling PASSED [ 60%]
tests/unit/test_path_resolver.py::TestPathResolver::test_resolve_project_root_with_git FAILED [ 60%]
tests/unit/test_path_resolver.py::TestPathResolver::test_resolve_project_root_without_git FAILED [ 61%]
tests/unit/test_path_resolver.py::TestPathResolver::test_resolve_project_root_from_various_depths FAILED [ 61%]
tests/unit/test_path_resolver.py::TestPathResolver::test_get_settings_path FAILED [ 61%]
tests/unit/test_path_resolver.py::TestPathResolver::test_get_settings_path_from_nested FAILED [ 62%]
tests/unit/test_path_resolver.py::TestPathResolver::test_get_metrics_dir FAILED [ 62%]
tests/unit/test_path_resolver.py::TestPathResolver::test_get_metrics_dir_from_nested FAILED [ 62%]
tests/unit/test_path_resolver.py::TestPathResolver::test_get_metrics_file_default FAILED [ 63%]
tests/unit/test_path_resolver.py::TestPathResolver::test_get_metrics_file_custom_filename FAILED [ 63%]
tests/unit/test_path_resolver.py::TestPathResolver::test_from_env_or_default_with_env_set PASSED [ 63%]
tests/unit/test_path_resolver.py::TestPathResolver::test_from_env_or_default_without_env PASSED [ 64%]
tests/unit/test_path_resolver.py::TestPathResolver::test_from_env_or_default_with_empty_env PASSED [ 64%]
tests/unit/test_plan_review_config.py::TestPlanReviewConfig::test_singleton_instance PASSED [ 64%]
tests/unit/test_plan_review_config.py::TestPlanReviewConfig::test_default_configuration PASSED [ 64%]
tests/unit/test_plan_review_config.py::TestPlanReviewConfig::test_load_from_settings_file PASSED [ 65%]
tests/unit/test_plan_review_config.py::TestPlanReviewConfig::test_environment_variable_overrides PASSED [ 65%]
tests/unit/test_plan_review_config.py::TestPlanReviewConfig::test_cli_overrides_highest_priority PASSED [ 65%]
tests/unit/test_plan_review_config.py::TestPlanReviewConfig::test_get_threshold_auto_approve PASSED [ 66%]
tests/unit/test_plan_review_config.py::TestPlanReviewConfig::test_get_threshold_approve_with_recommendations PASSED [ 66%]
tests/unit/test_plan_review_config.py::TestPlanReviewConfig::test_get_threshold_reject PASSED [ 66%]
tests/unit/test_plan_review_config.py::TestPlanReviewConfig::test_get_threshold_with_stack_override PASSED [ 67%]
tests/unit/test_plan_review_config.py::TestPlanReviewConfig::test_should_force_review_complexity PASSED [ 67%]
tests/unit/test_plan_review_config.py::TestPlanReviewConfig::test_should_force_review_keywords PASSED [ 67%]
tests/unit/test_plan_review_config.py::TestPlanReviewConfig::test_get_timeout_architectural_review PASSED [ 67%]
tests/unit/test_plan_review_config.py::TestPlanReviewConfig::test_get_timeout_human_checkpoint PASSED [ 68%]
tests/unit/test_plan_review_config.py::TestPlanReviewConfig::test_get_timeout_invalid_stage PASSED [ 68%]
tests/unit/test_plan_review_config.py::TestPlanReviewConfig::test_get_weights PASSED [ 68%]
tests/unit/test_plan_review_config.py::TestPlanReviewConfig::test_get_metrics_retention_days PASSED [ 69%]
tests/unit/test_plan_review_config.py::TestPlanReviewConfig::test_get_metrics_output_format PASSED [ 69%]
tests/unit/test_plan_review_config.py::TestPlanReviewConfig::test_reload_configuration PASSED [ 69%]
tests/unit/test_plan_review_config.py::TestPlanReviewConfig::test_reload_clears_cli_overrides PASSED [ 70%]
tests/unit/test_plan_review_config.py::TestPlanReviewConfig::test_get_raw_config PASSED [ 70%]
tests/unit/test_plan_review_config.py::TestPlanReviewConfig::test_graceful_degradation_on_invalid_config PASSED [ 70%]
tests/unit/test_plan_review_config.py::TestPlanReviewConfig::test_env_auto_approve_threshold_override PASSED [ 71%]
tests/unit/test_plan_review_config.py::TestPlanReviewConfig::test_merge_configs_deep_merge PASSED [ 71%]
tests/unit/test_plan_review_dashboard.py::TestPlanReviewDashboard::test_render_empty_data PASSED [ 71%]
tests/unit/test_plan_review_dashboard.py::TestPlanReviewDashboard::test_render_with_data PASSED [ 71%]
tests/unit/test_plan_review_dashboard.py::TestPlanReviewDashboard::test_render_invalid_format PASSED [ 72%]
tests/unit/test_plan_review_dashboard.py::TestPlanReviewDashboard::test_aggregate_metrics_empty PASSED [ 72%]
tests/unit/test_plan_review_dashboard.py::TestPlanReviewDashboard::test_aggregate_metrics_complexity_distribution PASSED [ 72%]
tests/unit/test_plan_review_dashboard.py::TestPlanReviewDashboard::test_aggregate_metrics_decisions PASSED [ 73%]
tests/unit/test_plan_review_dashboard.py::TestPlanReviewDashboard::test_aggregate_metrics_averages PASSED [ 73%]
tests/unit/test_plan_review_dashboard.py::TestPlanReviewDashboard::test_aggregate_metrics_forced_reviews PASSED [ 73%]
tests/unit/test_plan_review_dashboard.py::TestPlanReviewDashboard::test_aggregate_metrics_human_overrides PASSED [ 74%]
tests/unit/test_plan_review_dashboard.py::TestPlanReviewDashboard::test_aggregate_metrics_by_stack PASSED [ 74%]
tests/unit/test_plan_review_dashboard.py::TestPlanReviewDashboard::test_aggregate_metrics_outcomes PASSED [ 74%]
tests/unit/test_plan_review_dashboard.py::TestPlanReviewDashboard::test_complexity_buckets PASSED [ 75%]
tests/unit/test_plan_review_dashboard.py::TestPlanReviewDashboard::test_render_bar_zero_max PASSED [ 75%]
tests/unit/test_plan_review_dashboard.py::TestPlanReviewDashboard::test_render_bar_scaling PASSED [ 75%]
tests/unit/test_plan_review_dashboard.py::TestPlanReviewDashboard::test_render_bar_width PASSED [ 75%]
tests/unit/test_plan_review_dashboard.py::TestPlanReviewDashboard::test_render_bar_overflow_protection PASSED [ 76%]
tests/unit/test_plan_review_dashboard.py::TestPlanReviewDashboard::test_render_terminal_header PASSED [ 76%]
tests/unit/test_plan_review_dashboard.py::TestPlanReviewDashboard::test_render_terminal_decisions_section PASSED [ 76%]
tests/unit/test_plan_review_dashboard.py::TestPlanReviewDashboard::test_render_terminal_complexity_section PASSED [ 77%]
tests/unit/test_plan_review_dashboard.py::TestPlanReviewDashboard::test_render_terminal_by_stack_section PASSED [ 77%]
tests/unit/test_plan_review_dashboard.py::TestPlanReviewDashboard::test_render_terminal_outcomes_section PASSED [ 77%]
tests/unit/test_plan_review_dashboard.py::TestPlanReviewDashboard::test_print_dashboard PASSED [ 78%]
tests/unit/test_plan_review_dashboard.py::TestPlanReviewDashboard::test_render_with_custom_days PASSED [ 78%]
tests/unit/test_plan_review_dashboard.py::TestPlanReviewDashboard::test_default_initialization PASSED [ 78%]
tests/unit/test_plan_review_metrics.py::TestPlanReviewMetrics::test_track_complexity_writes_metric PASSED [ 78%]
tests/unit/test_plan_review_metrics.py::TestPlanReviewMetrics::test_track_complexity_disabled PASSED [ 79%]
tests/unit/test_plan_review_metrics.py::TestPlanReviewMetrics::test_track_decision_writes_metric PASSED [ 79%]
tests/unit/test_plan_review_metrics.py::TestPlanReviewMetrics::test_track_decision_without_recommendations PASSED [ 79%]
tests/unit/test_plan_review_metrics.py::TestPlanReviewMetrics::test_track_decision_disabled PASSED [ 80%]
tests/unit/test_plan_review_metrics.py::TestPlanReviewMetrics::test_track_outcome_writes_metric PASSED [ 80%]
tests/unit/test_plan_review_metrics.py::TestPlanReviewMetrics::test_track_outcome_with_override PASSED [ 80%]
tests/unit/test_plan_review_metrics.py::TestPlanReviewMetrics::test_track_outcome_disabled PASSED [ 81%]
tests/unit/test_plan_review_metrics.py::TestPlanReviewMetrics::test_track_threshold_adjustment_writes_metric PASSED [ 81%]
tests/unit/test_plan_review_metrics.py::TestPlanReviewMetrics::test_track_threshold_adjustment_global PASSED [ 81%]
tests/unit/test_plan_review_metrics.py::TestPlanReviewMetrics::test_get_recent_metrics PASSED [ 82%]
tests/unit/test_plan_review_metrics.py::TestPlanReviewMetrics::test_get_recent_metrics_filters_by_date PASSED [ 82%]
tests/unit/test_plan_review_metrics.py::TestPlanReviewMetrics::test_cleanup_old_metrics PASSED [ 82%]
tests/unit/test_plan_review_metrics.py::TestPlanReviewMetrics::test_multiple_metric_types PASSED [ 82%]
tests/unit/test_plan_review_metrics.py::TestPlanReviewMetrics::test_integration_with_storage PASSED [ 83%]
tests/unit/test_plan_review_metrics.py::TestPlanReviewMetrics::test_default_initialization PASSED [ 83%]
tests/unit/test_qa_manager.py::TestQAExchange::test_qa_exchange_creation PASSED [ 83%]
tests/unit/test_qa_manager.py::TestQAExchange::test_qa_exchange_to_dict PASSED [ 84%]
tests/unit/test_qa_manager.py::TestQASession::test_qa_session_creation PASSED [ 84%]
tests/unit/test_qa_manager.py::TestQASession::test_qa_session_with_exchanges PASSED [ 84%]
tests/unit/test_qa_manager.py::TestQASession::test_qa_session_to_dict PASSED [ 85%]
tests/unit/test_qa_manager.py::TestKeywordMatcher::test_match_rationale_keywords PASSED [ 85%]
tests/unit/test_qa_manager.py::TestKeywordMatcher::test_match_testing_keywords PASSED [ 85%]
tests/unit/test_qa_manager.py::TestKeywordMatcher::test_match_risk_keywords PASSED [ 85%]
tests/unit/test_qa_manager.py::TestKeywordMatcher::test_match_duration_keywords PASSED [ 86%]
tests/unit/test_qa_manager.py::TestKeywordMatcher::test_match_files_keywords PASSED [ 86%]
tests/unit/test_qa_manager.py::TestKeywordMatcher::test_match_dependencies_keywords PASSED [ 86%]
tests/unit/test_qa_manager.py::TestKeywordMatcher::test_match_phases_keywords PASSED [ 87%]
tests/unit/test_qa_manager.py::TestKeywordMatcher::test_match_complexity_keywords PASSED [ 87%]
tests/unit/test_qa_manager.py::TestKeywordMatcher::test_match_no_keywords_general PASSED [ 87%]
tests/unit/test_qa_manager.py::TestKeywordMatcher::test_match_case_insensitive PASSED [ 88%]
tests/unit/test_qa_manager.py::TestKeywordMatcher::test_match_multiple_keywords PASSED [ 88%]
tests/unit/test_qa_manager.py::TestPlanSectionExtractor::test_extract_rationale PASSED [ 88%]
tests/unit/test_qa_manager.py::TestPlanSectionExtractor::test_extract_testing PASSED [ 89%]
tests/unit/test_qa_manager.py::TestPlanSectionExtractor::test_extract_risks PASSED [ 89%]
tests/unit/test_qa_manager.py::TestPlanSectionExtractor::test_extract_duration PASSED [ 89%]
tests/unit/test_qa_manager.py::TestPlanSectionExtractor::test_extract_files PASSED [ 89%]
tests/unit/test_qa_manager.py::TestPlanSectionExtractor::test_extract_dependencies PASSED [ 90%]
tests/unit/test_qa_manager.py::TestPlanSectionExtractor::test_extract_phases PASSED [ 90%]
tests/unit/test_qa_manager.py::TestPlanSectionExtractor::test_extract_complexity PASSED [ 90%]
tests/unit/test_qa_manager.py::TestPlanSectionExtractor::test_extract_general PASSED [ 91%]
tests/unit/test_qa_manager.py::TestPlanSectionExtractor::test_build_section_result PASSED [ 91%]
tests/unit/test_qa_manager.py::TestQAManager::test_qa_manager_initialization PASSED [ 91%]
tests/unit/test_qa_manager.py::TestQAManager::test_qa_manager_with_injected_dependencies PASSED [ 92%]
tests/unit/test_qa_manager.py::TestQAManager::test_run_qa_session_single_question PASSED [ 92%]
tests/unit/test_qa_manager.py::TestQAManager::test_run_qa_session_multiple_questions PASSED [ 92%]
tests/unit/test_qa_manager.py::TestQAManager::test_run_qa_session_help_command PASSED [ 92%]
tests/unit/test_qa_manager.py::TestQAManager::test_run_qa_session_empty_questions PASSED [ 93%]
tests/unit/test_qa_manager.py::TestQAManager::test_run_qa_session_keyboard_interrupt PASSED [ 93%]
tests/unit/test_qa_manager.py::TestQAManager::test_generate_answer PASSED [ 93%]
tests/unit/test_qa_manager.py::TestQAManager::test_generate_answer_multiple_keywords PASSED [ 94%]
tests/unit/test_qa_manager.py::TestQAManager::test_generate_answer_single_keyword PASSED [ 94%]
tests/unit/test_qa_manager.py::TestQAManager::test_generate_answer_general PASSED [ 94%]
tests/unit/test_qa_manager.py::TestQAManager::test_display_answer PASSED [ 95%]
tests/unit/test_qa_manager.py::TestQAManager::test_display_help PASSED   [ 95%]
tests/unit/test_qa_manager.py::TestQAManager::test_save_to_metadata PASSED [ 95%]
tests/unit/test_qa_manager.py::TestQAManager::test_save_to_metadata_no_session PASSED [ 96%]
tests/unit/test_qa_manager.py::TestQAManager::test_save_to_metadata_file_not_found PASSED [ 96%]
tests/unit/test_qa_manager.py::TestQAManagerIntegration::test_complete_qa_workflow PASSED [ 96%]
tests/integration/test_config_metrics_integration.py::TestConfigMetricsIntegration::test_end_to_end_workflow PASSED [ 96%]
tests/integration/test_config_metrics_integration.py::TestConfigMetricsIntegration::test_configuration_affects_metrics_tracking PASSED [ 97%]
tests/integration/test_config_metrics_integration.py::TestConfigMetricsIntegration::test_stack_overrides_work_end_to_end PASSED [ 97%]
tests/integration/test_config_metrics_integration.py::TestConfigMetricsIntegration::test_metrics_survive_config_reload FAILED [ 97%]
tests/integration/test_config_metrics_integration.py::TestConfigMetricsIntegration::test_metrics_retention_cleanup PASSED [ 98%]
tests/integration/test_config_metrics_integration.py::TestConfigMetricsIntegration::test_dashboard_aggregates_across_stacks PASSED [ 98%]
tests/integration/test_config_metrics_integration.py::TestConfigMetricsIntegration::test_environment_overrides_affect_tracking PASSED [ 98%]
tests/integration/test_config_metrics_integration.py::TestConfigMetricsIntegration::test_cli_overrides_affect_decisions PASSED [ 99%]
tests/integration/test_config_metrics_integration.py::TestConfigMetricsIntegration::test_complete_task_lifecycle PASSED [ 99%]
tests/integration/test_config_metrics_integration.py::TestConfigMetricsIntegration::test_dashboard_performance_with_many_metrics PASSED [ 99%]
tests/integration/test_config_metrics_integration.py::TestConfigMetricsIntegration::test_concurrent_metrics_tracking PASSED [100%]

=================================== FAILURES ===================================
________________ TestFullReviewHandler.test_execute_modify_stub ________________
tests/unit/test_full_review.py:438: in test_execute_modify_stub
    result = handler.execute()
             ^^^^^^^^^^^^^^^^^
installer/global/commands/lib/review_modes.py:851: in execute
    choice = self._prompt_for_decision()
             ^^^^^^^^^^^^^^^^^^^^^^^^^^^
installer/global/commands/lib/review_modes.py:912: in _prompt_for_decision
    choice = input("Your choice (A/M/V/Q/C): ").strip().lower()
             ^^^^^^^^^^^^^^^^^^^^^^^^^^^^^^^^^^
/opt/homebrew/Cellar/python@3.12/3.12.4/Frameworks/Python.framework/Versions/3.12/lib/python3.12/unittest/mock.py:1134: in __call__
    return self._mock_call(*args, **kwargs)
           ^^^^^^^^^^^^^^^^^^^^^^^^^^^^^^^^
/opt/homebrew/Cellar/python@3.12/3.12.4/Frameworks/Python.framework/Versions/3.12/lib/python3.12/unittest/mock.py:1138: in _mock_call
    return self._execute_mock_call(*args, **kwargs)
           ^^^^^^^^^^^^^^^^^^^^^^^^^^^^^^^^^^^^^^^^
/opt/homebrew/Cellar/python@3.12/3.12.4/Frameworks/Python.framework/Versions/3.12/lib/python3.12/unittest/mock.py:1195: in _execute_mock_call
    result = next(effect)
             ^^^^^^^^^^^^
E   StopIteration
----------------------------- Captured stdout call -----------------------------

================================================================================
IMPLEMENTATION PLAN REVIEW
================================================================================

Task: TASK-001 - Implement JWT Authentication
Complexity: üî¥ 8/10
Estimated Time: ~2-3 hours

üìä COMPLEXITY BREAKDOWN:

  üü° File Complexity: 2.0/3.0 points
     ‚Üí 6 files to create/modify (moderate scope)

  üü° Pattern Familiarity: 1.0/2.0 points
     ‚Üí Uses Strategy pattern (familiar)

  üî¥ Risk Level: 3.0/3.0 points
     ‚Üí High risk: Authentication changes

  ‚ö° FORCE-REVIEW TRIGGERS:
     - Security Keywords

üìÅ CHANGES SUMMARY:

  Files to Create/Modify: 3
    - src/auth/login.py
    - src/auth/session.py
    - tests/test_auth.py

  External Dependencies: 2
    - jwt
    - bcrypt

  Test Strategy:
    Unit tests for auth logic, integration tests for API

‚ö†Ô∏è RISK ASSESSMENT:

  üî¥ HIGH: Authentication bypass vulnerability
     Mitigation: Use established JWT library, security review

  üü° MEDIUM: Session handling complexity
     Mitigation: Follow stateless JWT pattern

üìã IMPLEMENTATION ORDER:

  1. Phase 1: JWT token generation (~30 min)

  2. Phase 2: Login endpoint implementation (~45 min)

  3. Phase 3: Session middleware (~30 min)

  4. Phase 4: Testing and validation (~60 min)

  Estimated Lines of Code: ~350

================================================================================

DECISION OPTIONS:
  [A] Approve  - Proceed with this plan as-is
  [M] Modify   - Interactively edit the plan
  [V] View     - See full implementation plan in pager
  [Q] Question - Ask questions about the plan
  [C] Cancel   - Return task to backlog


üîß Entering modification mode...


Starting modification session: session-TASK-001-20251010103808819785
Task: TASK-001
Time: 2025-10-10T10:38:08.819808+00:00


============================================================
MODIFICATION MENU
============================================================

[F] Add/Remove Files
[D] Add/Remove Dependencies
[P] View/Modify Phases
[M] Update Metadata (LOC, duration)
[S] Show Changes Summary
[A] Apply Changes & Return to Review
[C] Cancel Modifications


‚ö†Ô∏è No changes to apply

Ending modification session: session-TASK-001-20251010103808819785
Duration: 0.0 seconds
Changes: 0


================================================================================
IMPLEMENTATION PLAN REVIEW
================================================================================

Task: TASK-001 - Implement JWT Authentication
Complexity: üî¥ 8/10
Estimated Time: ~2-3 hours

üìä COMPLEXITY BREAKDOWN:

  üü° File Complexity: 2.0/3.0 points
     ‚Üí 6 files to create/modify (moderate scope)

  üü° Pattern Familiarity: 1.0/2.0 points
     ‚Üí Uses Strategy pattern (familiar)

  üî¥ Risk Level: 3.0/3.0 points
     ‚Üí High risk: Authentication changes

  ‚ö° FORCE-REVIEW TRIGGERS:
     - Security Keywords

üìÅ CHANGES SUMMARY:

  Files to Create/Modify: 3
    - src/auth/login.py
    - src/auth/session.py
    - tests/test_auth.py

  External Dependencies: 2
    - jwt
    - bcrypt

  Test Strategy:
    Unit tests for auth logic, integration tests for API

‚ö†Ô∏è RISK ASSESSMENT:

  üî¥ HIGH: Authentication bypass vulnerability
     Mitigation: Use established JWT library, security review

  üü° MEDIUM: Session handling complexity
     Mitigation: Follow stateless JWT pattern

üìã IMPLEMENTATION ORDER:

  1. Phase 1: JWT token generation (~30 min)

  2. Phase 2: Login endpoint implementation (~45 min)

  3. Phase 3: Session middleware (~30 min)

  4. Phase 4: Testing and validation (~60 min)

  Estimated Lines of Code: ~350

================================================================================

DECISION OPTIONS:
  [A] Approve  - Proceed with this plan as-is
  [M] Modify   - Interactively edit the plan
  [V] View     - See full implementation plan in pager
  [Q] Question - Ask questions about the plan
  [C] Cancel   - Return task to backlog


‚ùå Error during full review: 
_________________ TestFullReviewHandler.test_execute_view_stub _________________
tests/unit/test_full_review.py:465: in test_execute_view_stub
    assert "View mode coming soon (TASK-003B-3)" in captured.out
E   AssertionError: assert 'View mode coming soon (TASK-003B-3)' in '\n================================================================================\nIMPLEMENTATION PLAN REVIEW\n================================================================================\n\nTask: TASK-001 - Implement JWT Authentication\nComplexity: \U0001f534 8/10\nEstimated Time: ~2-3 hours\n\n\U0001f4ca COMPLEXITY BREAKDOWN:\n\n  \U0001f7e1 File Complexity: 2.0/3.0 points\n     \u2192 6 files to create/modify (moderate scope)\n\n  \U0001f7e1 Pattern Familiarity: 1.0/2.0 points\n     \u2192 Uses Strategy pattern (familiar)\n\n  \U0001f534 Risk Level: 3.0/3.0 points\n     \u2192 High risk: Authentication changes\n\n  \u26a1 FORCE-REVIEW TRIGGERS:\n     - Security Keywords\n\n\U0001f4c1 CHANGES SUMMARY:\n\n  Files to Create/Modify: 3\n    - src/auth/login.py\n    - src/auth/session.py\n    - tests/test_auth.py\n\n  External Dependencies: 2\n    - jwt\n    - bcrypt\n\n  Test Strategy:\n    Unit tests for auth logic, integration tests for API\n\n\u26a0\ufe0f RISK ASSESSMENT:\n\n  \U0001f534 HIGH: Authentication bypass vulnerability\n     Mitigation: Use established JWT library, security review\n\n  \U0001f7e1 MEDIUM: Session handling complexity\n     Mitigation: Follow stateless JWT pattern\n\n\U0001f4cb IMPLEMENTATION ORDER:\n\n  1. Phase 1: JWT token generation (~30 min)\n\n  2. Phase 2: Login endpoint implementation (~45 min)\n\n  3. Phase 3: Session middleware (~30 min)\n\n  4. Phase 4: Testing and validation (~60 min)\n\n  Estimated Lines of Code: ~350\n\n================================================================================\n\nDECISION OPTIONS:\n  [A] Approve  - Proceed with this plan as-is\n  [M] Modify   - Interactively edit the plan\n  [V] View     - See full implementation plan in pager\n  [Q] Question - Ask questions about the plan\n  [C] Cancel   - Return task to backlog\n\n\n\U0001f4d6 Opening implementation plan in pager...\n\n\u2705 Plan approved!\nProceeding to Phase 3 (Implementation)...\n\n'
E    +  where '\n================================================================================\nIMPLEMENTATION PLAN REVIEW\n================================================================================\n\nTask: TASK-001 - Implement JWT Authentication\nComplexity: \U0001f534 8/10\nEstimated Time: ~2-3 hours\n\n\U0001f4ca COMPLEXITY BREAKDOWN:\n\n  \U0001f7e1 File Complexity: 2.0/3.0 points\n     \u2192 6 files to create/modify (moderate scope)\n\n  \U0001f7e1 Pattern Familiarity: 1.0/2.0 points\n     \u2192 Uses Strategy pattern (familiar)\n\n  \U0001f534 Risk Level: 3.0/3.0 points\n     \u2192 High risk: Authentication changes\n\n  \u26a1 FORCE-REVIEW TRIGGERS:\n     - Security Keywords\n\n\U0001f4c1 CHANGES SUMMARY:\n\n  Files to Create/Modify: 3\n    - src/auth/login.py\n    - src/auth/session.py\n    - tests/test_auth.py\n\n  External Dependencies: 2\n    - jwt\n    - bcrypt\n\n  Test Strategy:\n    Unit tests for auth logic, integration tests for API\n\n\u26a0\ufe0f RISK ASSESSMENT:\n\n  \U0001f534 HIGH: Authentication bypass vulnerability\n     Mitigation: Use established JWT library, security review\n\n  \U0001f7e1 MEDIUM: Session handling complexity\n     Mitigation: Follow stateless JWT pattern\n\n\U0001f4cb IMPLEMENTATION ORDER:\n\n  1. Phase 1: JWT token generation (~30 min)\n\n  2. Phase 2: Login endpoint implementation (~45 min)\n\n  3. Phase 3: Session middleware (~30 min)\n\n  4. Phase 4: Testing and validation (~60 min)\n\n  Estimated Lines of Code: ~350\n\n================================================================================\n\nDECISION OPTIONS:\n  [A] Approve  - Proceed with this plan as-is\n  [M] Modify   - Interactively edit the plan\n  [V] View     - See full implementation plan in pager\n  [Q] Question - Ask questions about the plan\n  [C] Cancel   - Return task to backlog\n\n\n\U0001f4d6 Opening implementation plan in pager...\n\n\u2705 Plan approved!\nProceeding to Phase 3 (Implementation)...\n\n' = CaptureResult(out='\n================================================================================\nIMPLEMENTATION PLAN REVIEW\n================================================================================\n\nTask: TASK-001 - Implement JWT Authentication\nComplexity: \U0001f534 8/10\nEstimated Time: ~2-3 hours\n\n\U0001f4ca COMPLEXITY BREAKDOWN:\n\n  \U0001f7e1 File Complexity: 2.0/3.0 points\n     \u2192 6 files to create/modify (moderate scope)\n\n  \U0001f7e1 Pattern Familiarity: 1.0/2.0 points\n     \u2192 Uses Strategy pattern (familiar)\n\n  \U0001f534 Risk Level: 3.0/3.0 points\n     \u2192 High risk: Authentication changes\n\n  \u26a1 FORCE-REVIEW TRIGGERS:\n     - Security Keywords\n\n\U0001f4c1 CHANGES SUMMARY:\n\n  Files to Create/Modify: 3\n    - src/auth/login.py\n    - src/auth/session.py\n    - tests/test_auth.py\n\n  External Dependencies: 2\n    - jwt\n    - bcrypt\n\n  Test Strategy:\n    Unit tests for auth logic, integration tests for API\n\n\u26a0\ufe0f RISK ASSESSMENT:\n\n  \U0001f534 HIGH: Authentication bypass vulnerability\n     Mitigation: Use established JWT library, security review\n\n  \U0001f7e1 MEDIUM: Session handling complexity\n     Mitigation: Follow stateless JWT pattern\n\n\U0001f4cb IMPLEMENTATION ORDER:\n\n  1. Phase 1: JWT token generation (~30 min)\n\n  2. Phase 2: Login endpoint implementation (~45 min)\n\n  3. Phase 3: Session middleware (~30 min)\n\n  4. Phase 4: Testing and validation (~60 min)\n\n  Estimated Lines of Code: ~350\n\n================================================================================\n\nDECISION OPTIONS:\n  [A] Approve  - Proceed with this plan as-is\n  [M] Modify   - Interactively edit the plan\n  [V] View     - See full implementation plan in pager\n  [Q] Question - Ask questions about the plan\n  [C] Cancel   - Return task to backlog\n\n\n\U0001f4d6 Opening implementation plan in pager...\n\n\u2705 Plan approved!\nProceeding to Phase 3 (Implementation)...\n\n', err='').out
----------------------------- Captured stdout call -----------------------------
Implementation Plan: TASK-001 (press q to quit): No such file or directory
======================================================================
IMPLEMENTATION PLAN: TASK-001
======================================================================

FILES TO CREATE/MODIFY:
----------------------------------------------------------------------
  - src/auth/login.py
  - src/auth/session.py
  - tests/test_auth.py

EXTERNAL DEPENDENCIES:
----------------------------------------------------------------------
  - jwt
  - bcrypt

IMPLEMENTATION PHASES:
----------------------------------------------------------------------
  1. Phase 1: JWT token generation (~30 min)
  2. Phase 2: Login endpoint implementation (~45 min)
  3. Phase 3: Session middleware (~30 min)
  4. Phase 4: Testing and validation (~60 min)

RISK ASSESSMENT:
----------------------------------------------------------------------
  [HIGH] Authentication bypass vulnerability
    Mitigation: Use established JWT library, security review

  [MEDIUM] Session handling complexity
    Mitigation: Follow stateless JWT pattern

TEST STRATEGY:
----------------------------------------------------------------------
  Unit tests for auth logic, integration tests for API

DETAILED IMPLEMENTATION PLAN:
----------------------------------------------------------------------
Implement login system with JWT authentication

======================================================================
Press 'q' to quit, arrow keys to navigate
======================================================================
_______________ TestFullReviewHandler.test_execute_question_stub _______________
tests/unit/test_full_review.py:486: in test_execute_question_stub
    result = handler.execute()
             ^^^^^^^^^^^^^^^^^
installer/global/commands/lib/review_modes.py:851: in execute
    choice = self._prompt_for_decision()
             ^^^^^^^^^^^^^^^^^^^^^^^^^^^
installer/global/commands/lib/review_modes.py:912: in _prompt_for_decision
    choice = input("Your choice (A/M/V/Q/C): ").strip().lower()
             ^^^^^^^^^^^^^^^^^^^^^^^^^^^^^^^^^^
/opt/homebrew/Cellar/python@3.12/3.12.4/Frameworks/Python.framework/Versions/3.12/lib/python3.12/unittest/mock.py:1134: in __call__
    return self._mock_call(*args, **kwargs)
           ^^^^^^^^^^^^^^^^^^^^^^^^^^^^^^^^
/opt/homebrew/Cellar/python@3.12/3.12.4/Frameworks/Python.framework/Versions/3.12/lib/python3.12/unittest/mock.py:1138: in _mock_call
    return self._execute_mock_call(*args, **kwargs)
           ^^^^^^^^^^^^^^^^^^^^^^^^^^^^^^^^^^^^^^^^
/opt/homebrew/Cellar/python@3.12/3.12.4/Frameworks/Python.framework/Versions/3.12/lib/python3.12/unittest/mock.py:1195: in _execute_mock_call
    result = next(effect)
             ^^^^^^^^^^^^
E   StopIteration
----------------------------- Captured stdout call -----------------------------

================================================================================
IMPLEMENTATION PLAN REVIEW
================================================================================

Task: TASK-001 - Implement JWT Authentication
Complexity: üî¥ 8/10
Estimated Time: ~2-3 hours

üìä COMPLEXITY BREAKDOWN:

  üü° File Complexity: 2.0/3.0 points
     ‚Üí 6 files to create/modify (moderate scope)

  üü° Pattern Familiarity: 1.0/2.0 points
     ‚Üí Uses Strategy pattern (familiar)

  üî¥ Risk Level: 3.0/3.0 points
     ‚Üí High risk: Authentication changes

  ‚ö° FORCE-REVIEW TRIGGERS:
     - Security Keywords

üìÅ CHANGES SUMMARY:

  Files to Create/Modify: 3
    - src/auth/login.py
    - src/auth/session.py
    - tests/test_auth.py

  External Dependencies: 2
    - jwt
    - bcrypt

  Test Strategy:
    Unit tests for auth logic, integration tests for API

‚ö†Ô∏è RISK ASSESSMENT:

  üî¥ HIGH: Authentication bypass vulnerability
     Mitigation: Use established JWT library, security review

  üü° MEDIUM: Session handling complexity
     Mitigation: Follow stateless JWT pattern

üìã IMPLEMENTATION ORDER:

  1. Phase 1: JWT token generation (~30 min)

  2. Phase 2: Login endpoint implementation (~45 min)

  3. Phase 3: Session middleware (~30 min)

  4. Phase 4: Testing and validation (~60 min)

  Estimated Lines of Code: ~350

================================================================================

DECISION OPTIONS:
  [A] Approve  - Proceed with this plan as-is
  [M] Modify   - Interactively edit the plan
  [V] View     - See full implementation plan in pager
  [Q] Question - Ask questions about the plan
  [C] Cancel   - Return task to backlog


======================================================================
Q&A MODE - Ask about the implementation plan
======================================================================

You can ask questions like:
  - Why was this approach chosen?
  - What are the risks?
  - How long will this take?
  - What files will be created?
  - What if [scenario] happens?

Commands:
  - Type your question and press ENTER
  - Type 'back' to return to checkpoint
  - Type 'help' for more examples


----------------------------------------------------------------------
ANSWER:
----------------------------------------------------------------------

**Plan Overview** (from Implementation Plan)

**Task**: TASK-001
**Files**: 3 files to create/modify
**Dependencies**: 2 external
**Duration**: 2-3 hours

üí° **Tip**: Ask more specific questions about:
  - 'Why was this approach chosen?' (rationale)
  - 'What are the risks?' (risk assessment)
  - 'How is this tested?' (test strategy)
  - 'What files are created?' (file details)

üí° **Note**: This is a keyword-based answer. For detailed questions, review the full plan or consult your team architect.

**Confidence**: 4/10

----------------------------------------------------------------------

‚ùå Error during Q&A session: 
Returning to checkpoint...

‚úÖ Q&A session saved to task metadata

================================================================================
IMPLEMENTATION PLAN REVIEW
================================================================================

Task: TASK-001 - Implement JWT Authentication
Complexity: üî¥ 8/10
Estimated Time: ~2-3 hours

üìä COMPLEXITY BREAKDOWN:

  üü° File Complexity: 2.0/3.0 points
     ‚Üí 6 files to create/modify (moderate scope)

  üü° Pattern Familiarity: 1.0/2.0 points
     ‚Üí Uses Strategy pattern (familiar)

  üî¥ Risk Level: 3.0/3.0 points
     ‚Üí High risk: Authentication changes

  ‚ö° FORCE-REVIEW TRIGGERS:
     - Security Keywords

üìÅ CHANGES SUMMARY:

  Files to Create/Modify: 3
    - src/auth/login.py
    - src/auth/session.py
    - tests/test_auth.py

  External Dependencies: 2
    - jwt
    - bcrypt

  Test Strategy:
    Unit tests for auth logic, integration tests for API

‚ö†Ô∏è RISK ASSESSMENT:

  üî¥ HIGH: Authentication bypass vulnerability
     Mitigation: Use established JWT library, security review

  üü° MEDIUM: Session handling complexity
     Mitigation: Follow stateless JWT pattern

üìã IMPLEMENTATION ORDER:

  1. Phase 1: JWT token generation (~30 min)

  2. Phase 2: Login endpoint implementation (~45 min)

  3. Phase 3: Session middleware (~30 min)

  4. Phase 4: Testing and validation (~60 min)

  Estimated Lines of Code: ~350

================================================================================

DECISION OPTIONS:
  [A] Approve  - Proceed with this plan as-is
  [M] Modify   - Interactively edit the plan
  [V] View     - See full implementation plan in pager
  [Q] Question - Ask questions about the plan
  [C] Cancel   - Return task to backlog


‚ùå Error during full review: 
_________________ TestFileOperations.test_move_task_to_backlog _________________
tests/unit/test_full_review.py:600: in test_move_task_to_backlog
    assert backlog_path.exists()
E   AssertionError: assert False
E    +  where False = exists()
E    +    where exists = PosixPath('/private/var/folders/75/prgjl4_x0k3_6tj58k39db1r0000gn/T/pytest-of-richardwoollcott/pytest-27/test_move_task_to_backlog0/backlog/TASK-001.md').exists
__________ TestJsonSerializer.test_safe_save_file_creates_parent_dir ___________
tests/unit/test_json_serializer.py:134: in test_safe_save_file_creates_parent_dir
    assert result is True
E   assert False is True
----------------------------- Captured stdout call -----------------------------
Warning: Failed to save JSON to /var/folders/75/prgjl4_x0k3_6tj58k39db1r0000gn/T/tmp4lxsnnkn/nested/dir/test.json: [Errno 2] No such file or directory: '/var/folders/75/prgjl4_x0k3_6tj58k39db1r0000gn/T/tmp4lxsnnkn/nested/dir/test.json'
____________ TestMetricsStorage.test_append_metric_failure_handling ____________
tests/unit/test_metrics_storage.py:332: in test_append_metric_failure_handling
    assert "Failed to append metric" in captured.out
E   assert 'Failed to append metric' in "Warning: Failed to create directory /invalid/path: [Errno 30] Read-only file system: '/invalid'\nWarning: Atomic write failed for /invalid/path/.gitignore: [Errno 30] Read-only file system: '/invalid'\nWarning: Failed to append to /invalid/path/metrics.jsonl: [Errno 30] Read-only file system: '/invalid'\n"
E    +  where "Warning: Failed to create directory /invalid/path: [Errno 30] Read-only file system: '/invalid'\nWarning: Atomic write failed for /invalid/path/.gitignore: [Errno 30] Read-only file system: '/invalid'\nWarning: Failed to append to /invalid/path/metrics.jsonl: [Errno 30] Read-only file system: '/invalid'\n" = CaptureResult(out="Warning: Failed to create directory /invalid/path: [Errno 30] Read-only file system: '/invalid'\nWarning: Atomic write failed for /invalid/path/.gitignore: [Errno 30] Read-only file system: '/invalid'\nWarning: Failed to append to /invalid/path/metrics.jsonl: [Errno 30] Read-only file system: '/invalid'\n", err='').out
_____________ TestPathResolver.test_resolve_project_root_with_git ______________
tests/unit/test_path_resolver.py:30: in test_resolve_project_root_with_git
    assert result == root
E   AssertionError: assert PosixPath('/private/var/folders/75/prgjl4_x0k3_6tj58k39db1r0000gn/T/tmpfu3ewckz') == PosixPath('/var/folders/75/prgjl4_x0k3_6tj58k39db1r0000gn/T/tmpfu3ewckz')
____________ TestPathResolver.test_resolve_project_root_without_git ____________
tests/unit/test_path_resolver.py:45: in test_resolve_project_root_without_git
    assert result == test_dir
E   AssertionError: assert PosixPath('/private/var/folders/75/prgjl4_x0k3_6tj58k39db1r0000gn/T/tmpz0c_wb6_/test') == PosixPath('/var/folders/75/prgjl4_x0k3_6tj58k39db1r0000gn/T/tmpz0c_wb6_/test')
________ TestPathResolver.test_resolve_project_root_from_various_depths ________
tests/unit/test_path_resolver.py:70: in test_resolve_project_root_from_various_depths
    assert result == root, f"Failed from depth: {depth_dir}"
E   AssertionError: Failed from depth: /var/folders/75/prgjl4_x0k3_6tj58k39db1r0000gn/T/tmpljyr2lci
E   assert PosixPath('/private/var/folders/75/prgjl4_x0k3_6tj58k39db1r0000gn/T/tmpljyr2lci') == PosixPath('/var/folders/75/prgjl4_x0k3_6tj58k39db1r0000gn/T/tmpljyr2lci')
___________________ TestPathResolver.test_get_settings_path ____________________
tests/unit/test_path_resolver.py:86: in test_get_settings_path
    assert result == expected
E   AssertionError: assert PosixPath('/private/var/folders/75/prgjl4_x0k3_6tj58k39db1r0000gn/T/tmpqb1f32gx/.claude/settings.json') == PosixPath('/var/folders/75/prgjl4_x0k3_6tj58k39db1r0000gn/T/tmpqb1f32gx/.claude/settings.json')
_____________ TestPathResolver.test_get_settings_path_from_nested ______________
tests/unit/test_path_resolver.py:105: in test_get_settings_path_from_nested
    assert result == expected
E   AssertionError: assert PosixPath('/private/var/folders/75/prgjl4_x0k3_6tj58k39db1r0000gn/T/tmpdk5fixuy/.claude/settings.json') == PosixPath('/var/folders/75/prgjl4_x0k3_6tj58k39db1r0000gn/T/tmpdk5fixuy/.claude/settings.json')
____________________ TestPathResolver.test_get_metrics_dir _____________________
tests/unit/test_path_resolver.py:121: in test_get_metrics_dir
    assert result == expected
E   AssertionError: assert PosixPath('/private/var/folders/75/prgjl4_x0k3_6tj58k39db1r0000gn/T/tmpofne567u/docs/state/metrics') == PosixPath('/var/folders/75/prgjl4_x0k3_6tj58k39db1r0000gn/T/tmpofne567u/docs/state/metrics')
______________ TestPathResolver.test_get_metrics_dir_from_nested _______________
tests/unit/test_path_resolver.py:140: in test_get_metrics_dir_from_nested
    assert result == expected
E   AssertionError: assert PosixPath('/private/var/folders/75/prgjl4_x0k3_6tj58k39db1r0000gn/T/tmpytoc_4uo/docs/state/metrics') == PosixPath('/var/folders/75/prgjl4_x0k3_6tj58k39db1r0000gn/T/tmpytoc_4uo/docs/state/metrics')
________________ TestPathResolver.test_get_metrics_file_default ________________
tests/unit/test_path_resolver.py:156: in test_get_metrics_file_default
    assert result == expected
E   AssertionError: assert PosixPath('/private/var/folders/75/prgjl4_x0k3_6tj58k39db1r0000gn/T/tmpwxihl35t/docs/state/metrics/plan_review_metrics.jsonl') == PosixPath('/var/folders/75/prgjl4_x0k3_6tj58k39db1r0000gn/T/tmpwxihl35t/docs/state/metrics/plan_review_metrics.jsonl')
____________ TestPathResolver.test_get_metrics_file_custom_filename ____________
tests/unit/test_path_resolver.py:172: in test_get_metrics_file_custom_filename
    assert result == expected
E   AssertionError: assert PosixPath('/private/var/folders/75/prgjl4_x0k3_6tj58k39db1r0000gn/T/tmpvvedhkta/docs/state/metrics/custom_metrics.jsonl') == PosixPath('/var/folders/75/prgjl4_x0k3_6tj58k39db1r0000gn/T/tmpvvedhkta/docs/state/metrics/custom_metrics.jsonl')
_______ TestConfigMetricsIntegration.test_metrics_survive_config_reload ________
/Users/richardwoollcott/Projects/appmilla_github/ai-engineer/tests/integration/test_config_metrics_integration.py:251: in test_metrics_survive_config_reload
    output = dashboard.render(days=30)
             ^^^^^^^^^^^^^^^^^^^^^^^^^
/Users/richardwoollcott/Projects/appmilla_github/ai-engineer/installer/global/lib/metrics/plan_review_dashboard.py:49: in render
    return self._render_terminal(summary, days)
           ^^^^^^^^^^^^^^^^^^^^^^^^^^^^^^^^^^^^
/Users/richardwoollcott/Projects/appmilla_github/ai-engineer/installer/global/lib/metrics/plan_review_dashboard.py:204: in _render_terminal
    lines.append(f"{stack:15s} Count: {data['count']:3d}  Avg Score: {data['avg_score']:.1f}/100")
                   ^^^^^^^^^^^
E   TypeError: unsupported format string passed to NoneType.__format__
=============================== warnings summary ===============================
tests/unit/test_change_tracker.py::TestChange::test_create_file_added_change
  /Users/richardwoollcott/Projects/appmilla_github/ai-engineer/tests/unit/test_change_tracker.py:62: DeprecationWarning: datetime.datetime.utcnow() is deprecated and scheduled for removal in a future version. Use timezone-aware objects to represent datetimes in UTC: datetime.datetime.now(datetime.UTC).
    timestamp = datetime.utcnow()

tests/unit/test_change_tracker.py::TestChange::test_create_file_removed_change
  /Users/richardwoollcott/Projects/appmilla_github/ai-engineer/tests/unit/test_change_tracker.py:80: DeprecationWarning: datetime.datetime.utcnow() is deprecated and scheduled for removal in a future version. Use timezone-aware objects to represent datetimes in UTC: datetime.datetime.now(datetime.UTC).
    timestamp = datetime.utcnow()

tests/unit/test_change_tracker.py::TestChange::test_round_trip_serialization
  /Users/richardwoollcott/Projects/appmilla_github/ai-engineer/tests/unit/test_change_tracker.py:138: DeprecationWarning: datetime.datetime.utcnow() is deprecated and scheduled for removal in a future version. Use timezone-aware objects to represent datetimes in UTC: datetime.datetime.now(datetime.UTC).
    timestamp=datetime.utcnow(),

tests/unit/test_change_tracker.py::TestChange::test_describe_file_added
  /Users/richardwoollcott/Projects/appmilla_github/ai-engineer/tests/unit/test_change_tracker.py:159: DeprecationWarning: datetime.datetime.utcnow() is deprecated and scheduled for removal in a future version. Use timezone-aware objects to represent datetimes in UTC: datetime.datetime.now(datetime.UTC).
    timestamp=datetime.utcnow(),

tests/unit/test_change_tracker.py::TestChange::test_describe_file_removed
  /Users/richardwoollcott/Projects/appmilla_github/ai-engineer/tests/unit/test_change_tracker.py:170: DeprecationWarning: datetime.datetime.utcnow() is deprecated and scheduled for removal in a future version. Use timezone-aware objects to represent datetimes in UTC: datetime.datetime.now(datetime.UTC).
    timestamp=datetime.utcnow(),

tests/unit/test_change_tracker.py::TestChange::test_describe_dependency_added
  /Users/richardwoollcott/Projects/appmilla_github/ai-engineer/tests/unit/test_change_tracker.py:181: DeprecationWarning: datetime.datetime.utcnow() is deprecated and scheduled for removal in a future version. Use timezone-aware objects to represent datetimes in UTC: datetime.datetime.now(datetime.UTC).
    timestamp=datetime.utcnow(),

tests/unit/test_change_tracker.py::TestChange::test_describe_metadata_updated
  /Users/richardwoollcott/Projects/appmilla_github/ai-engineer/tests/unit/test_change_tracker.py:192: DeprecationWarning: datetime.datetime.utcnow() is deprecated and scheduled for removal in a future version. Use timezone-aware objects to represent datetimes in UTC: datetime.datetime.now(datetime.UTC).
    timestamp=datetime.utcnow(),

tests/unit/test_change_tracker.py::TestChange::test_change_immutability
  /Users/richardwoollcott/Projects/appmilla_github/ai-engineer/tests/unit/test_change_tracker.py:205: DeprecationWarning: datetime.datetime.utcnow() is deprecated and scheduled for removal in a future version. Use timezone-aware objects to represent datetimes in UTC: datetime.datetime.now(datetime.UTC).
    timestamp=datetime.utcnow(),

tests/unit/test_full_review.py: 17 warnings
  /Users/richardwoollcott/Projects/appmilla_github/ai-engineer/tests/unit/test_full_review.py:65: DeprecationWarning: datetime.datetime.utcnow() is deprecated and scheduled for removal in a future version. Use timezone-aware objects to represent datetimes in UTC: datetime.datetime.now(datetime.UTC).
    calculation_timestamp=datetime.utcnow(),

tests/unit/test_full_review.py: 12 warnings
  /Users/richardwoollcott/Projects/appmilla_github/ai-engineer/installer/global/commands/lib/review_modes.py:812: DeprecationWarning: datetime.datetime.utcnow() is deprecated and scheduled for removal in a future version. Use timezone-aware objects to represent datetimes in UTC: datetime.datetime.now(datetime.UTC).
    self.review_start_time = datetime.utcnow()

tests/unit/test_full_review.py::TestFullReviewHandler::test_handle_approval
tests/unit/test_full_review.py::TestFullReviewHandler::test_handle_approval_escalated
tests/unit/test_full_review.py::TestFullReviewHandler::test_execute_approve_flow
tests/unit/test_full_review.py::TestFullReviewHandler::test_execute_view_stub
tests/unit/test_full_review.py::TestFullReviewHandler::test_execute_invalid_input_retry
tests/unit/test_full_review.py::TestFullReviewHandler::test_execute_empty_input
  /Users/richardwoollcott/Projects/appmilla_github/ai-engineer/installer/global/commands/lib/review_modes.py:943: DeprecationWarning: datetime.datetime.utcnow() is deprecated and scheduled for removal in a future version. Use timezone-aware objects to represent datetimes in UTC: datetime.datetime.now(datetime.UTC).
    timestamp = datetime.utcnow().isoformat() + "Z"

tests/unit/test_full_review.py::TestFullReviewHandler::test_handle_approval
tests/unit/test_full_review.py::TestFullReviewHandler::test_handle_approval_escalated
tests/unit/test_full_review.py::TestFullReviewHandler::test_execute_approve_flow
tests/unit/test_full_review.py::TestFullReviewHandler::test_execute_view_stub
tests/unit/test_full_review.py::TestFullReviewHandler::test_execute_invalid_input_retry
tests/unit/test_full_review.py::TestFullReviewHandler::test_execute_empty_input
  /Users/richardwoollcott/Projects/appmilla_github/ai-engineer/installer/global/commands/lib/review_modes.py:944: DeprecationWarning: datetime.datetime.utcnow() is deprecated and scheduled for removal in a future version. Use timezone-aware objects to represent datetimes in UTC: datetime.datetime.now(datetime.UTC).
    review_duration = (datetime.utcnow() - self.review_start_time).total_seconds()

tests/unit/test_full_review.py::TestFullReviewHandler::test_handle_cancellation_confirmed
tests/unit/test_full_review.py::TestFullReviewHandler::test_handle_cancellation_forced
  /Users/richardwoollcott/Projects/appmilla_github/ai-engineer/installer/global/commands/lib/review_modes.py:995: DeprecationWarning: datetime.datetime.utcnow() is deprecated and scheduled for removal in a future version. Use timezone-aware objects to represent datetimes in UTC: datetime.datetime.now(datetime.UTC).
    timestamp = datetime.utcnow().isoformat() + "Z"

tests/unit/test_full_review.py::TestFullReviewHandler::test_handle_cancellation_confirmed
tests/unit/test_full_review.py::TestFullReviewHandler::test_handle_cancellation_forced
tests/unit/test_full_review.py::TestFileOperations::test_move_task_to_backlog
  /Users/richardwoollcott/Projects/appmilla_github/ai-engineer/installer/global/commands/lib/review_modes.py:1476: DeprecationWarning: datetime.datetime.utcnow() is deprecated and scheduled for removal in a future version. Use timezone-aware objects to represent datetimes in UTC: datetime.datetime.now(datetime.UTC).
    frontmatter["cancelled_at"] = datetime.utcnow().isoformat() + "Z"

tests/unit/test_full_review.py::TestFullReviewHandler::test_handle_cancellation_confirmed
tests/unit/test_full_review.py::TestFullReviewHandler::test_handle_cancellation_forced
tests/unit/test_full_review.py::TestFileOperations::test_move_task_to_backlog
  /Users/richardwoollcott/Projects/appmilla_github/ai-engineer/installer/global/commands/lib/review_modes.py:1477: DeprecationWarning: datetime.datetime.utcnow() is deprecated and scheduled for removal in a future version. Use timezone-aware objects to represent datetimes in UTC: datetime.datetime.now(datetime.UTC).
    frontmatter["updated"] = datetime.utcnow().isoformat() + "Z"

tests/unit/test_full_review.py::TestFullReviewHandler::test_execute_question_stub
tests/unit/test_qa_manager.py::TestQAManager::test_run_qa_session_single_question
tests/unit/test_qa_manager.py::TestQAManager::test_run_qa_session_multiple_questions
tests/unit/test_qa_manager.py::TestQAManager::test_run_qa_session_help_command
tests/unit/test_qa_manager.py::TestQAManager::test_run_qa_session_empty_questions
tests/unit/test_qa_manager.py::TestQAManager::test_run_qa_session_keyboard_interrupt
tests/unit/test_qa_manager.py::TestQAManager::test_save_to_metadata
tests/unit/test_qa_manager.py::TestQAManagerIntegration::test_complete_qa_workflow
  /Users/richardwoollcott/Projects/appmilla_github/ai-engineer/installer/global/commands/lib/qa_manager.py:691: DeprecationWarning: datetime.datetime.utcnow() is deprecated and scheduled for removal in a future version. Use timezone-aware objects to represent datetimes in UTC: datetime.datetime.now(datetime.UTC).
    timestamp = datetime.utcnow().strftime("%Y%m%d%H%M%S")

tests/unit/test_full_review.py::TestFullReviewHandler::test_execute_question_stub
tests/unit/test_qa_manager.py::TestQAManager::test_run_qa_session_single_question
tests/unit/test_qa_manager.py::TestQAManager::test_run_qa_session_multiple_questions
tests/unit/test_qa_manager.py::TestQAManager::test_run_qa_session_help_command
tests/unit/test_qa_manager.py::TestQAManager::test_run_qa_session_empty_questions
tests/unit/test_qa_manager.py::TestQAManager::test_run_qa_session_keyboard_interrupt
tests/unit/test_qa_manager.py::TestQAManager::test_save_to_metadata
tests/unit/test_qa_manager.py::TestQAManagerIntegration::test_complete_qa_workflow
  /Users/richardwoollcott/Projects/appmilla_github/ai-engineer/installer/global/commands/lib/qa_manager.py:698: DeprecationWarning: datetime.datetime.utcnow() is deprecated and scheduled for removal in a future version. Use timezone-aware objects to represent datetimes in UTC: datetime.datetime.now(datetime.UTC).
    started_at=datetime.utcnow()

tests/unit/test_full_review.py::TestFullReviewHandler::test_execute_question_stub
tests/unit/test_qa_manager.py::TestQAManager::test_run_qa_session_single_question
tests/unit/test_qa_manager.py::TestQAManager::test_run_qa_session_multiple_questions
tests/unit/test_qa_manager.py::TestQAManager::test_run_qa_session_multiple_questions
tests/unit/test_qa_manager.py::TestQAManager::test_run_qa_session_keyboard_interrupt
tests/unit/test_qa_manager.py::TestQAManager::test_save_to_metadata
tests/unit/test_qa_manager.py::TestQAManagerIntegration::test_complete_qa_workflow
tests/unit/test_qa_manager.py::TestQAManagerIntegration::test_complete_qa_workflow
tests/unit/test_qa_manager.py::TestQAManagerIntegration::test_complete_qa_workflow
  /Users/richardwoollcott/Projects/appmilla_github/ai-engineer/installer/global/commands/lib/qa_manager.py:731: DeprecationWarning: datetime.datetime.utcnow() is deprecated and scheduled for removal in a future version. Use timezone-aware objects to represent datetimes in UTC: datetime.datetime.now(datetime.UTC).
    timestamp=datetime.utcnow()

tests/unit/test_full_review.py::TestFullReviewHandler::test_execute_question_stub
  /Users/richardwoollcott/Projects/appmilla_github/ai-engineer/installer/global/commands/lib/qa_manager.py:754: DeprecationWarning: datetime.datetime.utcnow() is deprecated and scheduled for removal in a future version. Use timezone-aware objects to represent datetimes in UTC: datetime.datetime.now(datetime.UTC).
    self.session.ended_at = datetime.utcnow()

tests/unit/test_full_review.py::TestFullReviewHandler::test_execute_question_stub
tests/unit/test_qa_manager.py::TestQAManager::test_save_to_metadata
tests/unit/test_qa_manager.py::TestQAManagerIntegration::test_complete_qa_workflow
  /Users/richardwoollcott/Projects/appmilla_github/ai-engineer/installer/global/commands/lib/qa_manager.py:800: DeprecationWarning: datetime.datetime.utcnow() is deprecated and scheduled for removal in a future version. Use timezone-aware objects to represent datetimes in UTC: datetime.datetime.now(datetime.UTC).
    frontmatter["updated"] = datetime.utcnow().isoformat() + "Z"

tests/unit/test_metrics_storage.py: 16 warnings
  /Users/richardwoollcott/Projects/appmilla_github/ai-engineer/installer/global/lib/metrics/metrics_storage.py:48: DeprecationWarning: datetime.datetime.utcnow() is deprecated and scheduled for removal in a future version. Use timezone-aware objects to represent datetimes in UTC: datetime.datetime.now(datetime.UTC).
    metric['timestamp'] = datetime.utcnow().isoformat() + 'Z'

tests/unit/test_metrics_storage.py::TestMetricsStorage::test_read_recent_metrics_filters_by_date
  /Users/richardwoollcott/Projects/appmilla_github/ai-engineer/tests/unit/test_metrics_storage.py:189: DeprecationWarning: datetime.datetime.utcnow() is deprecated and scheduled for removal in a future version. Use timezone-aware objects to represent datetimes in UTC: datetime.datetime.now(datetime.UTC).
    now = datetime.utcnow()

tests/unit/test_metrics_storage.py: 6 warnings
tests/unit/test_plan_review_dashboard.py: 4 warnings
tests/unit/test_plan_review_metrics.py: 1 warning
tests/integration/test_config_metrics_integration.py: 5 warnings
  /Users/richardwoollcott/Projects/appmilla_github/ai-engineer/installer/global/lib/metrics/metrics_storage.py:97: DeprecationWarning: datetime.datetime.utcnow() is deprecated and scheduled for removal in a future version. Use timezone-aware objects to represent datetimes in UTC: datetime.datetime.now(datetime.UTC).
    cutoff_date = datetime.utcnow() - timedelta(days=days)

tests/unit/test_metrics_storage.py::TestMetricsStorage::test_read_recent_metrics_handles_invalid_timestamp
  /Users/richardwoollcott/Projects/appmilla_github/ai-engineer/tests/unit/test_metrics_storage.py:221: DeprecationWarning: datetime.datetime.utcnow() is deprecated and scheduled for removal in a future version. Use timezone-aware objects to represent datetimes in UTC: datetime.datetime.now(datetime.UTC).
    {"type": "valid", "timestamp": datetime.utcnow().isoformat() + "Z"},

tests/unit/test_metrics_storage.py::TestMetricsStorage::test_clear_old_metrics_removes_old
  /Users/richardwoollcott/Projects/appmilla_github/ai-engineer/tests/unit/test_metrics_storage.py:263: DeprecationWarning: datetime.datetime.utcnow() is deprecated and scheduled for removal in a future version. Use timezone-aware objects to represent datetimes in UTC: datetime.datetime.now(datetime.UTC).
    now = datetime.utcnow()

tests/unit/test_metrics_storage.py::TestMetricsStorage::test_clear_old_metrics_clears_all_if_none_recent
  /Users/richardwoollcott/Projects/appmilla_github/ai-engineer/tests/unit/test_metrics_storage.py:287: DeprecationWarning: datetime.datetime.utcnow() is deprecated and scheduled for removal in a future version. Use timezone-aware objects to represent datetimes in UTC: datetime.datetime.now(datetime.UTC).
    now = datetime.utcnow()

tests/unit/test_metrics_storage.py::TestMetricsStorage::test_clear_old_metrics_returns_count
  /Users/richardwoollcott/Projects/appmilla_github/ai-engineer/tests/unit/test_metrics_storage.py:306: DeprecationWarning: datetime.datetime.utcnow() is deprecated and scheduled for removal in a future version. Use timezone-aware objects to represent datetimes in UTC: datetime.datetime.now(datetime.UTC).
    now = datetime.utcnow()

tests/unit/test_modification_modules.py::TestSessionMetadata::test_create_metadata
  /Users/richardwoollcott/Projects/appmilla_github/ai-engineer/tests/unit/test_modification_modules.py:92: DeprecationWarning: datetime.datetime.utcnow() is deprecated and scheduled for removal in a future version. Use timezone-aware objects to represent datetimes in UTC: datetime.datetime.now(datetime.UTC).
    start_time = datetime.utcnow()

tests/unit/test_modification_modules.py::TestPlanVersion::test_create_version
  /Users/richardwoollcott/Projects/appmilla_github/ai-engineer/tests/unit/test_modification_modules.py:657: DeprecationWarning: datetime.datetime.utcnow() is deprecated and scheduled for removal in a future version. Use timezone-aware objects to represent datetimes in UTC: datetime.datetime.now(datetime.UTC).
    timestamp = datetime.utcnow()

tests/unit/test_modification_modules.py::TestPlanVersion::test_get_summary
  /Users/richardwoollcott/Projects/appmilla_github/ai-engineer/tests/unit/test_modification_modules.py:725: DeprecationWarning: datetime.datetime.utcnow() is deprecated and scheduled for removal in a future version. Use timezone-aware objects to represent datetimes in UTC: datetime.datetime.now(datetime.UTC).
    created_at=datetime.utcnow(),

tests/unit/test_modification_modules.py: 20 warnings
  /Users/richardwoollcott/Projects/appmilla_github/ai-engineer/installer/global/commands/lib/version_manager.py:254: DeprecationWarning: datetime.datetime.utcnow() is deprecated and scheduled for removal in a future version. Use timezone-aware objects to represent datetimes in UTC: datetime.datetime.now(datetime.UTC).
    created_at=datetime.utcnow(),

tests/unit/test_plan_review_dashboard.py: 13 warnings
  /Users/richardwoollcott/Projects/appmilla_github/ai-engineer/tests/unit/test_plan_review_dashboard.py:43: DeprecationWarning: datetime.datetime.utcnow() is deprecated and scheduled for removal in a future version. Use timezone-aware objects to represent datetimes in UTC: datetime.datetime.now(datetime.UTC).
    now = datetime.utcnow()

tests/unit/test_plan_review_metrics.py: 8 warnings
tests/integration/test_config_metrics_integration.py: 18 warnings
  /Users/richardwoollcott/Projects/appmilla_github/ai-engineer/installer/global/lib/metrics/plan_review_metrics.py:55: DeprecationWarning: datetime.datetime.utcnow() is deprecated and scheduled for removal in a future version. Use timezone-aware objects to represent datetimes in UTC: datetime.datetime.now(datetime.UTC).
    'timestamp': datetime.utcnow().isoformat() + 'Z'

tests/unit/test_plan_review_metrics.py: 3 warnings
tests/integration/test_config_metrics_integration.py: 113 warnings
  /Users/richardwoollcott/Projects/appmilla_github/ai-engineer/installer/global/lib/metrics/plan_review_metrics.py:97: DeprecationWarning: datetime.datetime.utcnow() is deprecated and scheduled for removal in a future version. Use timezone-aware objects to represent datetimes in UTC: datetime.datetime.now(datetime.UTC).
    'timestamp': datetime.utcnow().isoformat() + 'Z'

tests/unit/test_plan_review_metrics.py::TestPlanReviewMetrics::test_track_outcome_writes_metric
tests/unit/test_plan_review_metrics.py::TestPlanReviewMetrics::test_track_outcome_with_override
tests/unit/test_plan_review_metrics.py::TestPlanReviewMetrics::test_multiple_metric_types
tests/integration/test_config_metrics_integration.py::TestConfigMetricsIntegration::test_end_to_end_workflow
tests/integration/test_config_metrics_integration.py::TestConfigMetricsIntegration::test_end_to_end_workflow
tests/integration/test_config_metrics_integration.py::TestConfigMetricsIntegration::test_end_to_end_workflow
tests/integration/test_config_metrics_integration.py::TestConfigMetricsIntegration::test_end_to_end_workflow
tests/integration/test_config_metrics_integration.py::TestConfigMetricsIntegration::test_end_to_end_workflow
tests/integration/test_config_metrics_integration.py::TestConfigMetricsIntegration::test_complete_task_lifecycle
  /Users/richardwoollcott/Projects/appmilla_github/ai-engineer/installer/global/lib/metrics/plan_review_metrics.py:136: DeprecationWarning: datetime.datetime.utcnow() is deprecated and scheduled for removal in a future version. Use timezone-aware objects to represent datetimes in UTC: datetime.datetime.now(datetime.UTC).
    'timestamp': datetime.utcnow().isoformat() + 'Z'

tests/unit/test_plan_review_metrics.py::TestPlanReviewMetrics::test_track_threshold_adjustment_writes_metric
tests/unit/test_plan_review_metrics.py::TestPlanReviewMetrics::test_track_threshold_adjustment_global
  /Users/richardwoollcott/Projects/appmilla_github/ai-engineer/installer/global/lib/metrics/plan_review_metrics.py:172: DeprecationWarning: datetime.datetime.utcnow() is deprecated and scheduled for removal in a future version. Use timezone-aware objects to represent datetimes in UTC: datetime.datetime.now(datetime.UTC).
    'timestamp': datetime.utcnow().isoformat() + 'Z'

tests/unit/test_qa_manager.py::TestQAExchange::test_qa_exchange_creation
  /Users/richardwoollcott/Projects/appmilla_github/ai-engineer/tests/unit/test_qa_manager.py:119: DeprecationWarning: datetime.datetime.utcnow() is deprecated and scheduled for removal in a future version. Use timezone-aware objects to represent datetimes in UTC: datetime.datetime.now(datetime.UTC).
    timestamp = datetime.utcnow()

tests/unit/test_qa_manager.py::TestQASession::test_qa_session_creation
  /Users/richardwoollcott/Projects/appmilla_github/ai-engineer/tests/unit/test_qa_manager.py:156: DeprecationWarning: datetime.datetime.utcnow() is deprecated and scheduled for removal in a future version. Use timezone-aware objects to represent datetimes in UTC: datetime.datetime.now(datetime.UTC).
    started = datetime.utcnow()

tests/unit/test_qa_manager.py::TestQASession::test_qa_session_with_exchanges
  /Users/richardwoollcott/Projects/appmilla_github/ai-engineer/tests/unit/test_qa_manager.py:172: DeprecationWarning: datetime.datetime.utcnow() is deprecated and scheduled for removal in a future version. Use timezone-aware objects to represent datetimes in UTC: datetime.datetime.now(datetime.UTC).
    started = datetime.utcnow()

tests/unit/test_qa_manager.py::TestQASession::test_qa_session_with_exchanges
  /Users/richardwoollcott/Projects/appmilla_github/ai-engineer/tests/unit/test_qa_manager.py:184: DeprecationWarning: datetime.datetime.utcnow() is deprecated and scheduled for removal in a future version. Use timezone-aware objects to represent datetimes in UTC: datetime.datetime.now(datetime.UTC).
    timestamp=datetime.utcnow()

tests/unit/test_qa_manager.py: 26 warnings
  /Users/richardwoollcott/Projects/appmilla_github/ai-engineer/tests/unit/test_qa_manager.py:62: DeprecationWarning: datetime.datetime.utcnow() is deprecated and scheduled for removal in a future version. Use timezone-aware objects to represent datetimes in UTC: datetime.datetime.now(datetime.UTC).
    calculation_timestamp=datetime.utcnow(),

tests/unit/test_qa_manager.py::TestQAManager::test_run_qa_session_single_question
tests/unit/test_qa_manager.py::TestQAManager::test_run_qa_session_multiple_questions
tests/unit/test_qa_manager.py::TestQAManager::test_run_qa_session_help_command
tests/unit/test_qa_manager.py::TestQAManager::test_run_qa_session_empty_questions
tests/unit/test_qa_manager.py::TestQAManager::test_save_to_metadata
tests/unit/test_qa_manager.py::TestQAManagerIntegration::test_complete_qa_workflow
  /Users/richardwoollcott/Projects/appmilla_github/ai-engineer/installer/global/commands/lib/qa_manager.py:736: DeprecationWarning: datetime.datetime.utcnow() is deprecated and scheduled for removal in a future version. Use timezone-aware objects to represent datetimes in UTC: datetime.datetime.now(datetime.UTC).
    self.session.ended_at = datetime.utcnow()

tests/unit/test_qa_manager.py::TestQAManager::test_run_qa_session_keyboard_interrupt
  /Users/richardwoollcott/Projects/appmilla_github/ai-engineer/installer/global/commands/lib/qa_manager.py:746: DeprecationWarning: datetime.datetime.utcnow() is deprecated and scheduled for removal in a future version. Use timezone-aware objects to represent datetimes in UTC: datetime.datetime.now(datetime.UTC).
    self.session.ended_at = datetime.utcnow()

tests/unit/test_qa_manager.py::TestQAManager::test_save_to_metadata_file_not_found
  /Users/richardwoollcott/Projects/appmilla_github/ai-engineer/tests/unit/test_qa_manager.py:765: DeprecationWarning: datetime.datetime.utcnow() is deprecated and scheduled for removal in a future version. Use timezone-aware objects to represent datetimes in UTC: datetime.datetime.now(datetime.UTC).
    started_at=datetime.utcnow(),

tests/unit/test_qa_manager.py::TestQAManager::test_save_to_metadata_file_not_found
  /Users/richardwoollcott/Projects/appmilla_github/ai-engineer/tests/unit/test_qa_manager.py:766: DeprecationWarning: datetime.datetime.utcnow() is deprecated and scheduled for removal in a future version. Use timezone-aware objects to represent datetimes in UTC: datetime.datetime.now(datetime.UTC).
    ended_at=datetime.utcnow()

tests/integration/test_config_metrics_integration.py::TestConfigMetricsIntegration::test_metrics_retention_cleanup
  /Users/richardwoollcott/Projects/appmilla_github/ai-engineer/tests/integration/test_config_metrics_integration.py:273: DeprecationWarning: datetime.datetime.utcnow() is deprecated and scheduled for removal in a future version. Use timezone-aware objects to represent datetimes in UTC: datetime.datetime.now(datetime.UTC).
    now = datetime.utcnow()

-- Docs: https://docs.pytest.org/en/stable/how-to/capture-warnings.html
================================ tests coverage ================================
_______________ coverage: platform darwin, python 3.12.4-final-0 _______________

Name                                                    Stmts   Miss Branch BrPart  Cover   Missing
---------------------------------------------------------------------------------------------------
installer/global/lib/__init__.py                            0      0      0      0   100%
installer/global/lib/config/__init__.py                     4      0      0      0   100%
installer/global/lib/config/config_schema.py               58      2      8      2    94%   24, 65
installer/global/lib/config/defaults.py                     2      0      0      0   100%
installer/global/lib/config/plan_review_config.py         120      3     50      5    95%   47->51, 82->86, 89->91, 92-93, 98->100, 263
installer/global/lib/metrics/__init__.py                    3      0      0      0   100%
installer/global/lib/metrics/metrics_storage.py            79      5     24      0    95%   54-56, 156-157
installer/global/lib/metrics/plan_review_dashboard.py     124      0     50      1    99%   135->134
installer/global/lib/metrics/plan_review_metrics.py        33      1      8      1    95%   163
installer/global/lib/utils/__init__.py                      4      0      0      0   100%
installer/global/lib/utils/file_operations.py              51      6      2      0    89%   46-52
installer/global/lib/utils/json_serializer.py              35      0      2      0   100%
installer/global/lib/utils/path_resolver.py                28      0      6      0   100%
---------------------------------------------------------------------------------------------------
TOTAL                                                     541     17    150      9    96%
Coverage JSON written to file coverage.json
=========================== short test summary info ============================
FAILED tests/unit/test_full_review.py::TestFullReviewHandler::test_execute_modify_stub - StopIteration
FAILED tests/unit/test_full_review.py::TestFullReviewHandler::test_execute_view_stub - AssertionError: assert 'View mode coming soon (TASK-003B-3)' in '\n================================================================================\nIMPLEMENTATION PLAN REVIEW\n================================================================================\n\nTask: TASK-001 - Implement JWT Authentication\nComplexity: \U0001f534 8/10\nEstimated Time: ~2-3 hours\n\n\U0001f4ca COMPLEXITY BREAKDOWN:\n\n  \U0001f7e1 File Complexity: 2.0/3.0 points\n     \u2192 6 files to create/modify (moderate scope)\n\n  \U0001f7e1 Pattern Familiarity: 1.0/2.0 points\n     \u2192 Uses Strategy pattern (familiar)\n\n  \U0001f534 Risk Level: 3.0/3.0 points\n     \u2192 High risk: Authentication changes\n\n  \u26a1 FORCE-REVIEW TRIGGERS:\n     - Security Keywords\n\n\U0001f4c1 CHANGES SUMMARY:\n\n  Files to Create/Modify: 3\n    - src/auth/login.py\n    - src/auth/session.py\n    - tests/test_auth.py\n\n  External Dependencies: 2\n    - jwt\n    - bcrypt\n\n  Test Strategy:\n    Unit tests for auth logic, integration tests for API\n\n\u26a0\ufe0f RISK ASSESSMENT:\n\n  \U0001f534 HIGH: Authentication bypass vulnerability\n     Mitigation: Use established JWT library, security review\n\n  \U0001f7e1 MEDIUM: Session handling complexity\n     Mitigation: Follow stateless JWT pattern\n\n\U0001f4cb IMPLEMENTATION ORDER:\n\n  1. Phase 1: JWT token generation (~30 min)\n\n  2. Phase 2: Login endpoint implementation (~45 min)\n\n  3. Phase 3: Session middleware (~30 min)\n\n  4. Phase 4: Testing and validation (~60 min)\n\n  Estimated Lines of Code: ~350\n\n================================================================================\n\nDECISION OPTIONS:\n  [A] Approve  - Proceed with this plan as-is\n  [M] Modify   - Interactively edit the plan\n  [V] View     - See full implementation plan in pager\n  [Q] Question - Ask questions about the plan\n  [C] Cancel   - Return task to backlog\n\n\n\U0001f4d6 Opening implementation plan in pager...\n\n\u2705 Plan approved!\nProceeding to Phase 3 (Implementation)...\n\n'
 +  where '\n================================================================================\nIMPLEMENTATION PLAN REVIEW\n================================================================================\n\nTask: TASK-001 - Implement JWT Authentication\nComplexity: \U0001f534 8/10\nEstimated Time: ~2-3 hours\n\n\U0001f4ca COMPLEXITY BREAKDOWN:\n\n  \U0001f7e1 File Complexity: 2.0/3.0 points\n     \u2192 6 files to create/modify (moderate scope)\n\n  \U0001f7e1 Pattern Familiarity: 1.0/2.0 points\n     \u2192 Uses Strategy pattern (familiar)\n\n  \U0001f534 Risk Level: 3.0/3.0 points\n     \u2192 High risk: Authentication changes\n\n  \u26a1 FORCE-REVIEW TRIGGERS:\n     - Security Keywords\n\n\U0001f4c1 CHANGES SUMMARY:\n\n  Files to Create/Modify: 3\n    - src/auth/login.py\n    - src/auth/session.py\n    - tests/test_auth.py\n\n  External Dependencies: 2\n    - jwt\n    - bcrypt\n\n  Test Strategy:\n    Unit tests for auth logic, integration tests for API\n\n\u26a0\ufe0f RISK ASSESSMENT:\n\n  \U0001f534 HIGH: Authentication bypass vulnerability\n     Mitigation: Use established JWT library, security review\n\n  \U0001f7e1 MEDIUM: Session handling complexity\n     Mitigation: Follow stateless JWT pattern\n\n\U0001f4cb IMPLEMENTATION ORDER:\n\n  1. Phase 1: JWT token generation (~30 min)\n\n  2. Phase 2: Login endpoint implementation (~45 min)\n\n  3. Phase 3: Session middleware (~30 min)\n\n  4. Phase 4: Testing and validation (~60 min)\n\n  Estimated Lines of Code: ~350\n\n================================================================================\n\nDECISION OPTIONS:\n  [A] Approve  - Proceed with this plan as-is\n  [M] Modify   - Interactively edit the plan\n  [V] View     - See full implementation plan in pager\n  [Q] Question - Ask questions about the plan\n  [C] Cancel   - Return task to backlog\n\n\n\U0001f4d6 Opening implementation plan in pager...\n\n\u2705 Plan approved!\nProceeding to Phase 3 (Implementation)...\n\n' = CaptureResult(out='\n================================================================================\nIMPLEMENTATION PLAN REVIEW\n================================================================================\n\nTask: TASK-001 - Implement JWT Authentication\nComplexity: \U0001f534 8/10\nEstimated Time: ~2-3 hours\n\n\U0001f4ca COMPLEXITY BREAKDOWN:\n\n  \U0001f7e1 File Complexity: 2.0/3.0 points\n     \u2192 6 files to create/modify (moderate scope)\n\n  \U0001f7e1 Pattern Familiarity: 1.0/2.0 points\n     \u2192 Uses Strategy pattern (familiar)\n\n  \U0001f534 Risk Level: 3.0/3.0 points\n     \u2192 High risk: Authentication changes\n\n  \u26a1 FORCE-REVIEW TRIGGERS:\n     - Security Keywords\n\n\U0001f4c1 CHANGES SUMMARY:\n\n  Files to Create/Modify: 3\n    - src/auth/login.py\n    - src/auth/session.py\n    - tests/test_auth.py\n\n  External Dependencies: 2\n    - jwt\n    - bcrypt\n\n  Test Strategy:\n    Unit tests for auth logic, integration tests for API\n\n\u26a0\ufe0f RISK ASSESSMENT:\n\n  \U0001f534 HIGH: Authentication bypass vulnerability\n     Mitigation: Use established JWT library, security review\n\n  \U0001f7e1 MEDIUM: Session handling complexity\n     Mitigation: Follow stateless JWT pattern\n\n\U0001f4cb IMPLEMENTATION ORDER:\n\n  1. Phase 1: JWT token generation (~30 min)\n\n  2. Phase 2: Login endpoint implementation (~45 min)\n\n  3. Phase 3: Session middleware (~30 min)\n\n  4. Phase 4: Testing and validation (~60 min)\n\n  Estimated Lines of Code: ~350\n\n================================================================================\n\nDECISION OPTIONS:\n  [A] Approve  - Proceed with this plan as-is\n  [M] Modify   - Interactively edit the plan\n  [V] View     - See full implementation plan in pager\n  [Q] Question - Ask questions about the plan\n  [C] Cancel   - Return task to backlog\n\n\n\U0001f4d6 Opening implementation plan in pager...\n\n\u2705 Plan approved!\nProceeding to Phase 3 (Implementation)...\n\n', err='').out
FAILED tests/unit/test_full_review.py::TestFullReviewHandler::test_execute_question_stub - StopIteration
FAILED tests/unit/test_full_review.py::TestFileOperations::test_move_task_to_backlog - AssertionError: assert False
 +  where False = exists()
 +    where exists = PosixPath('/private/var/folders/75/prgjl4_x0k3_6tj58k39db1r0000gn/T/pytest-of-richardwoollcott/pytest-27/test_move_task_to_backlog0/backlog/TASK-001.md').exists
FAILED tests/unit/test_json_serializer.py::TestJsonSerializer::test_safe_save_file_creates_parent_dir - assert False is True
FAILED tests/unit/test_metrics_storage.py::TestMetricsStorage::test_append_metric_failure_handling - assert 'Failed to append metric' in "Warning: Failed to create directory /invalid/path: [Errno 30] Read-only file system: '/invalid'\nWarning: Atomic write failed for /invalid/path/.gitignore: [Errno 30] Read-only file system: '/invalid'\nWarning: Failed to append to /invalid/path/metrics.jsonl: [Errno 30] Read-only file system: '/invalid'\n"
 +  where "Warning: Failed to create directory /invalid/path: [Errno 30] Read-only file system: '/invalid'\nWarning: Atomic write failed for /invalid/path/.gitignore: [Errno 30] Read-only file system: '/invalid'\nWarning: Failed to append to /invalid/path/metrics.jsonl: [Errno 30] Read-only file system: '/invalid'\n" = CaptureResult(out="Warning: Failed to create directory /invalid/path: [Errno 30] Read-only file system: '/invalid'\nWarning: Atomic write failed for /invalid/path/.gitignore: [Errno 30] Read-only file system: '/invalid'\nWarning: Failed to append to /invalid/path/metrics.jsonl: [Errno 30] Read-only file system: '/invalid'\n", err='').out
FAILED tests/unit/test_path_resolver.py::TestPathResolver::test_resolve_project_root_with_git - AssertionError: assert PosixPath('/private/var/folders/75/prgjl4_x0k3_6tj58k39db1r0000gn/T/tmpfu3ewckz') == PosixPath('/var/folders/75/prgjl4_x0k3_6tj58k39db1r0000gn/T/tmpfu3ewckz')
FAILED tests/unit/test_path_resolver.py::TestPathResolver::test_resolve_project_root_without_git - AssertionError: assert PosixPath('/private/var/folders/75/prgjl4_x0k3_6tj58k39db1r0000gn/T/tmpz0c_wb6_/test') == PosixPath('/var/folders/75/prgjl4_x0k3_6tj58k39db1r0000gn/T/tmpz0c_wb6_/test')
FAILED tests/unit/test_path_resolver.py::TestPathResolver::test_resolve_project_root_from_various_depths - AssertionError: Failed from depth: /var/folders/75/prgjl4_x0k3_6tj58k39db1r0000gn/T/tmpljyr2lci
assert PosixPath('/private/var/folders/75/prgjl4_x0k3_6tj58k39db1r0000gn/T/tmpljyr2lci') == PosixPath('/var/folders/75/prgjl4_x0k3_6tj58k39db1r0000gn/T/tmpljyr2lci')
FAILED tests/unit/test_path_resolver.py::TestPathResolver::test_get_settings_path - AssertionError: assert PosixPath('/private/var/folders/75/prgjl4_x0k3_6tj58k39db1r0000gn/T/tmpqb1f32gx/.claude/settings.json') == PosixPath('/var/folders/75/prgjl4_x0k3_6tj58k39db1r0000gn/T/tmpqb1f32gx/.claude/settings.json')
FAILED tests/unit/test_path_resolver.py::TestPathResolver::test_get_settings_path_from_nested - AssertionError: assert PosixPath('/private/var/folders/75/prgjl4_x0k3_6tj58k39db1r0000gn/T/tmpdk5fixuy/.claude/settings.json') == PosixPath('/var/folders/75/prgjl4_x0k3_6tj58k39db1r0000gn/T/tmpdk5fixuy/.claude/settings.json')
FAILED tests/unit/test_path_resolver.py::TestPathResolver::test_get_metrics_dir - AssertionError: assert PosixPath('/private/var/folders/75/prgjl4_x0k3_6tj58k39db1r0000gn/T/tmpofne567u/docs/state/metrics') == PosixPath('/var/folders/75/prgjl4_x0k3_6tj58k39db1r0000gn/T/tmpofne567u/docs/state/metrics')
FAILED tests/unit/test_path_resolver.py::TestPathResolver::test_get_metrics_dir_from_nested - AssertionError: assert PosixPath('/private/var/folders/75/prgjl4_x0k3_6tj58k39db1r0000gn/T/tmpytoc_4uo/docs/state/metrics') == PosixPath('/var/folders/75/prgjl4_x0k3_6tj58k39db1r0000gn/T/tmpytoc_4uo/docs/state/metrics')
FAILED tests/unit/test_path_resolver.py::TestPathResolver::test_get_metrics_file_default - AssertionError: assert PosixPath('/private/var/folders/75/prgjl4_x0k3_6tj58k39db1r0000gn/T/tmpwxihl35t/docs/state/metrics/plan_review_metrics.jsonl') == PosixPath('/var/folders/75/prgjl4_x0k3_6tj58k39db1r0000gn/T/tmpwxihl35t/docs/state/metrics/plan_review_metrics.jsonl')
FAILED tests/unit/test_path_resolver.py::TestPathResolver::test_get_metrics_file_custom_filename - AssertionError: assert PosixPath('/private/var/folders/75/prgjl4_x0k3_6tj58k39db1r0000gn/T/tmpvvedhkta/docs/state/metrics/custom_metrics.jsonl') == PosixPath('/var/folders/75/prgjl4_x0k3_6tj58k39db1r0000gn/T/tmpvvedhkta/docs/state/metrics/custom_metrics.jsonl')
FAILED tests/integration/test_config_metrics_integration.py::TestConfigMetricsIntegration::test_metrics_survive_config_reload - TypeError: unsupported format string passed to NoneType.__format__
================= 16 failed, 312 passed, 352 warnings in 1.72s =================
