============================= test session starts ==============================
platform darwin -- Python 3.11.9, pytest-8.4.2, pluggy-1.6.0 -- /opt/homebrew/opt/python@3.11/bin/python3.11
cachedir: .pytest_cache
rootdir: /Users/richardwoollcott/Projects/appmilla_github/ai-engineer
configfile: pytest.ini
plugins: mock-3.15.1, anyio-4.11.0, cov-7.0.0
collecting ... collected 1265 items / 4 errors

==================================== ERRORS ====================================
____ ERROR collecting tests/integration/test_config_metrics_integration.py _____
ImportError while importing test module '/Users/richardwoollcott/Projects/appmilla_github/ai-engineer/tests/integration/test_config_metrics_integration.py'.
Hint: make sure your test modules/packages have valid Python names.
Traceback:
/opt/homebrew/lib/python3.11/site-packages/_pytest/python.py:498: in importtestmodule
    mod = import_path(
/opt/homebrew/lib/python3.11/site-packages/_pytest/pathlib.py:587: in import_path
    importlib.import_module(module_name)
/opt/homebrew/Cellar/python@3.11/3.11.9_1/Frameworks/Python.framework/Versions/3.11/lib/python3.11/importlib/__init__.py:126: in import_module
    return _bootstrap._gcd_import(name[level:], package, level)
           ^^^^^^^^^^^^^^^^^^^^^^^^^^^^^^^^^^^^^^^^^^^^^^^^^^^^
<frozen importlib._bootstrap>:1204: in _gcd_import
    ???
<frozen importlib._bootstrap>:1176: in _find_and_load
    ???
<frozen importlib._bootstrap>:1147: in _find_and_load_unlocked
    ???
<frozen importlib._bootstrap>:690: in _load_unlocked
    ???
/opt/homebrew/lib/python3.11/site-packages/_pytest/assertion/rewrite.py:186: in exec_module
    exec(co, module.__dict__)
tests/integration/test_config_metrics_integration.py:10: in <module>
    from metrics import PlanReviewMetrics, PlanReviewDashboard
E   ImportError: cannot import name 'PlanReviewMetrics' from 'metrics' (/Users/richardwoollcott/Projects/appmilla_github/ai-engineer/installer/global/commands/lib/metrics/__init__.py)
_____________ ERROR collecting tests/unit/test_metrics_storage.py ______________
ImportError while importing test module '/Users/richardwoollcott/Projects/appmilla_github/ai-engineer/tests/unit/test_metrics_storage.py'.
Hint: make sure your test modules/packages have valid Python names.
Traceback:
/opt/homebrew/lib/python3.11/site-packages/_pytest/python.py:498: in importtestmodule
    mod = import_path(
/opt/homebrew/lib/python3.11/site-packages/_pytest/pathlib.py:587: in import_path
    importlib.import_module(module_name)
/opt/homebrew/Cellar/python@3.11/3.11.9_1/Frameworks/Python.framework/Versions/3.11/lib/python3.11/importlib/__init__.py:126: in import_module
    return _bootstrap._gcd_import(name[level:], package, level)
           ^^^^^^^^^^^^^^^^^^^^^^^^^^^^^^^^^^^^^^^^^^^^^^^^^^^^
<frozen importlib._bootstrap>:1204: in _gcd_import
    ???
<frozen importlib._bootstrap>:1176: in _find_and_load
    ???
<frozen importlib._bootstrap>:1147: in _find_and_load_unlocked
    ???
<frozen importlib._bootstrap>:690: in _load_unlocked
    ???
/opt/homebrew/lib/python3.11/site-packages/_pytest/assertion/rewrite.py:186: in exec_module
    exec(co, module.__dict__)
tests/unit/test_metrics_storage.py:10: in <module>
    from metrics.metrics_storage import MetricsStorage
E   ModuleNotFoundError: No module named 'metrics.metrics_storage'
__________ ERROR collecting tests/unit/test_plan_review_dashboard.py ___________
ImportError while importing test module '/Users/richardwoollcott/Projects/appmilla_github/ai-engineer/tests/unit/test_plan_review_dashboard.py'.
Hint: make sure your test modules/packages have valid Python names.
Traceback:
/opt/homebrew/lib/python3.11/site-packages/_pytest/python.py:498: in importtestmodule
    mod = import_path(
/opt/homebrew/lib/python3.11/site-packages/_pytest/pathlib.py:587: in import_path
    importlib.import_module(module_name)
/opt/homebrew/Cellar/python@3.11/3.11.9_1/Frameworks/Python.framework/Versions/3.11/lib/python3.11/importlib/__init__.py:126: in import_module
    return _bootstrap._gcd_import(name[level:], package, level)
           ^^^^^^^^^^^^^^^^^^^^^^^^^^^^^^^^^^^^^^^^^^^^^^^^^^^^
<frozen importlib._bootstrap>:1204: in _gcd_import
    ???
<frozen importlib._bootstrap>:1176: in _find_and_load
    ???
<frozen importlib._bootstrap>:1147: in _find_and_load_unlocked
    ???
<frozen importlib._bootstrap>:690: in _load_unlocked
    ???
/opt/homebrew/lib/python3.11/site-packages/_pytest/assertion/rewrite.py:186: in exec_module
    exec(co, module.__dict__)
tests/unit/test_plan_review_dashboard.py:9: in <module>
    from metrics import PlanReviewDashboard
E   ImportError: cannot import name 'PlanReviewDashboard' from 'metrics' (/Users/richardwoollcott/Projects/appmilla_github/ai-engineer/installer/global/commands/lib/metrics/__init__.py)
___________ ERROR collecting tests/unit/test_plan_review_metrics.py ____________
ImportError while importing test module '/Users/richardwoollcott/Projects/appmilla_github/ai-engineer/tests/unit/test_plan_review_metrics.py'.
Hint: make sure your test modules/packages have valid Python names.
Traceback:
/opt/homebrew/lib/python3.11/site-packages/_pytest/python.py:498: in importtestmodule
    mod = import_path(
/opt/homebrew/lib/python3.11/site-packages/_pytest/pathlib.py:587: in import_path
    importlib.import_module(module_name)
/opt/homebrew/Cellar/python@3.11/3.11.9_1/Frameworks/Python.framework/Versions/3.11/lib/python3.11/importlib/__init__.py:126: in import_module
    return _bootstrap._gcd_import(name[level:], package, level)
           ^^^^^^^^^^^^^^^^^^^^^^^^^^^^^^^^^^^^^^^^^^^^^^^^^^^^
<frozen importlib._bootstrap>:1204: in _gcd_import
    ???
<frozen importlib._bootstrap>:1176: in _find_and_load
    ???
<frozen importlib._bootstrap>:1147: in _find_and_load_unlocked
    ???
<frozen importlib._bootstrap>:690: in _load_unlocked
    ???
/opt/homebrew/lib/python3.11/site-packages/_pytest/assertion/rewrite.py:186: in exec_module
    exec(co, module.__dict__)
tests/unit/test_plan_review_metrics.py:9: in <module>
    from metrics import PlanReviewMetrics
E   ImportError: cannot import name 'PlanReviewMetrics' from 'metrics' (/Users/richardwoollcott/Projects/appmilla_github/ai-engineer/installer/global/commands/lib/metrics/__init__.py)
=============================== warnings summary ===============================
tests/test_task_003c_validation.py:25
  /Users/richardwoollcott/Projects/appmilla_github/ai-engineer/tests/test_task_003c_validation.py:25: PytestCollectionWarning: cannot collect test class 'TestStatus' because it has a __init__ constructor (from: tests/test_task_003c_validation.py)
    class TestStatus(Enum):

tests/test_task_003c_validation.py:31
  /Users/richardwoollcott/Projects/appmilla_github/ai-engineer/tests/test_task_003c_validation.py:31: PytestCollectionWarning: cannot collect test class 'TestResult' because it has a __init__ constructor (from: tests/test_task_003c_validation.py)
    @dataclass

tests/test_task_007_documentation_validation.py:31
  /Users/richardwoollcott/Projects/appmilla_github/ai-engineer/tests/test_task_007_documentation_validation.py:31: PytestCollectionWarning: cannot collect test class 'TestResults' because it has a __init__ constructor (from: tests/test_task_007_documentation_validation.py)
    class TestResults:

-- Docs: https://docs.pytest.org/en/stable/how-to/capture-warnings.html
=========================== short test summary info ============================
ERROR tests/integration/test_config_metrics_integration.py
ERROR tests/unit/test_metrics_storage.py
ERROR tests/unit/test_plan_review_dashboard.py
ERROR tests/unit/test_plan_review_metrics.py
!!!!!!!!!!!!!!!!!!! Interrupted: 4 errors during collection !!!!!!!!!!!!!!!!!!!!
======================== 3 warnings, 4 errors in 1.27s =========================
