{"/Users/richardwoollcott/Projects/appmilla_github/ai-engineer/installer/global/utils/icon-converter.ts": {"path":"/Users/richardwoollcott/Projects/appmilla_github/ai-engineer/installer/global/utils/icon-converter.ts","all":false,"statementMap":{"0":{"start":{"line":1,"column":0},"end":{"line":1,"column":3}},"1":{"start":{"line":2,"column":0},"end":{"line":2,"column":22}},"2":{"start":{"line":3,"column":0},"end":{"line":3,"column":2}},"3":{"start":{"line":4,"column":0},"end":{"line":4,"column":96}},"4":{"start":{"line":5,"column":0},"end":{"line":5,"column":82}},"5":{"start":{"line":6,"column":0},"end":{"line":6,"column":2}},"6":{"start":{"line":7,"column":0},"end":{"line":7,"column":25}},"7":{"start":{"line":8,"column":0},"end":{"line":8,"column":17}},"8":{"start":{"line":9,"column":0},"end":{"line":9,"column":3}},"9":{"start":{"line":10,"column":0},"end":{"line":10,"column":0}},"10":{"start":{"line":11,"column":0},"end":{"line":11,"column":3}},"11":{"start":{"line":12,"column":0},"end":{"line":12,"column":38}},"12":{"start":{"line":13,"column":0},"end":{"line":13,"column":3}},"13":{"start":{"line":14,"column":0},"end":{"line":14,"column":39}},"14":{"start":{"line":15,"column":0},"end":{"line":15,"column":19}},"15":{"start":{"line":16,"column":0},"end":{"line":16,"column":23}},"16":{"start":{"line":17,"column":0},"end":{"line":17,"column":25}},"17":{"start":{"line":18,"column":0},"end":{"line":18,"column":22}},"18":{"start":{"line":19,"column":0},"end":{"line":19,"column":24}},"19":{"start":{"line":20,"column":0},"end":{"line":20,"column":28}},"20":{"start":{"line":21,"column":0},"end":{"line":21,"column":17}},"21":{"start":{"line":22,"column":0},"end":{"line":22,"column":22}},"22":{"start":{"line":23,"column":0},"end":{"line":23,"column":1}},"23":{"start":{"line":24,"column":0},"end":{"line":24,"column":0}},"24":{"start":{"line":25,"column":0},"end":{"line":25,"column":3}},"25":{"start":{"line":26,"column":0},"end":{"line":26,"column":35}},"26":{"start":{"line":27,"column":0},"end":{"line":27,"column":3}},"27":{"start":{"line":28,"column":0},"end":{"line":28,"column":39}},"28":{"start":{"line":29,"column":0},"end":{"line":29,"column":19}},"29":{"start":{"line":30,"column":0},"end":{"line":30,"column":20}},"30":{"start":{"line":31,"column":0},"end":{"line":31,"column":21}},"31":{"start":{"line":32,"column":0},"end":{"line":32,"column":17}},"32":{"start":{"line":33,"column":0},"end":{"line":33,"column":1}},"33":{"start":{"line":34,"column":0},"end":{"line":34,"column":0}},"34":{"start":{"line":35,"column":0},"end":{"line":35,"column":3}},"35":{"start":{"line":36,"column":0},"end":{"line":36,"column":41}},"36":{"start":{"line":37,"column":0},"end":{"line":37,"column":46}},"37":{"start":{"line":38,"column":0},"end":{"line":38,"column":3}},"38":{"start":{"line":39,"column":0},"end":{"line":39,"column":41}},"39":{"start":{"line":40,"column":0},"end":{"line":40,"column":5}},"40":{"start":{"line":41,"column":0},"end":{"line":41,"column":64}},"41":{"start":{"line":42,"column":0},"end":{"line":42,"column":5}},"42":{"start":{"line":43,"column":0},"end":{"line":43,"column":52}},"43":{"start":{"line":44,"column":0},"end":{"line":44,"column":0}},"44":{"start":{"line":45,"column":0},"end":{"line":45,"column":5}},"45":{"start":{"line":46,"column":0},"end":{"line":46,"column":45}},"46":{"start":{"line":47,"column":0},"end":{"line":47,"column":5}},"47":{"start":{"line":48,"column":0},"end":{"line":48,"column":30}},"48":{"start":{"line":49,"column":0},"end":{"line":49,"column":1}},"49":{"start":{"line":50,"column":0},"end":{"line":50,"column":0}},"50":{"start":{"line":51,"column":0},"end":{"line":51,"column":3}},"51":{"start":{"line":52,"column":0},"end":{"line":52,"column":34}},"52":{"start":{"line":53,"column":0},"end":{"line":53,"column":81}},"53":{"start":{"line":54,"column":0},"end":{"line":54,"column":3}},"54":{"start":{"line":55,"column":0},"end":{"line":55,"column":76}},"55":{"start":{"line":56,"column":0},"end":{"line":56,"column":50}},"56":{"start":{"line":57,"column":0},"end":{"line":57,"column":50}},"57":{"start":{"line":58,"column":0},"end":{"line":58,"column":61}},"58":{"start":{"line":59,"column":0},"end":{"line":59,"column":0}},"59":{"start":{"line":60,"column":0},"end":{"line":60,"column":5}},"60":{"start":{"line":61,"column":0},"end":{"line":61,"column":66}},"61":{"start":{"line":62,"column":0},"end":{"line":62,"column":5}},"62":{"start":{"line":63,"column":0},"end":{"line":63,"column":53}},"63":{"start":{"line":64,"column":0},"end":{"line":64,"column":65}},"64":{"start":{"line":65,"column":0},"end":{"line":65,"column":65}},"65":{"start":{"line":66,"column":0},"end":{"line":66,"column":14}},"66":{"start":{"line":67,"column":0},"end":{"line":67,"column":23}},"67":{"start":{"line":68,"column":0},"end":{"line":68,"column":18}},"68":{"start":{"line":69,"column":0},"end":{"line":69,"column":127}},"69":{"start":{"line":70,"column":0},"end":{"line":70,"column":8}},"70":{"start":{"line":71,"column":0},"end":{"line":71,"column":5}},"71":{"start":{"line":72,"column":0},"end":{"line":72,"column":0}},"72":{"start":{"line":73,"column":0},"end":{"line":73,"column":12}},"73":{"start":{"line":74,"column":0},"end":{"line":74,"column":20}},"74":{"start":{"line":75,"column":0},"end":{"line":75,"column":16}},"75":{"start":{"line":76,"column":0},"end":{"line":76,"column":64}},"76":{"start":{"line":77,"column":0},"end":{"line":77,"column":6}},"77":{"start":{"line":78,"column":0},"end":{"line":78,"column":3}},"78":{"start":{"line":79,"column":0},"end":{"line":79,"column":0}},"79":{"start":{"line":80,"column":0},"end":{"line":80,"column":31}},"80":{"start":{"line":81,"column":0},"end":{"line":81,"column":56}},"81":{"start":{"line":82,"column":0},"end":{"line":82,"column":3}},"82":{"start":{"line":83,"column":0},"end":{"line":83,"column":1}},"83":{"start":{"line":84,"column":0},"end":{"line":84,"column":0}},"84":{"start":{"line":85,"column":0},"end":{"line":85,"column":3}},"85":{"start":{"line":86,"column":0},"end":{"line":86,"column":62}},"86":{"start":{"line":87,"column":0},"end":{"line":87,"column":51}},"87":{"start":{"line":88,"column":0},"end":{"line":88,"column":3}},"88":{"start":{"line":89,"column":0},"end":{"line":89,"column":30}},"89":{"start":{"line":90,"column":0},"end":{"line":90,"column":44}},"90":{"start":{"line":91,"column":0},"end":{"line":91,"column":0}},"91":{"start":{"line":92,"column":0},"end":{"line":92,"column":5}},"92":{"start":{"line":93,"column":0},"end":{"line":93,"column":34}},"93":{"start":{"line":94,"column":0},"end":{"line":94,"column":82}},"94":{"start":{"line":95,"column":0},"end":{"line":95,"column":5}},"95":{"start":{"line":96,"column":0},"end":{"line":96,"column":86}},"96":{"start":{"line":97,"column":0},"end":{"line":97,"column":31}},"97":{"start":{"line":98,"column":0},"end":{"line":98,"column":3}},"98":{"start":{"line":99,"column":0},"end":{"line":99,"column":0}},"99":{"start":{"line":100,"column":0},"end":{"line":100,"column":5}},"100":{"start":{"line":101,"column":0},"end":{"line":101,"column":72}},"101":{"start":{"line":102,"column":0},"end":{"line":102,"column":4}},"102":{"start":{"line":103,"column":0},"end":{"line":103,"column":29}},"103":{"start":{"line":104,"column":0},"end":{"line":104,"column":40}},"104":{"start":{"line":105,"column":0},"end":{"line":105,"column":40}},"105":{"start":{"line":106,"column":0},"end":{"line":106,"column":29}},"106":{"start":{"line":107,"column":0},"end":{"line":107,"column":26}},"107":{"start":{"line":108,"column":0},"end":{"line":108,"column":41}},"108":{"start":{"line":109,"column":0},"end":{"line":109,"column":21}},"109":{"start":{"line":110,"column":0},"end":{"line":110,"column":4}},"110":{"start":{"line":111,"column":0},"end":{"line":111,"column":56}},"111":{"start":{"line":112,"column":0},"end":{"line":112,"column":56}},"112":{"start":{"line":113,"column":0},"end":{"line":113,"column":4}},"113":{"start":{"line":114,"column":0},"end":{"line":114,"column":13}},"114":{"start":{"line":115,"column":0},"end":{"line":115,"column":18}},"115":{"start":{"line":116,"column":0},"end":{"line":116,"column":43}},"116":{"start":{"line":117,"column":0},"end":{"line":117,"column":48}},"117":{"start":{"line":118,"column":0},"end":{"line":118,"column":26}},"118":{"start":{"line":119,"column":0},"end":{"line":119,"column":52}},"119":{"start":{"line":120,"column":0},"end":{"line":120,"column":52}},"120":{"start":{"line":121,"column":0},"end":{"line":121,"column":6}},"121":{"start":{"line":122,"column":0},"end":{"line":122,"column":8}},"122":{"start":{"line":123,"column":0},"end":{"line":123,"column":5}},"123":{"start":{"line":124,"column":0},"end":{"line":124,"column":51}},"124":{"start":{"line":125,"column":0},"end":{"line":125,"column":34}},"125":{"start":{"line":126,"column":0},"end":{"line":126,"column":0}},"126":{"start":{"line":127,"column":0},"end":{"line":127,"column":22}},"127":{"start":{"line":128,"column":0},"end":{"line":128,"column":43}},"128":{"start":{"line":129,"column":0},"end":{"line":129,"column":0}},"129":{"start":{"line":130,"column":0},"end":{"line":130,"column":26}},"130":{"start":{"line":131,"column":0},"end":{"line":131,"column":14}},"131":{"start":{"line":132,"column":0},"end":{"line":132,"column":23}},"132":{"start":{"line":133,"column":0},"end":{"line":133,"column":31}},"133":{"start":{"line":134,"column":0},"end":{"line":134,"column":43}},"134":{"start":{"line":135,"column":0},"end":{"line":135,"column":8}},"135":{"start":{"line":136,"column":0},"end":{"line":136,"column":5}},"136":{"start":{"line":137,"column":0},"end":{"line":137,"column":0}},"137":{"start":{"line":138,"column":0},"end":{"line":138,"column":9}},"138":{"start":{"line":139,"column":0},"end":{"line":139,"column":46}},"139":{"start":{"line":140,"column":0},"end":{"line":140,"column":59}},"140":{"start":{"line":141,"column":0},"end":{"line":141,"column":0}},"141":{"start":{"line":142,"column":0},"end":{"line":142,"column":31}},"142":{"start":{"line":143,"column":0},"end":{"line":143,"column":16}},"143":{"start":{"line":144,"column":0},"end":{"line":144,"column":25}},"144":{"start":{"line":145,"column":0},"end":{"line":145,"column":33}},"145":{"start":{"line":146,"column":0},"end":{"line":146,"column":72}},"146":{"start":{"line":147,"column":0},"end":{"line":147,"column":10}},"147":{"start":{"line":148,"column":0},"end":{"line":148,"column":7}},"148":{"start":{"line":149,"column":0},"end":{"line":149,"column":0}},"149":{"start":{"line":150,"column":0},"end":{"line":150,"column":28}},"150":{"start":{"line":151,"column":0},"end":{"line":151,"column":66}},"151":{"start":{"line":152,"column":0},"end":{"line":152,"column":0}},"152":{"start":{"line":153,"column":0},"end":{"line":153,"column":38}},"153":{"start":{"line":154,"column":0},"end":{"line":154,"column":79}},"154":{"start":{"line":155,"column":0},"end":{"line":155,"column":7}},"155":{"start":{"line":156,"column":0},"end":{"line":156,"column":0}},"156":{"start":{"line":157,"column":0},"end":{"line":157,"column":34}},"157":{"start":{"line":158,"column":0},"end":{"line":158,"column":55}},"158":{"start":{"line":159,"column":0},"end":{"line":159,"column":59}},"159":{"start":{"line":160,"column":0},"end":{"line":160,"column":58}},"160":{"start":{"line":161,"column":0},"end":{"line":161,"column":0}},"161":{"start":{"line":162,"column":0},"end":{"line":162,"column":14}},"162":{"start":{"line":163,"column":0},"end":{"line":163,"column":22}},"163":{"start":{"line":164,"column":0},"end":{"line":164,"column":31}},"164":{"start":{"line":165,"column":0},"end":{"line":165,"column":35}},"165":{"start":{"line":166,"column":0},"end":{"line":166,"column":19}},"166":{"start":{"line":167,"column":0},"end":{"line":167,"column":21}},"167":{"start":{"line":168,"column":0},"end":{"line":168,"column":36}},"168":{"start":{"line":169,"column":0},"end":{"line":169,"column":60}},"169":{"start":{"line":170,"column":0},"end":{"line":170,"column":8}},"170":{"start":{"line":171,"column":0},"end":{"line":171,"column":21}},"171":{"start":{"line":172,"column":0},"end":{"line":172,"column":14}},"172":{"start":{"line":173,"column":0},"end":{"line":173,"column":23}},"173":{"start":{"line":174,"column":0},"end":{"line":174,"column":31}},"174":{"start":{"line":175,"column":0},"end":{"line":175,"column":69}},"175":{"start":{"line":176,"column":0},"end":{"line":176,"column":8}},"176":{"start":{"line":177,"column":0},"end":{"line":177,"column":5}},"177":{"start":{"line":178,"column":0},"end":{"line":178,"column":3}},"178":{"start":{"line":179,"column":0},"end":{"line":179,"column":0}},"179":{"start":{"line":180,"column":0},"end":{"line":180,"column":5}},"180":{"start":{"line":181,"column":0},"end":{"line":181,"column":64}},"181":{"start":{"line":182,"column":0},"end":{"line":182,"column":4}},"182":{"start":{"line":183,"column":0},"end":{"line":183,"column":39}},"183":{"start":{"line":184,"column":0},"end":{"line":184,"column":57}},"184":{"start":{"line":185,"column":0},"end":{"line":185,"column":5}},"185":{"start":{"line":186,"column":0},"end":{"line":186,"column":58}},"186":{"start":{"line":187,"column":0},"end":{"line":187,"column":51}},"187":{"start":{"line":188,"column":0},"end":{"line":188,"column":68}},"188":{"start":{"line":189,"column":0},"end":{"line":189,"column":48}},"189":{"start":{"line":190,"column":0},"end":{"line":190,"column":46}},"190":{"start":{"line":191,"column":0},"end":{"line":191,"column":5}},"191":{"start":{"line":192,"column":0},"end":{"line":192,"column":0}},"192":{"start":{"line":193,"column":0},"end":{"line":193,"column":50}},"193":{"start":{"line":194,"column":0},"end":{"line":194,"column":71}},"194":{"start":{"line":195,"column":0},"end":{"line":195,"column":54}},"195":{"start":{"line":196,"column":0},"end":{"line":196,"column":49}},"196":{"start":{"line":197,"column":0},"end":{"line":197,"column":5}},"197":{"start":{"line":198,"column":0},"end":{"line":198,"column":0}},"198":{"start":{"line":199,"column":0},"end":{"line":199,"column":47}},"199":{"start":{"line":200,"column":0},"end":{"line":200,"column":65}},"200":{"start":{"line":201,"column":0},"end":{"line":201,"column":48}},"201":{"start":{"line":202,"column":0},"end":{"line":202,"column":46}},"202":{"start":{"line":203,"column":0},"end":{"line":203,"column":5}},"203":{"start":{"line":204,"column":0},"end":{"line":204,"column":0}},"204":{"start":{"line":205,"column":0},"end":{"line":205,"column":80}},"205":{"start":{"line":206,"column":0},"end":{"line":206,"column":58}},"206":{"start":{"line":207,"column":0},"end":{"line":207,"column":65}},"207":{"start":{"line":208,"column":0},"end":{"line":208,"column":44}},"208":{"start":{"line":209,"column":0},"end":{"line":209,"column":38}},"209":{"start":{"line":210,"column":0},"end":{"line":210,"column":64}},"210":{"start":{"line":211,"column":0},"end":{"line":211,"column":36}},"211":{"start":{"line":212,"column":0},"end":{"line":212,"column":36}},"212":{"start":{"line":213,"column":0},"end":{"line":213,"column":7}},"213":{"start":{"line":214,"column":0},"end":{"line":214,"column":5}},"214":{"start":{"line":215,"column":0},"end":{"line":215,"column":0}},"215":{"start":{"line":216,"column":0},"end":{"line":216,"column":39}},"216":{"start":{"line":217,"column":0},"end":{"line":217,"column":51}},"217":{"start":{"line":218,"column":0},"end":{"line":218,"column":42}},"218":{"start":{"line":219,"column":0},"end":{"line":219,"column":43}},"219":{"start":{"line":220,"column":0},"end":{"line":220,"column":5}},"220":{"start":{"line":221,"column":0},"end":{"line":221,"column":0}},"221":{"start":{"line":222,"column":0},"end":{"line":222,"column":44}},"222":{"start":{"line":223,"column":0},"end":{"line":223,"column":32}},"223":{"start":{"line":224,"column":0},"end":{"line":224,"column":45}},"224":{"start":{"line":225,"column":0},"end":{"line":225,"column":5}},"225":{"start":{"line":226,"column":0},"end":{"line":226,"column":0}},"226":{"start":{"line":227,"column":0},"end":{"line":227,"column":16}},"227":{"start":{"line":228,"column":0},"end":{"line":228,"column":3}},"228":{"start":{"line":229,"column":0},"end":{"line":229,"column":0}},"229":{"start":{"line":230,"column":0},"end":{"line":230,"column":5}},"230":{"start":{"line":231,"column":0},"end":{"line":231,"column":46}},"231":{"start":{"line":232,"column":0},"end":{"line":232,"column":4}},"232":{"start":{"line":233,"column":0},"end":{"line":233,"column":42}},"233":{"start":{"line":234,"column":0},"end":{"line":234,"column":35}},"234":{"start":{"line":235,"column":0},"end":{"line":235,"column":5}},"235":{"start":{"line":236,"column":0},"end":{"line":236,"column":52}},"236":{"start":{"line":237,"column":0},"end":{"line":237,"column":57}},"237":{"start":{"line":238,"column":0},"end":{"line":238,"column":28}},"238":{"start":{"line":239,"column":0},"end":{"line":239,"column":3}},"239":{"start":{"line":240,"column":0},"end":{"line":240,"column":0}},"240":{"start":{"line":241,"column":0},"end":{"line":241,"column":5}},"241":{"start":{"line":242,"column":0},"end":{"line":242,"column":44}},"242":{"start":{"line":243,"column":0},"end":{"line":243,"column":4}},"243":{"start":{"line":244,"column":0},"end":{"line":244,"column":42}},"244":{"start":{"line":245,"column":0},"end":{"line":245,"column":31}},"245":{"start":{"line":246,"column":0},"end":{"line":246,"column":5}},"246":{"start":{"line":247,"column":0},"end":{"line":247,"column":54}},"247":{"start":{"line":248,"column":0},"end":{"line":248,"column":74}},"248":{"start":{"line":249,"column":0},"end":{"line":249,"column":27}},"249":{"start":{"line":250,"column":0},"end":{"line":250,"column":3}},"250":{"start":{"line":251,"column":0},"end":{"line":251,"column":0}},"251":{"start":{"line":252,"column":0},"end":{"line":252,"column":5}},"252":{"start":{"line":253,"column":0},"end":{"line":253,"column":49}},"253":{"start":{"line":254,"column":0},"end":{"line":254,"column":5}},"254":{"start":{"line":255,"column":0},"end":{"line":255,"column":31}},"255":{"start":{"line":256,"column":0},"end":{"line":256,"column":46}},"256":{"start":{"line":257,"column":0},"end":{"line":257,"column":3}},"257":{"start":{"line":258,"column":0},"end":{"line":258,"column":1}},"258":{"start":{"line":259,"column":0},"end":{"line":259,"column":0}},"259":{"start":{"line":260,"column":0},"end":{"line":260,"column":3}},"260":{"start":{"line":261,"column":0},"end":{"line":261,"column":58}},"261":{"start":{"line":262,"column":0},"end":{"line":262,"column":46}},"262":{"start":{"line":263,"column":0},"end":{"line":263,"column":2}},"263":{"start":{"line":264,"column":0},"end":{"line":264,"column":53}},"264":{"start":{"line":265,"column":0},"end":{"line":265,"column":57}},"265":{"start":{"line":266,"column":0},"end":{"line":266,"column":2}},"266":{"start":{"line":267,"column":0},"end":{"line":267,"column":11}},"267":{"start":{"line":268,"column":0},"end":{"line":268,"column":16}},"268":{"start":{"line":269,"column":0},"end":{"line":269,"column":55}},"269":{"start":{"line":270,"column":0},"end":{"line":270,"column":49}},"270":{"start":{"line":271,"column":0},"end":{"line":271,"column":6}},"271":{"start":{"line":272,"column":0},"end":{"line":272,"column":3}},"272":{"start":{"line":273,"column":0},"end":{"line":273,"column":79}},"273":{"start":{"line":274,"column":0},"end":{"line":274,"column":40}},"274":{"start":{"line":275,"column":0},"end":{"line":275,"column":45}},"275":{"start":{"line":276,"column":0},"end":{"line":276,"column":78}},"276":{"start":{"line":277,"column":0},"end":{"line":277,"column":1}},"277":{"start":{"line":278,"column":0},"end":{"line":278,"column":0}},"278":{"start":{"line":279,"column":0},"end":{"line":279,"column":3}},"279":{"start":{"line":280,"column":0},"end":{"line":280,"column":45}},"280":{"start":{"line":281,"column":0},"end":{"line":281,"column":2}},"281":{"start":{"line":282,"column":0},"end":{"line":282,"column":54}},"282":{"start":{"line":283,"column":0},"end":{"line":283,"column":64}},"283":{"start":{"line":284,"column":0},"end":{"line":284,"column":2}},"284":{"start":{"line":285,"column":0},"end":{"line":285,"column":11}},"285":{"start":{"line":286,"column":0},"end":{"line":286,"column":16}},"286":{"start":{"line":287,"column":0},"end":{"line":287,"column":42}},"287":{"start":{"line":288,"column":0},"end":{"line":288,"column":35}},"288":{"start":{"line":289,"column":0},"end":{"line":289,"column":6}},"289":{"start":{"line":290,"column":0},"end":{"line":290,"column":3}},"290":{"start":{"line":291,"column":0},"end":{"line":291,"column":64}},"291":{"start":{"line":292,"column":0},"end":{"line":292,"column":40}},"292":{"start":{"line":293,"column":0},"end":{"line":293,"column":43}},"293":{"start":{"line":294,"column":0},"end":{"line":294,"column":72}},"294":{"start":{"line":295,"column":0},"end":{"line":295,"column":1}},"295":{"start":{"line":296,"column":0},"end":{"line":296,"column":0}},"296":{"start":{"line":297,"column":0},"end":{"line":297,"column":3}},"297":{"start":{"line":298,"column":0},"end":{"line":298,"column":43}},"298":{"start":{"line":299,"column":0},"end":{"line":299,"column":2}},"299":{"start":{"line":300,"column":0},"end":{"line":300,"column":54}},"300":{"start":{"line":301,"column":0},"end":{"line":301,"column":62}},"301":{"start":{"line":302,"column":0},"end":{"line":302,"column":2}},"302":{"start":{"line":303,"column":0},"end":{"line":303,"column":11}},"303":{"start":{"line":304,"column":0},"end":{"line":304,"column":16}},"304":{"start":{"line":305,"column":0},"end":{"line":305,"column":46}},"305":{"start":{"line":306,"column":0},"end":{"line":306,"column":35}},"306":{"start":{"line":307,"column":0},"end":{"line":307,"column":6}},"307":{"start":{"line":308,"column":0},"end":{"line":308,"column":3}},"308":{"start":{"line":309,"column":0},"end":{"line":309,"column":66}},"309":{"start":{"line":310,"column":0},"end":{"line":310,"column":40}},"310":{"start":{"line":311,"column":0},"end":{"line":311,"column":43}},"311":{"start":{"line":312,"column":0},"end":{"line":312,"column":76}},"312":{"start":{"line":313,"column":0},"end":{"line":313,"column":1}},"313":{"start":{"line":314,"column":0},"end":{"line":314,"column":0}},"314":{"start":{"line":315,"column":0},"end":{"line":315,"column":3}},"315":{"start":{"line":316,"column":0},"end":{"line":316,"column":37}},"316":{"start":{"line":317,"column":0},"end":{"line":317,"column":2}},"317":{"start":{"line":318,"column":0},"end":{"line":318,"column":41}},"318":{"start":{"line":319,"column":0},"end":{"line":319,"column":39}},"319":{"start":{"line":320,"column":0},"end":{"line":320,"column":2}},"320":{"start":{"line":321,"column":0},"end":{"line":321,"column":11}},"321":{"start":{"line":322,"column":0},"end":{"line":322,"column":16}},"322":{"start":{"line":323,"column":0},"end":{"line":323,"column":54}},"323":{"start":{"line":324,"column":0},"end":{"line":324,"column":39}},"324":{"start":{"line":325,"column":0},"end":{"line":325,"column":30}},"325":{"start":{"line":326,"column":0},"end":{"line":326,"column":26}},"326":{"start":{"line":327,"column":0},"end":{"line":327,"column":69}},"327":{"start":{"line":328,"column":0},"end":{"line":328,"column":6}},"328":{"start":{"line":329,"column":0},"end":{"line":329,"column":6}},"329":{"start":{"line":330,"column":0},"end":{"line":330,"column":6}},"330":{"start":{"line":331,"column":0},"end":{"line":331,"column":3}},"331":{"start":{"line":332,"column":0},"end":{"line":332,"column":75}},"332":{"start":{"line":333,"column":0},"end":{"line":333,"column":40}},"333":{"start":{"line":334,"column":0},"end":{"line":334,"column":54}},"334":{"start":{"line":335,"column":0},"end":{"line":335,"column":1}},"335":{"start":{"line":336,"column":0},"end":{"line":336,"column":0}},"336":{"start":{"line":337,"column":0},"end":{"line":337,"column":3}},"337":{"start":{"line":338,"column":0},"end":{"line":338,"column":44}},"338":{"start":{"line":339,"column":0},"end":{"line":339,"column":2}},"339":{"start":{"line":340,"column":0},"end":{"line":340,"column":42}},"340":{"start":{"line":341,"column":0},"end":{"line":341,"column":29}},"341":{"start":{"line":342,"column":0},"end":{"line":342,"column":2}},"342":{"start":{"line":343,"column":0},"end":{"line":343,"column":11}},"343":{"start":{"line":344,"column":0},"end":{"line":344,"column":16}},"344":{"start":{"line":345,"column":0},"end":{"line":345,"column":47}},"345":{"start":{"line":346,"column":0},"end":{"line":346,"column":39}},"346":{"start":{"line":347,"column":0},"end":{"line":347,"column":6}},"347":{"start":{"line":348,"column":0},"end":{"line":348,"column":3}},"348":{"start":{"line":349,"column":0},"end":{"line":349,"column":74}},"349":{"start":{"line":350,"column":0},"end":{"line":350,"column":40}},"350":{"start":{"line":351,"column":0},"end":{"line":351,"column":53}},"351":{"start":{"line":352,"column":0},"end":{"line":352,"column":0}},"352":{"start":{"line":353,"column":0},"end":{"line":353,"column":34}},"353":{"start":{"line":354,"column":0},"end":{"line":354,"column":12}},"354":{"start":{"line":355,"column":0},"end":{"line":355,"column":21}},"355":{"start":{"line":356,"column":0},"end":{"line":356,"column":35}},"356":{"start":{"line":357,"column":0},"end":{"line":357,"column":6}},"357":{"start":{"line":358,"column":0},"end":{"line":358,"column":3}},"358":{"start":{"line":359,"column":0},"end":{"line":359,"column":0}},"359":{"start":{"line":360,"column":0},"end":{"line":360,"column":10}},"360":{"start":{"line":361,"column":0},"end":{"line":361,"column":18}},"361":{"start":{"line":362,"column":0},"end":{"line":362,"column":49}},"362":{"start":{"line":363,"column":0},"end":{"line":363,"column":82}},"363":{"start":{"line":364,"column":0},"end":{"line":364,"column":4}},"364":{"start":{"line":365,"column":0},"end":{"line":365,"column":1}},"365":{"start":{"line":366,"column":0},"end":{"line":366,"column":0}},"366":{"start":{"line":367,"column":0},"end":{"line":367,"column":17}},"367":{"start":{"line":368,"column":0},"end":{"line":368,"column":16}},"368":{"start":{"line":369,"column":0},"end":{"line":369,"column":18}},"369":{"start":{"line":370,"column":0},"end":{"line":370,"column":30}},"370":{"start":{"line":371,"column":0},"end":{"line":371,"column":29}},"371":{"start":{"line":372,"column":0},"end":{"line":372,"column":16}},"372":{"start":{"line":373,"column":0},"end":{"line":373,"column":18}},"373":{"start":{"line":374,"column":0},"end":{"line":374,"column":15}},"374":{"start":{"line":375,"column":0},"end":{"line":375,"column":18}},"375":{"start":{"line":376,"column":0},"end":{"line":376,"column":2}}},"s":{"0":1,"1":1,"2":1,"3":1,"4":1,"5":1,"6":1,"7":1,"8":1,"9":1,"10":1,"11":1,"12":1,"13":1,"14":1,"15":1,"16":1,"17":1,"18":1,"19":1,"20":1,"21":1,"22":1,"23":1,"24":1,"25":1,"26":1,"27":1,"28":1,"29":1,"30":1,"31":1,"32":1,"33":1,"34":1,"35":1,"36":1,"37":1,"38":1,"39":1,"40":1,"41":1,"42":1,"43":1,"44":1,"45":1,"46":1,"47":1,"48":1,"49":1,"50":1,"51":1,"52":1,"53":1,"54":1,"55":1,"56":1,"57":1,"58":1,"59":1,"60":1,"61":1,"62":1,"63":143,"64":143,"65":7,"66":7,"67":7,"68":7,"69":7,"70":7,"71":136,"72":136,"73":136,"74":136,"75":136,"76":136,"77":143,"78":1,"79":1,"80":1,"81":1,"82":1,"83":1,"84":1,"85":1,"86":1,"87":1,"88":1,"89":48,"90":48,"91":48,"92":48,"93":48,"94":48,"95":48,"96":48,"97":48,"98":48,"99":48,"100":48,"101":48,"102":48,"103":48,"104":48,"105":48,"106":48,"107":48,"108":48,"109":48,"110":48,"111":48,"112":48,"113":48,"114":48,"115":48,"116":48,"117":48,"118":48,"119":48,"120":48,"121":48,"122":48,"123":48,"124":149,"125":149,"126":149,"127":149,"128":149,"129":149,"130":2,"131":2,"132":2,"133":2,"134":2,"135":2,"136":147,"137":147,"138":147,"139":147,"140":147,"141":149,"142":8,"143":8,"144":8,"145":8,"146":8,"147":8,"148":139,"149":139,"150":139,"151":139,"152":149,"153":5,"154":5,"155":139,"156":139,"157":139,"158":139,"159":139,"160":139,"161":139,"162":139,"163":139,"164":139,"165":139,"166":139,"167":139,"168":149,"169":149,"170":149,"171":0,"172":0,"173":0,"174":0,"175":0,"176":0,"177":149,"178":48,"179":48,"180":48,"181":48,"182":48,"183":48,"184":48,"185":48,"186":147,"187":147,"188":147,"189":132,"190":132,"191":15,"192":15,"193":15,"194":147,"195":1,"196":1,"197":14,"198":14,"199":14,"200":147,"201":1,"202":1,"203":13,"204":13,"205":13,"206":13,"207":147,"208":4,"209":4,"210":4,"211":3,"212":3,"213":4,"214":10,"215":10,"216":10,"217":147,"218":1,"219":1,"220":9,"221":9,"222":147,"223":1,"224":1,"225":8,"226":8,"227":147,"228":48,"229":48,"230":48,"231":48,"232":48,"233":48,"234":48,"235":48,"236":139,"237":139,"238":139,"239":48,"240":48,"241":48,"242":48,"243":48,"244":48,"245":48,"246":48,"247":139,"248":139,"249":139,"250":48,"251":48,"252":48,"253":48,"254":48,"255":1,"256":1,"257":48,"258":1,"259":1,"260":1,"261":1,"262":1,"263":1,"264":1,"265":1,"266":1,"267":1,"268":1,"269":1,"270":1,"271":1,"272":1,"273":2,"274":2,"275":2,"276":2,"277":1,"278":1,"279":1,"280":1,"281":1,"282":1,"283":1,"284":1,"285":1,"286":1,"287":1,"288":1,"289":1,"290":1,"291":3,"292":3,"293":3,"294":3,"295":1,"296":1,"297":1,"298":1,"299":1,"300":1,"301":1,"302":1,"303":1,"304":1,"305":1,"306":1,"307":1,"308":1,"309":3,"310":3,"311":3,"312":3,"313":1,"314":1,"315":1,"316":1,"317":1,"318":1,"319":1,"320":1,"321":1,"322":1,"323":1,"324":1,"325":1,"326":1,"327":1,"328":1,"329":1,"330":1,"331":1,"332":2,"333":2,"334":2,"335":1,"336":1,"337":1,"338":1,"339":1,"340":1,"341":1,"342":1,"343":1,"344":1,"345":1,"346":1,"347":1,"348":1,"349":2,"350":2,"351":2,"352":2,"353":1,"354":1,"355":1,"356":1,"357":1,"358":1,"359":1,"360":1,"361":1,"362":2,"363":2,"364":2,"365":1,"366":1,"367":1,"368":1,"369":1,"370":1,"371":1,"372":1,"373":1,"374":1,"375":1},"branchMap":{"0":{"type":"branch","line":58,"loc":{"start":{"line":58,"column":2},"end":{"line":58,"column":61}},"locations":[{"start":{"line":58,"column":2},"end":{"line":58,"column":61}}]},"1":{"type":"branch","line":63,"loc":{"start":{"line":63,"column":2},"end":{"line":78,"column":3}},"locations":[{"start":{"line":63,"column":2},"end":{"line":78,"column":3}}]},"2":{"type":"branch","line":64,"loc":{"start":{"line":64,"column":48},"end":{"line":65,"column":64}},"locations":[{"start":{"line":64,"column":48},"end":{"line":65,"column":64}}]},"3":{"type":"branch","line":65,"loc":{"start":{"line":65,"column":64},"end":{"line":71,"column":5}},"locations":[{"start":{"line":65,"column":64},"end":{"line":71,"column":5}}]},"4":{"type":"branch","line":71,"loc":{"start":{"line":71,"column":4},"end":{"line":77,"column":6}},"locations":[{"start":{"line":71,"column":4},"end":{"line":77,"column":6}}]},"5":{"type":"branch","line":80,"loc":{"start":{"line":80,"column":2},"end":{"line":82,"column":3}},"locations":[{"start":{"line":80,"column":2},"end":{"line":82,"column":3}}]},"6":{"type":"branch","line":89,"loc":{"start":{"line":89,"column":7},"end":{"line":258,"column":1}},"locations":[{"start":{"line":89,"column":7},"end":{"line":258,"column":1}}]},"7":{"type":"branch","line":96,"loc":{"start":{"line":96,"column":2},"end":{"line":98,"column":3}},"locations":[{"start":{"line":96,"column":2},"end":{"line":98,"column":3}}]},"8":{"type":"branch","line":124,"loc":{"start":{"line":124,"column":2},"end":{"line":178,"column":3}},"locations":[{"start":{"line":124,"column":2},"end":{"line":178,"column":3}}]},"9":{"type":"branch","line":130,"loc":{"start":{"line":130,"column":25},"end":{"line":136,"column":5}},"locations":[{"start":{"line":130,"column":25},"end":{"line":136,"column":5}}]},"10":{"type":"branch","line":136,"loc":{"start":{"line":136,"column":4},"end":{"line":142,"column":30}},"locations":[{"start":{"line":136,"column":4},"end":{"line":142,"column":30}}]},"11":{"type":"branch","line":142,"loc":{"start":{"line":142,"column":30},"end":{"line":148,"column":7}},"locations":[{"start":{"line":142,"column":30},"end":{"line":148,"column":7}}]},"12":{"type":"branch","line":148,"loc":{"start":{"line":148,"column":6},"end":{"line":153,"column":37}},"locations":[{"start":{"line":148,"column":6},"end":{"line":153,"column":37}}]},"13":{"type":"branch","line":153,"loc":{"start":{"line":153,"column":37},"end":{"line":155,"column":7}},"locations":[{"start":{"line":153,"column":37},"end":{"line":155,"column":7}}]},"14":{"type":"branch","line":154,"loc":{"start":{"line":154,"column":39},"end":{"line":154,"column":77}},"locations":[{"start":{"line":154,"column":39},"end":{"line":154,"column":77}}]},"15":{"type":"branch","line":155,"loc":{"start":{"line":155,"column":6},"end":{"line":169,"column":40}},"locations":[{"start":{"line":155,"column":6},"end":{"line":169,"column":40}}]},"16":{"type":"branch","line":169,"loc":{"start":{"line":169,"column":36},"end":{"line":169,"column":51}},"locations":[{"start":{"line":169,"column":36},"end":{"line":169,"column":51}}]},"17":{"type":"branch","line":169,"loc":{"start":{"line":169,"column":40},"end":{"line":169,"column":60}},"locations":[{"start":{"line":169,"column":40},"end":{"line":169,"column":60}}]},"18":{"type":"branch","line":171,"loc":{"start":{"line":171,"column":4},"end":{"line":177,"column":5}},"locations":[{"start":{"line":171,"column":4},"end":{"line":177,"column":5}}]},"19":{"type":"branch","line":186,"loc":{"start":{"line":186,"column":10},"end":{"line":228,"column":3}},"locations":[{"start":{"line":186,"column":10},"end":{"line":228,"column":3}}]},"20":{"type":"branch","line":189,"loc":{"start":{"line":189,"column":8},"end":{"line":189,"column":47}},"locations":[{"start":{"line":189,"column":8},"end":{"line":189,"column":47}}]},"21":{"type":"branch","line":189,"loc":{"start":{"line":189,"column":47},"end":{"line":191,"column":5}},"locations":[{"start":{"line":189,"column":47},"end":{"line":191,"column":5}}]},"22":{"type":"branch","line":191,"loc":{"start":{"line":191,"column":4},"end":{"line":195,"column":30}},"locations":[{"start":{"line":191,"column":4},"end":{"line":195,"column":30}}]},"23":{"type":"branch","line":195,"loc":{"start":{"line":195,"column":8},"end":{"line":195,"column":53}},"locations":[{"start":{"line":195,"column":8},"end":{"line":195,"column":53}}]},"24":{"type":"branch","line":195,"loc":{"start":{"line":195,"column":53},"end":{"line":197,"column":5}},"locations":[{"start":{"line":195,"column":53},"end":{"line":197,"column":5}}]},"25":{"type":"branch","line":197,"loc":{"start":{"line":197,"column":4},"end":{"line":201,"column":27}},"locations":[{"start":{"line":197,"column":4},"end":{"line":201,"column":27}}]},"26":{"type":"branch","line":201,"loc":{"start":{"line":201,"column":8},"end":{"line":201,"column":47}},"locations":[{"start":{"line":201,"column":8},"end":{"line":201,"column":47}}]},"27":{"type":"branch","line":201,"loc":{"start":{"line":201,"column":47},"end":{"line":203,"column":5}},"locations":[{"start":{"line":201,"column":47},"end":{"line":203,"column":5}}]},"28":{"type":"branch","line":203,"loc":{"start":{"line":203,"column":4},"end":{"line":208,"column":25}},"locations":[{"start":{"line":203,"column":4},"end":{"line":208,"column":25}}]},"29":{"type":"branch","line":208,"loc":{"start":{"line":208,"column":8},"end":{"line":208,"column":43}},"locations":[{"start":{"line":208,"column":8},"end":{"line":208,"column":43}}]},"30":{"type":"branch","line":208,"loc":{"start":{"line":208,"column":43},"end":{"line":214,"column":5}},"locations":[{"start":{"line":208,"column":43},"end":{"line":214,"column":5}}]},"31":{"type":"branch","line":211,"loc":{"start":{"line":211,"column":35},"end":{"line":213,"column":7}},"locations":[{"start":{"line":211,"column":35},"end":{"line":213,"column":7}}]},"32":{"type":"branch","line":214,"loc":{"start":{"line":214,"column":4},"end":{"line":218,"column":24}},"locations":[{"start":{"line":214,"column":4},"end":{"line":218,"column":24}}]},"33":{"type":"branch","line":218,"loc":{"start":{"line":218,"column":8},"end":{"line":218,"column":41}},"locations":[{"start":{"line":218,"column":8},"end":{"line":218,"column":41}}]},"34":{"type":"branch","line":218,"loc":{"start":{"line":218,"column":41},"end":{"line":220,"column":5}},"locations":[{"start":{"line":218,"column":41},"end":{"line":220,"column":5}}]},"35":{"type":"branch","line":220,"loc":{"start":{"line":220,"column":4},"end":{"line":223,"column":31}},"locations":[{"start":{"line":220,"column":4},"end":{"line":223,"column":31}}]},"36":{"type":"branch","line":223,"loc":{"start":{"line":223,"column":31},"end":{"line":225,"column":5}},"locations":[{"start":{"line":223,"column":31},"end":{"line":225,"column":5}}]},"37":{"type":"branch","line":224,"loc":{"start":{"line":224,"column":35},"end":{"line":224,"column":45}},"locations":[{"start":{"line":224,"column":35},"end":{"line":224,"column":45}}]},"38":{"type":"branch","line":225,"loc":{"start":{"line":225,"column":4},"end":{"line":227,"column":16}},"locations":[{"start":{"line":225,"column":4},"end":{"line":227,"column":16}}]},"39":{"type":"branch","line":236,"loc":{"start":{"line":236,"column":10},"end":{"line":239,"column":3}},"locations":[{"start":{"line":236,"column":10},"end":{"line":239,"column":3}}]},"40":{"type":"branch","line":247,"loc":{"start":{"line":247,"column":10},"end":{"line":250,"column":3}},"locations":[{"start":{"line":247,"column":10},"end":{"line":250,"column":3}}]},"41":{"type":"branch","line":255,"loc":{"start":{"line":255,"column":2},"end":{"line":257,"column":3}},"locations":[{"start":{"line":255,"column":2},"end":{"line":257,"column":3}}]},"42":{"type":"branch","line":273,"loc":{"start":{"line":273,"column":7},"end":{"line":277,"column":1}},"locations":[{"start":{"line":273,"column":7},"end":{"line":277,"column":1}}]},"43":{"type":"branch","line":276,"loc":{"start":{"line":276,"column":16},"end":{"line":276,"column":50}},"locations":[{"start":{"line":276,"column":16},"end":{"line":276,"column":50}}]},"44":{"type":"branch","line":276,"loc":{"start":{"line":276,"column":34},"end":{"line":276,"column":73}},"locations":[{"start":{"line":276,"column":34},"end":{"line":276,"column":73}}]},"45":{"type":"branch","line":276,"loc":{"start":{"line":276,"column":57},"end":{"line":276,"column":78}},"locations":[{"start":{"line":276,"column":57},"end":{"line":276,"column":78}}]},"46":{"type":"branch","line":291,"loc":{"start":{"line":291,"column":7},"end":{"line":295,"column":1}},"locations":[{"start":{"line":291,"column":7},"end":{"line":295,"column":1}}]},"47":{"type":"branch","line":294,"loc":{"start":{"line":294,"column":16},"end":{"line":294,"column":47}},"locations":[{"start":{"line":294,"column":16},"end":{"line":294,"column":47}}]},"48":{"type":"branch","line":294,"loc":{"start":{"line":294,"column":34},"end":{"line":294,"column":67}},"locations":[{"start":{"line":294,"column":34},"end":{"line":294,"column":67}}]},"49":{"type":"branch","line":294,"loc":{"start":{"line":294,"column":54},"end":{"line":294,"column":72}},"locations":[{"start":{"line":294,"column":54},"end":{"line":294,"column":72}}]},"50":{"type":"branch","line":309,"loc":{"start":{"line":309,"column":7},"end":{"line":313,"column":1}},"locations":[{"start":{"line":309,"column":7},"end":{"line":313,"column":1}}]},"51":{"type":"branch","line":312,"loc":{"start":{"line":312,"column":16},"end":{"line":312,"column":49}},"locations":[{"start":{"line":312,"column":16},"end":{"line":312,"column":49}}]},"52":{"type":"branch","line":312,"loc":{"start":{"line":312,"column":34},"end":{"line":312,"column":71}},"locations":[{"start":{"line":312,"column":34},"end":{"line":312,"column":71}}]},"53":{"type":"branch","line":312,"loc":{"start":{"line":312,"column":56},"end":{"line":312,"column":76}},"locations":[{"start":{"line":312,"column":56},"end":{"line":312,"column":76}}]},"54":{"type":"branch","line":332,"loc":{"start":{"line":332,"column":7},"end":{"line":335,"column":1}},"locations":[{"start":{"line":332,"column":7},"end":{"line":335,"column":1}}]},"55":{"type":"branch","line":334,"loc":{"start":{"line":334,"column":23},"end":{"line":334,"column":52}},"locations":[{"start":{"line":334,"column":23},"end":{"line":334,"column":52}}]},"56":{"type":"branch","line":349,"loc":{"start":{"line":349,"column":7},"end":{"line":365,"column":1}},"locations":[{"start":{"line":349,"column":7},"end":{"line":365,"column":1}}]},"57":{"type":"branch","line":353,"loc":{"start":{"line":353,"column":33},"end":{"line":363,"column":63}},"locations":[{"start":{"line":353,"column":33},"end":{"line":363,"column":63}}]}},"b":{"0":[1],"1":[143],"2":[138],"3":[7],"4":[136],"5":[1],"6":[48],"7":[48],"8":[149],"9":[2],"10":[147],"11":[8],"12":[139],"13":[5],"14":[0],"15":[139],"16":[5],"17":[134],"18":[0],"19":[147],"20":[132],"21":[132],"22":[15],"23":[1],"24":[1],"25":[14],"26":[1],"27":[1],"28":[13],"29":[4],"30":[4],"31":[3],"32":[10],"33":[1],"34":[1],"35":[9],"36":[1],"37":[0],"38":[8],"39":[139],"40":[139],"41":[1],"42":[2],"43":[1],"44":[1],"45":[1],"46":[3],"47":[2],"48":[2],"49":[1],"50":[3],"51":[2],"52":[2],"53":[1],"54":[2],"55":[103],"56":[2],"57":[1]},"fnMap":{"0":{"name":"<static_initializer>","decl":{"start":{"line":58,"column":2},"end":{"line":58,"column":61}},"loc":{"start":{"line":58,"column":2},"end":{"line":58,"column":61}},"line":58},"1":{"name":"validate","decl":{"start":{"line":63,"column":2},"end":{"line":78,"column":3}},"loc":{"start":{"line":63,"column":2},"end":{"line":78,"column":3}},"line":63},"2":{"name":"getFontFamilyName","decl":{"start":{"line":80,"column":2},"end":{"line":82,"column":3}},"loc":{"start":{"line":80,"column":2},"end":{"line":82,"column":3}},"line":80},"3":{"name":"<instance_members_initializer>","decl":{"start":{"line":89,"column":7},"end":{"line":258,"column":1}},"loc":{"start":{"line":89,"column":7},"end":{"line":258,"column":1}},"line":89},"4":{"name":"IconCodeAdapter","decl":{"start":{"line":96,"column":2},"end":{"line":98,"column":3}},"loc":{"start":{"line":96,"column":2},"end":{"line":98,"column":3}},"line":96},"5":{"name":"convert","decl":{"start":{"line":124,"column":2},"end":{"line":178,"column":3}},"loc":{"start":{"line":124,"column":2},"end":{"line":178,"column":3}},"line":124},"6":{"name":"parseIconCode","decl":{"start":{"line":186,"column":10},"end":{"line":228,"column":3}},"loc":{"start":{"line":186,"column":10},"end":{"line":228,"column":3}},"line":186},"7":{"name":"formatForXaml","decl":{"start":{"line":236,"column":10},"end":{"line":239,"column":3}},"loc":{"start":{"line":236,"column":10},"end":{"line":239,"column":3}},"line":236},"8":{"name":"formatForCSharp","decl":{"start":{"line":247,"column":10},"end":{"line":250,"column":3}},"loc":{"start":{"line":247,"column":10},"end":{"line":250,"column":3}},"line":247},"9":{"name":"getFontFamilyName","decl":{"start":{"line":255,"column":2},"end":{"line":257,"column":3}},"loc":{"start":{"line":255,"column":2},"end":{"line":257,"column":3}},"line":255},"10":{"name":"convertHtmlEntityToUnicode","decl":{"start":{"line":273,"column":7},"end":{"line":277,"column":1}},"loc":{"start":{"line":273,"column":7},"end":{"line":277,"column":1}},"line":273},"11":{"name":"formatForXaml","decl":{"start":{"line":291,"column":7},"end":{"line":295,"column":1}},"loc":{"start":{"line":291,"column":7},"end":{"line":295,"column":1}},"line":291},"12":{"name":"formatForCSharp","decl":{"start":{"line":309,"column":7},"end":{"line":313,"column":1}},"loc":{"start":{"line":309,"column":7},"end":{"line":313,"column":1}},"line":309},"13":{"name":"batchConvert","decl":{"start":{"line":332,"column":7},"end":{"line":335,"column":1}},"loc":{"start":{"line":332,"column":7},"end":{"line":335,"column":1}},"line":332},"14":{"name":"validateIconCode","decl":{"start":{"line":349,"column":7},"end":{"line":365,"column":1}},"loc":{"start":{"line":349,"column":7},"end":{"line":365,"column":1}},"line":349}},"f":{"0":1,"1":143,"2":1,"3":48,"4":48,"5":149,"6":147,"7":139,"8":139,"9":1,"10":2,"11":3,"12":3,"13":2,"14":2}}
}
