TN:
SF:installer/global/utils/icon-converter.ts
FN:58,<static_initializer>
FN:63,validate
FN:80,getFontFamilyName
FN:89,<instance_members_initializer>
FN:96,IconCodeAdapter
FN:124,convert
FN:186,parseIconCode
FN:236,formatForXaml
FN:247,formatForCSharp
FN:255,getFontFamilyName
FN:273,convertHtmlEntityToUnicode
FN:291,formatForXaml
FN:309,formatForCSharp
FN:332,batchConvert
FN:349,validateIconCode
FNF:15
FNH:15
FNDA:1,<static_initializer>
FNDA:143,validate
FNDA:1,getFontFamilyName
FNDA:48,<instance_members_initializer>
FNDA:48,IconCodeAdapter
FNDA:149,convert
FNDA:147,parseIconCode
FNDA:139,formatForXaml
FNDA:139,formatForCSharp
FNDA:1,getFontFamilyName
FNDA:2,convertHtmlEntityToUnicode
FNDA:3,formatForXaml
FNDA:3,formatForCSharp
FNDA:2,batchConvert
FNDA:2,validateIconCode
DA:1,1
DA:2,1
DA:3,1
DA:4,1
DA:5,1
DA:6,1
DA:7,1
DA:8,1
DA:9,1
DA:10,1
DA:11,1
DA:12,1
DA:13,1
DA:14,1
DA:15,1
DA:16,1
DA:17,1
DA:18,1
DA:19,1
DA:20,1
DA:21,1
DA:22,1
DA:23,1
DA:24,1
DA:25,1
DA:26,1
DA:27,1
DA:28,1
DA:29,1
DA:30,1
DA:31,1
DA:32,1
DA:33,1
DA:34,1
DA:35,1
DA:36,1
DA:37,1
DA:38,1
DA:39,1
DA:40,1
DA:41,1
DA:42,1
DA:43,1
DA:44,1
DA:45,1
DA:46,1
DA:47,1
DA:48,1
DA:49,1
DA:50,1
DA:51,1
DA:52,1
DA:53,1
DA:54,1
DA:55,1
DA:56,1
DA:57,1
DA:58,1
DA:59,1
DA:60,1
DA:61,1
DA:62,1
DA:63,1
DA:64,143
DA:65,143
DA:66,7
DA:67,7
DA:68,7
DA:69,7
DA:70,7
DA:71,7
DA:72,136
DA:73,136
DA:74,136
DA:75,136
DA:76,136
DA:77,136
DA:78,143
DA:79,1
DA:80,1
DA:81,1
DA:82,1
DA:83,1
DA:84,1
DA:85,1
DA:86,1
DA:87,1
DA:88,1
DA:89,1
DA:90,48
DA:91,48
DA:92,48
DA:93,48
DA:94,48
DA:95,48
DA:96,48
DA:97,48
DA:98,48
DA:99,48
DA:100,48
DA:101,48
DA:102,48
DA:103,48
DA:104,48
DA:105,48
DA:106,48
DA:107,48
DA:108,48
DA:109,48
DA:110,48
DA:111,48
DA:112,48
DA:113,48
DA:114,48
DA:115,48
DA:116,48
DA:117,48
DA:118,48
DA:119,48
DA:120,48
DA:121,48
DA:122,48
DA:123,48
DA:124,48
DA:125,149
DA:126,149
DA:127,149
DA:128,149
DA:129,149
DA:130,149
DA:131,2
DA:132,2
DA:133,2
DA:134,2
DA:135,2
DA:136,2
DA:137,147
DA:138,147
DA:139,147
DA:140,147
DA:141,147
DA:142,149
DA:143,8
DA:144,8
DA:145,8
DA:146,8
DA:147,8
DA:148,8
DA:149,139
DA:150,139
DA:151,139
DA:152,139
DA:153,149
DA:154,5
DA:155,5
DA:156,139
DA:157,139
DA:158,139
DA:159,139
DA:160,139
DA:161,139
DA:162,139
DA:163,139
DA:164,139
DA:165,139
DA:166,139
DA:167,139
DA:168,139
DA:169,149
DA:170,149
DA:171,149
DA:172,0
DA:173,0
DA:174,0
DA:175,0
DA:176,0
DA:177,0
DA:178,149
DA:179,48
DA:180,48
DA:181,48
DA:182,48
DA:183,48
DA:184,48
DA:185,48
DA:186,48
DA:187,147
DA:188,147
DA:189,147
DA:190,132
DA:191,132
DA:192,15
DA:193,15
DA:194,15
DA:195,147
DA:196,1
DA:197,1
DA:198,14
DA:199,14
DA:200,14
DA:201,147
DA:202,1
DA:203,1
DA:204,13
DA:205,13
DA:206,13
DA:207,13
DA:208,147
DA:209,4
DA:210,4
DA:211,4
DA:212,3
DA:213,3
DA:214,4
DA:215,10
DA:216,10
DA:217,10
DA:218,147
DA:219,1
DA:220,1
DA:221,9
DA:222,9
DA:223,147
DA:224,1
DA:225,1
DA:226,8
DA:227,8
DA:228,147
DA:229,48
DA:230,48
DA:231,48
DA:232,48
DA:233,48
DA:234,48
DA:235,48
DA:236,48
DA:237,139
DA:238,139
DA:239,139
DA:240,48
DA:241,48
DA:242,48
DA:243,48
DA:244,48
DA:245,48
DA:246,48
DA:247,48
DA:248,139
DA:249,139
DA:250,139
DA:251,48
DA:252,48
DA:253,48
DA:254,48
DA:255,48
DA:256,1
DA:257,1
DA:258,48
DA:259,1
DA:260,1
DA:261,1
DA:262,1
DA:263,1
DA:264,1
DA:265,1
DA:266,1
DA:267,1
DA:268,1
DA:269,1
DA:270,1
DA:271,1
DA:272,1
DA:273,1
DA:274,2
DA:275,2
DA:276,2
DA:277,2
DA:278,1
DA:279,1
DA:280,1
DA:281,1
DA:282,1
DA:283,1
DA:284,1
DA:285,1
DA:286,1
DA:287,1
DA:288,1
DA:289,1
DA:290,1
DA:291,1
DA:292,3
DA:293,3
DA:294,3
DA:295,3
DA:296,1
DA:297,1
DA:298,1
DA:299,1
DA:300,1
DA:301,1
DA:302,1
DA:303,1
DA:304,1
DA:305,1
DA:306,1
DA:307,1
DA:308,1
DA:309,1
DA:310,3
DA:311,3
DA:312,3
DA:313,3
DA:314,1
DA:315,1
DA:316,1
DA:317,1
DA:318,1
DA:319,1
DA:320,1
DA:321,1
DA:322,1
DA:323,1
DA:324,1
DA:325,1
DA:326,1
DA:327,1
DA:328,1
DA:329,1
DA:330,1
DA:331,1
DA:332,1
DA:333,2
DA:334,2
DA:335,2
DA:336,1
DA:337,1
DA:338,1
DA:339,1
DA:340,1
DA:341,1
DA:342,1
DA:343,1
DA:344,1
DA:345,1
DA:346,1
DA:347,1
DA:348,1
DA:349,1
DA:350,2
DA:351,2
DA:352,2
DA:353,2
DA:354,1
DA:355,1
DA:356,1
DA:357,1
DA:358,1
DA:359,1
DA:360,1
DA:361,1
DA:362,1
DA:363,2
DA:364,2
DA:365,2
DA:366,1
DA:367,1
DA:368,1
DA:369,1
DA:370,1
DA:371,1
DA:372,1
DA:373,1
DA:374,1
DA:375,1
DA:376,1
LF:376
LH:370
BRDA:58,0,0,1
BRDA:63,1,0,143
BRDA:64,2,0,138
BRDA:65,3,0,7
BRDA:71,4,0,136
BRDA:80,5,0,1
BRDA:89,6,0,48
BRDA:96,7,0,48
BRDA:124,8,0,149
BRDA:130,9,0,2
BRDA:136,10,0,147
BRDA:142,11,0,8
BRDA:148,12,0,139
BRDA:153,13,0,5
BRDA:154,14,0,0
BRDA:155,15,0,139
BRDA:169,16,0,5
BRDA:169,17,0,134
BRDA:171,18,0,0
BRDA:186,19,0,147
BRDA:189,20,0,132
BRDA:189,21,0,132
BRDA:191,22,0,15
BRDA:195,23,0,1
BRDA:195,24,0,1
BRDA:197,25,0,14
BRDA:201,26,0,1
BRDA:201,27,0,1
BRDA:203,28,0,13
BRDA:208,29,0,4
BRDA:208,30,0,4
BRDA:211,31,0,3
BRDA:214,32,0,10
BRDA:218,33,0,1
BRDA:218,34,0,1
BRDA:220,35,0,9
BRDA:223,36,0,1
BRDA:224,37,0,0
BRDA:225,38,0,8
BRDA:236,39,0,139
BRDA:247,40,0,139
BRDA:255,41,0,1
BRDA:273,42,0,2
BRDA:276,43,0,1
BRDA:276,44,0,1
BRDA:276,45,0,1
BRDA:291,46,0,3
BRDA:294,47,0,2
BRDA:294,48,0,2
BRDA:294,49,0,1
BRDA:309,50,0,3
BRDA:312,51,0,2
BRDA:312,52,0,2
BRDA:312,53,0,1
BRDA:332,54,0,2
BRDA:334,55,0,103
BRDA:349,56,0,2
BRDA:353,57,0,1
BRF:58
BRH:55
end_of_record
